{"total": {"lines":{"total":2071,"covered":1576,"skipped":0,"pct":76.1},"statements":{"total":2144,"covered":1626,"skipped":0,"pct":75.84},"functions":{"total":581,"covered":401,"skipped":0,"pct":69.02},"branches":{"total":783,"covered":480,"skipped":0,"pct":61.3}}
,"/home/ivo/projects/bioinfo/cnag/repos/3TR-client/src/index.js": {"lines":{"total":1,"covered":1,"skipped":0,"pct":100},"functions":{"total":0,"covered":0,"skipped":0,"pct":100},"statements":{"total":1,"covered":1,"skipped":0,"pct":100},"branches":{"total":0,"covered":0,"skipped":0,"pct":100}}
,"/home/ivo/projects/bioinfo/cnag/repos/3TR-client/src/__mocks__/fileMock.js": {"lines":{"total":1,"covered":1,"skipped":0,"pct":100},"functions":{"total":0,"covered":0,"skipped":0,"pct":100},"statements":{"total":1,"covered":1,"skipped":0,"pct":100},"branches":{"total":0,"covered":0,"skipped":0,"pct":100}}
,"/home/ivo/projects/bioinfo/cnag/repos/3TR-client/src/code/App.js": {"lines":{"total":11,"covered":8,"skipped":0,"pct":72.73},"functions":{"total":8,"covered":6,"skipped":0,"pct":75},"statements":{"total":11,"covered":8,"skipped":0,"pct":72.73},"branches":{"total":6,"covered":2,"skipped":0,"pct":33.33}}
,"/home/ivo/projects/bioinfo/cnag/repos/3TR-client/src/code/Auth.js": {"lines":{"total":13,"covered":9,"skipped":0,"pct":69.23},"functions":{"total":7,"covered":5,"skipped":0,"pct":71.43},"statements":{"total":14,"covered":9,"skipped":0,"pct":64.29},"branches":{"total":10,"covered":6,"skipped":0,"pct":60}}
,"/home/ivo/projects/bioinfo/cnag/repos/3TR-client/src/code/Layout.js": {"lines":{"total":1,"covered":1,"skipped":0,"pct":100},"functions":{"total":1,"covered":1,"skipped":0,"pct":100},"statements":{"total":1,"covered":1,"skipped":0,"pct":100},"branches":{"total":0,"covered":0,"skipped":0,"pct":100}}
,"/home/ivo/projects/bioinfo/cnag/repos/3TR-client/src/code/Login.js": {"lines":{"total":16,"covered":14,"skipped":0,"pct":87.5},"functions":{"total":4,"covered":4,"skipped":0,"pct":100},"statements":{"total":16,"covered":14,"skipped":0,"pct":87.5},"branches":{"total":6,"covered":4,"skipped":0,"pct":66.67}}
,"/home/ivo/projects/bioinfo/cnag/repos/3TR-client/src/code/Main.js": {"lines":{"total":2,"covered":2,"skipped":0,"pct":100},"functions":{"total":1,"covered":1,"skipped":0,"pct":100},"statements":{"total":2,"covered":2,"skipped":0,"pct":100},"branches":{"total":0,"covered":0,"skipped":0,"pct":100}}
,"/home/ivo/projects/bioinfo/cnag/repos/3TR-client/src/code/Management.js": {"lines":{"total":1,"covered":1,"skipped":0,"pct":100},"functions":{"total":1,"covered":1,"skipped":0,"pct":100},"statements":{"total":1,"covered":1,"skipped":0,"pct":100},"branches":{"total":0,"covered":0,"skipped":0,"pct":100}}
,"/home/ivo/projects/bioinfo/cnag/repos/3TR-client/src/code/ScrollToTop.js": {"lines":{"total":3,"covered":3,"skipped":0,"pct":100},"functions":{"total":2,"covered":2,"skipped":0,"pct":100},"statements":{"total":3,"covered":3,"skipped":0,"pct":100},"branches":{"total":2,"covered":1,"skipped":0,"pct":50}}
,"/home/ivo/projects/bioinfo/cnag/repos/3TR-client/src/code/Submission.js": {"lines":{"total":1,"covered":1,"skipped":0,"pct":100},"functions":{"total":1,"covered":1,"skipped":0,"pct":100},"statements":{"total":1,"covered":1,"skipped":0,"pct":100},"branches":{"total":0,"covered":0,"skipped":0,"pct":100}}
,"/home/ivo/projects/bioinfo/cnag/repos/3TR-client/src/code/SubmissionSelection.js": {"lines":{"total":14,"covered":13,"skipped":0,"pct":92.86},"functions":{"total":4,"covered":4,"skipped":0,"pct":100},"statements":{"total":14,"covered":13,"skipped":0,"pct":92.86},"branches":{"total":8,"covered":6,"skipped":0,"pct":75}}
,"/home/ivo/projects/bioinfo/cnag/repos/3TR-client/src/code/apis.js": {"lines":{"total":52,"covered":29,"skipped":0,"pct":55.77},"functions":{"total":43,"covered":21,"skipped":0,"pct":48.84},"statements":{"total":52,"covered":29,"skipped":0,"pct":55.77},"branches":{"total":0,"covered":0,"skipped":0,"pct":100}}
,"/home/ivo/projects/bioinfo/cnag/repos/3TR-client/src/code/data-table/Table.js": {"lines":{"total":6,"covered":6,"skipped":0,"pct":100},"functions":{"total":1,"covered":1,"skipped":0,"pct":100},"statements":{"total":7,"covered":7,"skipped":0,"pct":100},"branches":{"total":0,"covered":0,"skipped":0,"pct":100}}
,"/home/ivo/projects/bioinfo/cnag/repos/3TR-client/src/code/data-table/TableHeader.js": {"lines":{"total":3,"covered":3,"skipped":0,"pct":100},"functions":{"total":2,"covered":2,"skipped":0,"pct":100},"statements":{"total":3,"covered":3,"skipped":0,"pct":100},"branches":{"total":0,"covered":0,"skipped":0,"pct":100}}
,"/home/ivo/projects/bioinfo/cnag/repos/3TR-client/src/code/data-table/TableRow.js": {"lines":{"total":3,"covered":3,"skipped":0,"pct":100},"functions":{"total":2,"covered":2,"skipped":0,"pct":100},"statements":{"total":3,"covered":3,"skipped":0,"pct":100},"branches":{"total":0,"covered":0,"skipped":0,"pct":100}}
,"/home/ivo/projects/bioinfo/cnag/repos/3TR-client/src/code/faqPage/FaqPage.js": {"lines":{"total":1,"covered":1,"skipped":0,"pct":100},"functions":{"total":1,"covered":1,"skipped":0,"pct":100},"statements":{"total":1,"covered":1,"skipped":0,"pct":100},"branches":{"total":0,"covered":0,"skipped":0,"pct":100}}
,"/home/ivo/projects/bioinfo/cnag/repos/3TR-client/src/code/home/Home.js": {"lines":{"total":3,"covered":3,"skipped":0,"pct":100},"functions":{"total":3,"covered":3,"skipped":0,"pct":100},"statements":{"total":4,"covered":4,"skipped":0,"pct":100},"branches":{"total":0,"covered":0,"skipped":0,"pct":100}}
,"/home/ivo/projects/bioinfo/cnag/repos/3TR-client/src/code/navigation-bar/LogoutButton.js": {"lines":{"total":10,"covered":9,"skipped":0,"pct":90},"functions":{"total":6,"covered":3,"skipped":0,"pct":50},"statements":{"total":10,"covered":9,"skipped":0,"pct":90},"branches":{"total":2,"covered":2,"skipped":0,"pct":100}}
,"/home/ivo/projects/bioinfo/cnag/repos/3TR-client/src/code/navigation-bar/NavigationBar.js": {"lines":{"total":7,"covered":7,"skipped":0,"pct":100},"functions":{"total":2,"covered":2,"skipped":0,"pct":100},"statements":{"total":7,"covered":7,"skipped":0,"pct":100},"branches":{"total":9,"covered":9,"skipped":0,"pct":100}}
,"/home/ivo/projects/bioinfo/cnag/repos/3TR-client/src/code/sidenav-app/SideNav.js": {"lines":{"total":34,"covered":31,"skipped":0,"pct":91.18},"functions":{"total":14,"covered":11,"skipped":0,"pct":78.57},"statements":{"total":35,"covered":32,"skipped":0,"pct":91.43},"branches":{"total":17,"covered":16,"skipped":0,"pct":94.12}}
,"/home/ivo/projects/bioinfo/cnag/repos/3TR-client/src/code/startPage/HomeCard.js": {"lines":{"total":7,"covered":6,"skipped":0,"pct":85.71},"functions":{"total":2,"covered":2,"skipped":0,"pct":100},"statements":{"total":7,"covered":6,"skipped":0,"pct":85.71},"branches":{"total":2,"covered":1,"skipped":0,"pct":50}}
,"/home/ivo/projects/bioinfo/cnag/repos/3TR-client/src/code/startPage/StartPage.js": {"lines":{"total":2,"covered":2,"skipped":0,"pct":100},"functions":{"total":2,"covered":2,"skipped":0,"pct":100},"statements":{"total":3,"covered":3,"skipped":0,"pct":100},"branches":{"total":0,"covered":0,"skipped":0,"pct":100}}
,"/home/ivo/projects/bioinfo/cnag/repos/3TR-client/src/code/views/CsvButton.js": {"lines":{"total":2,"covered":2,"skipped":0,"pct":100},"functions":{"total":1,"covered":1,"skipped":0,"pct":100},"statements":{"total":2,"covered":2,"skipped":0,"pct":100},"branches":{"total":0,"covered":0,"skipped":0,"pct":100}}
,"/home/ivo/projects/bioinfo/cnag/repos/3TR-client/src/code/views/ReactTableServerSide.js": {"lines":{"total":17,"covered":14,"skipped":0,"pct":82.35},"functions":{"total":5,"covered":4,"skipped":0,"pct":80},"statements":{"total":18,"covered":14,"skipped":0,"pct":77.78},"branches":{"total":4,"covered":1,"skipped":0,"pct":25}}
,"/home/ivo/projects/bioinfo/cnag/repos/3TR-client/src/code/views/components/LoadingTable.js": {"lines":{"total":1,"covered":1,"skipped":0,"pct":100},"functions":{"total":1,"covered":1,"skipped":0,"pct":100},"statements":{"total":1,"covered":1,"skipped":0,"pct":100},"branches":{"total":2,"covered":2,"skipped":0,"pct":100}}
,"/home/ivo/projects/bioinfo/cnag/repos/3TR-client/src/code/views/components/TableMethods.js": {"lines":{"total":54,"covered":48,"skipped":0,"pct":88.89},"functions":{"total":16,"covered":11,"skipped":0,"pct":68.75},"statements":{"total":57,"covered":51,"skipped":0,"pct":89.47},"branches":{"total":26,"covered":18,"skipped":0,"pct":69.23}}
,"/home/ivo/projects/bioinfo/cnag/repos/3TR-client/src/code/views/management/admin-view/AdminDataView.js": {"lines":{"total":85,"covered":51,"skipped":0,"pct":60},"functions":{"total":27,"covered":15,"skipped":0,"pct":55.56},"statements":{"total":88,"covered":52,"skipped":0,"pct":59.09},"branches":{"total":44,"covered":17,"skipped":0,"pct":38.64}}
,"/home/ivo/projects/bioinfo/cnag/repos/3TR-client/src/code/views/management/admin-view/AdminView.js": {"lines":{"total":1,"covered":1,"skipped":0,"pct":100},"functions":{"total":1,"covered":1,"skipped":0,"pct":100},"statements":{"total":1,"covered":1,"skipped":0,"pct":100},"branches":{"total":2,"covered":2,"skipped":0,"pct":100}}
,"/home/ivo/projects/bioinfo/cnag/repos/3TR-client/src/code/views/management/admin-view/CustomizeColumns.js": {"lines":{"total":34,"covered":15,"skipped":0,"pct":44.12},"functions":{"total":14,"covered":6,"skipped":0,"pct":42.86},"statements":{"total":38,"covered":19,"skipped":0,"pct":50},"branches":{"total":6,"covered":0,"skipped":0,"pct":0}}
,"/home/ivo/projects/bioinfo/cnag/repos/3TR-client/src/code/views/management/datasets-view/CustomizeColumns.js": {"lines":{"total":35,"covered":16,"skipped":0,"pct":45.71},"functions":{"total":14,"covered":6,"skipped":0,"pct":42.86},"statements":{"total":39,"covered":20,"skipped":0,"pct":51.28},"branches":{"total":6,"covered":0,"skipped":0,"pct":0}}
,"/home/ivo/projects/bioinfo/cnag/repos/3TR-client/src/code/views/management/datasets-view/DatasetsView.js": {"lines":{"total":130,"covered":114,"skipped":0,"pct":87.69},"functions":{"total":32,"covered":29,"skipped":0,"pct":90.63},"statements":{"total":133,"covered":116,"skipped":0,"pct":87.22},"branches":{"total":50,"covered":35,"skipped":0,"pct":70}}
,"/home/ivo/projects/bioinfo/cnag/repos/3TR-client/src/code/views/management/datasets-view/ShareDataDialog.js": {"lines":{"total":52,"covered":51,"skipped":0,"pct":98.08},"functions":{"total":11,"covered":10,"skipped":0,"pct":90.91},"statements":{"total":55,"covered":54,"skipped":0,"pct":98.18},"branches":{"total":4,"covered":3,"skipped":0,"pct":75}}
,"/home/ivo/projects/bioinfo/cnag/repos/3TR-client/src/code/views/management/files-view/FilesView.js": {"lines":{"total":102,"covered":75,"skipped":0,"pct":73.53},"functions":{"total":34,"covered":21,"skipped":0,"pct":61.76},"statements":{"total":107,"covered":76,"skipped":0,"pct":71.03},"branches":{"total":34,"covered":23,"skipped":0,"pct":67.65}}
,"/home/ivo/projects/bioinfo/cnag/repos/3TR-client/src/code/views/management/files-view/ShowDownloadLinks.js": {"lines":{"total":42,"covered":41,"skipped":0,"pct":97.62},"functions":{"total":11,"covered":10,"skipped":0,"pct":90.91},"statements":{"total":42,"covered":41,"skipped":0,"pct":97.62},"branches":{"total":14,"covered":11,"skipped":0,"pct":78.57}}
,"/home/ivo/projects/bioinfo/cnag/repos/3TR-client/src/code/views/management/files-view/ShowFileDeletion.js": {"lines":{"total":31,"covered":15,"skipped":0,"pct":48.39},"functions":{"total":7,"covered":2,"skipped":0,"pct":28.57},"statements":{"total":32,"covered":15,"skipped":0,"pct":46.88},"branches":{"total":8,"covered":3,"skipped":0,"pct":37.5}}
,"/home/ivo/projects/bioinfo/cnag/repos/3TR-client/src/code/views/management/projects-view/ProjectsView.js": {"lines":{"total":0,"covered":0,"skipped":0,"pct":0},"functions":{"total":0,"covered":0,"skipped":0,"pct":0},"statements":{"total":0,"covered":0,"skipped":0,"pct":0},"branches":{"total":0,"covered":0,"skipped":0,"pct":0}}
,"/home/ivo/projects/bioinfo/cnag/repos/3TR-client/src/code/views/submission/Submission.js": {"lines":{"total":261,"covered":178,"skipped":0,"pct":68.2},"functions":{"total":51,"covered":32,"skipped":0,"pct":62.75},"statements":{"total":271,"covered":183,"skipped":0,"pct":67.53},"branches":{"total":143,"covered":76,"skipped":0,"pct":53.15}}
,"/home/ivo/projects/bioinfo/cnag/repos/3TR-client/src/code/views/submission/components/ActionTableSubmit.js": {"lines":{"total":1,"covered":1,"skipped":0,"pct":100},"functions":{"total":1,"covered":1,"skipped":0,"pct":100},"statements":{"total":1,"covered":1,"skipped":0,"pct":100},"branches":{"total":0,"covered":0,"skipped":0,"pct":100}}
,"/home/ivo/projects/bioinfo/cnag/repos/3TR-client/src/code/views/submission/components/ErrorDialog.js": {"lines":{"total":12,"covered":12,"skipped":0,"pct":100},"functions":{"total":3,"covered":3,"skipped":0,"pct":100},"statements":{"total":12,"covered":12,"skipped":0,"pct":100},"branches":{"total":6,"covered":5,"skipped":0,"pct":83.33}}
,"/home/ivo/projects/bioinfo/cnag/repos/3TR-client/src/code/views/submission/components/Explanation.js": {"lines":{"total":8,"covered":6,"skipped":0,"pct":75},"functions":{"total":1,"covered":1,"skipped":0,"pct":100},"statements":{"total":8,"covered":6,"skipped":0,"pct":75},"branches":{"total":4,"covered":2,"skipped":0,"pct":50}}
,"/home/ivo/projects/bioinfo/cnag/repos/3TR-client/src/code/views/submission/components/Instructions.js": {"lines":{"total":11,"covered":11,"skipped":0,"pct":100},"functions":{"total":5,"covered":5,"skipped":0,"pct":100},"statements":{"total":11,"covered":11,"skipped":0,"pct":100},"branches":{"total":0,"covered":0,"skipped":0,"pct":100}}
,"/home/ivo/projects/bioinfo/cnag/repos/3TR-client/src/code/views/submission/components/PopupError.js": {"lines":{"total":6,"covered":0,"skipped":0,"pct":0},"functions":{"total":2,"covered":0,"skipped":0,"pct":0},"statements":{"total":6,"covered":0,"skipped":0,"pct":0},"branches":{"total":0,"covered":0,"skipped":0,"pct":100}}
,"/home/ivo/projects/bioinfo/cnag/repos/3TR-client/src/code/views/submission/components/S3Uploader.js": {"lines":{"total":54,"covered":13,"skipped":0,"pct":24.07},"functions":{"total":17,"covered":3,"skipped":0,"pct":17.65},"statements":{"total":56,"covered":14,"skipped":0,"pct":25},"branches":{"total":18,"covered":1,"skipped":0,"pct":5.56}}
,"/home/ivo/projects/bioinfo/cnag/repos/3TR-client/src/code/views/submission/components/TableSubmitMerged.js": {"lines":{"total":106,"covered":83,"skipped":0,"pct":78.3},"functions":{"total":33,"covered":22,"skipped":0,"pct":66.67},"statements":{"total":107,"covered":84,"skipped":0,"pct":78.5},"branches":{"total":29,"covered":19,"skipped":0,"pct":65.52}}
,"/home/ivo/projects/bioinfo/cnag/repos/3TR-client/src/code/views/submission/components/helper.js": {"lines":{"total":6,"covered":6,"skipped":0,"pct":100},"functions":{"total":3,"covered":3,"skipped":0,"pct":100},"statements":{"total":6,"covered":6,"skipped":0,"pct":100},"branches":{"total":2,"covered":2,"skipped":0,"pct":100}}
,"/home/ivo/projects/bioinfo/cnag/repos/3TR-client/src/code/views/submission/components/UploadItem/UploadItem.js": {"lines":{"total":7,"covered":1,"skipped":0,"pct":14.29},"functions":{"total":2,"covered":0,"skipped":0,"pct":0},"statements":{"total":7,"covered":1,"skipped":0,"pct":14.29},"branches":{"total":4,"covered":0,"skipped":0,"pct":0}}
,"/home/ivo/projects/bioinfo/cnag/repos/3TR-client/src/code/views/submission/submit-datasets/ActionTableSubmit.js": {"lines":{"total":1,"covered":1,"skipped":0,"pct":100},"functions":{"total":1,"covered":1,"skipped":0,"pct":100},"statements":{"total":1,"covered":1,"skipped":0,"pct":100},"branches":{"total":0,"covered":0,"skipped":0,"pct":100}}
,"/home/ivo/projects/bioinfo/cnag/repos/3TR-client/src/code/views/submission/submit-datasets/SelectProject.js": {"lines":{"total":37,"covered":33,"skipped":0,"pct":89.19},"functions":{"total":8,"covered":7,"skipped":0,"pct":87.5},"statements":{"total":37,"covered":33,"skipped":0,"pct":89.19},"branches":{"total":12,"covered":10,"skipped":0,"pct":83.33}}
,"/home/ivo/projects/bioinfo/cnag/repos/3TR-client/src/code/views/submission/submit-datasets/SubmissionDialog.js": {"lines":{"total":8,"covered":8,"skipped":0,"pct":100},"functions":{"total":1,"covered":1,"skipped":0,"pct":100},"statements":{"total":8,"covered":8,"skipped":0,"pct":100},"branches":{"total":6,"covered":5,"skipped":0,"pct":83.33}}
,"/home/ivo/projects/bioinfo/cnag/repos/3TR-client/src/code/views/submission/submit-datasets/SubmitDataset.js": {"lines":{"total":265,"covered":182,"skipped":0,"pct":68.68},"functions":{"total":49,"covered":28,"skipped":0,"pct":57.14},"statements":{"total":274,"covered":185,"skipped":0,"pct":67.52},"branches":{"total":118,"covered":69,"skipped":0,"pct":58.47}}
,"/home/ivo/projects/bioinfo/cnag/repos/3TR-client/src/code/views/submission/submit-datasets/TableSubmit.js": {"lines":{"total":40,"covered":35,"skipped":0,"pct":87.5},"functions":{"total":13,"covered":10,"skipped":0,"pct":76.92},"statements":{"total":41,"covered":36,"skipped":0,"pct":87.8},"branches":{"total":15,"covered":11,"skipped":0,"pct":73.33}}
,"/home/ivo/projects/bioinfo/cnag/repos/3TR-client/src/code/views/submission/submit-datasets/TableSubmitMerged.js": {"lines":{"total":59,"covered":53,"skipped":0,"pct":89.83},"functions":{"total":21,"covered":17,"skipped":0,"pct":80.95},"statements":{"total":61,"covered":55,"skipped":0,"pct":90.16},"branches":{"total":18,"covered":12,"skipped":0,"pct":66.67}}
,"/home/ivo/projects/bioinfo/cnag/repos/3TR-client/src/code/views/submission/submit-datasets/summary-inserted/SummaryInserted.js": {"lines":{"total":1,"covered":1,"skipped":0,"pct":100},"functions":{"total":1,"covered":1,"skipped":0,"pct":100},"statements":{"total":1,"covered":1,"skipped":0,"pct":100},"branches":{"total":2,"covered":1,"skipped":0,"pct":50}}
,"/home/ivo/projects/bioinfo/cnag/repos/3TR-client/src/code/views/submission/submit-files/SubmitFiles.js": {"lines":{"total":207,"covered":178,"skipped":0,"pct":85.99},"functions":{"total":35,"covered":30,"skipped":0,"pct":85.71},"statements":{"total":212,"covered":183,"skipped":0,"pct":86.32},"branches":{"total":81,"covered":59,"skipped":0,"pct":72.84}}
,"/home/ivo/projects/bioinfo/cnag/repos/3TR-client/src/code/views/submission/submit-files/evaporateJS3/ReactS3UploaderCustomFunctional.js": {"lines":{"total":57,"covered":50,"skipped":0,"pct":87.72},"functions":{"total":19,"covered":17,"skipped":0,"pct":89.47},"statements":{"total":59,"covered":52,"skipped":0,"pct":88.14},"branches":{"total":10,"covered":6,"skipped":0,"pct":60}}
,"/home/ivo/projects/bioinfo/cnag/repos/3TR-client/src/code/views/submission/submit-files/evaporateJS3/UploadItem/UploadItem.js": {"lines":{"total":7,"covered":7,"skipped":0,"pct":100},"functions":{"total":2,"covered":2,"skipped":0,"pct":100},"statements":{"total":7,"covered":7,"skipped":0,"pct":100},"branches":{"total":4,"covered":3,"skipped":0,"pct":75}}
,"/home/ivo/projects/bioinfo/cnag/repos/3TR-client/src/code/views/submission/submit-projects/SubmitProjects.js": {"lines":{"total":107,"covered":89,"skipped":0,"pct":83.18},"functions":{"total":18,"covered":14,"skipped":0,"pct":77.78},"statements":{"total":108,"covered":90,"skipped":0,"pct":83.33},"branches":{"total":34,"covered":23,"skipped":0,"pct":67.65}}
,"/home/ivo/projects/bioinfo/cnag/repos/3TR-client/src/gpap-lib/Button_Collection.js": {"lines":{"total":5,"covered":5,"skipped":0,"pct":100},"functions":{"total":5,"covered":3,"skipped":0,"pct":60},"statements":{"total":10,"covered":9,"skipped":0,"pct":90},"branches":{"total":0,"covered":0,"skipped":0,"pct":100}}
,"/home/ivo/projects/bioinfo/cnag/repos/3TR-client/src/gpap-lib/GPAP_Breadcrumb.js": {"lines":{"total":5,"covered":4,"skipped":0,"pct":80},"functions":{"total":3,"covered":2,"skipped":0,"pct":66.67},"statements":{"total":6,"covered":5,"skipped":0,"pct":83.33},"branches":{"total":4,"covered":4,"skipped":0,"pct":100}}
,"/home/ivo/projects/bioinfo/cnag/repos/3TR-client/src/gpap-lib/getPath.js": {"lines":{"total":8,"covered":7,"skipped":0,"pct":87.5},"functions":{"total":3,"covered":3,"skipped":0,"pct":100},"statements":{"total":10,"covered":9,"skipped":0,"pct":90},"branches":{"total":4,"covered":3,"skipped":0,"pct":75}}
,"/home/ivo/projects/bioinfo/cnag/repos/3TR-client/src/gpap-lib/StartCard/StartCard.js": {"lines":{"total":12,"covered":12,"skipped":0,"pct":100},"functions":{"total":3,"covered":3,"skipped":0,"pct":100},"statements":{"total":12,"covered":12,"skipped":0,"pct":100},"branches":{"total":7,"covered":7,"skipped":0,"pct":100}}
,"/home/ivo/projects/bioinfo/cnag/repos/3TR-client/src/gpap-lib/StartCard/card_config.js": {"lines":{"total":2,"covered":2,"skipped":0,"pct":100},"functions":{"total":0,"covered":0,"skipped":0,"pct":100},"statements":{"total":2,"covered":2,"skipped":0,"pct":100},"branches":{"total":0,"covered":0,"skipped":0,"pct":100}}
}
