TN:
SF:src/index.js
FNF:0
FNH:0
DA:7,316
LF:1
LH:1
BRF:0
BRH:0
end_of_record
TN:
SF:src/__mocks__/fileMock.js
FNF:0
FNH:0
DA:1,1
LF:1
LH:1
BRF:0
BRH:0
end_of_record
TN:
SF:src/code/App.js
FN:49,ErrorFallback
FN:62,AuthenticatedRoute
FN:66,(anonymous_2)
FN:82,renderRoutes
FN:84,(anonymous_4)
FN:87,(anonymous_5)
FN:190,(anonymous_6)
FN:199,(anonymous_7)
FNF:8
FNH:6
FNDA:0,ErrorFallback
FNDA:13792,AuthenticatedRoute
FNDA:456,(anonymous_2)
FNDA:862,renderRoutes
FNDA:13792,(anonymous_4)
FNDA:0,(anonymous_5)
FNDA:316,(anonymous_6)
FNDA:862,(anonymous_7)
DA:50,0
DA:51,0
DA:59,0
DA:63,13792
DA:67,456
DA:84,862
DA:85,13792
DA:100,316
DA:191,316
DA:192,316
DA:200,862
LF:11
LH:8
BRDA:50,0,0,0
BRDA:50,0,1,0
BRDA:67,1,0,456
BRDA:67,1,1,0
BRDA:67,2,0,456
BRDA:67,2,1,0
BRF:6
BRH:2
end_of_record
TN:
SF:src/code/Auth.js
FN:8,(anonymous_0)
FN:11,(anonymous_1)
FN:14,(anonymous_2)
FN:18,(anonymous_3)
FN:21,(anonymous_4)
FN:26,(anonymous_5)
FN:30,(anonymous_6)
FNF:7
FNH:5
FNDA:5897,(anonymous_0)
FNDA:1387,(anonymous_1)
FNDA:308,(anonymous_2)
FNDA:0,(anonymous_3)
FNDA:2270,(anonymous_4)
FNDA:0,(anonymous_5)
FNDA:1372,(anonymous_6)
DA:9,5897
DA:12,1387
DA:15,308
DA:16,308
DA:19,0
DA:22,2270
DA:23,2270
DA:25,0
DA:26,0
DA:28,0
DA:31,1372
DA:32,1372
DA:33,1372
LF:13
LH:9
BRDA:9,0,0,5897
BRDA:9,0,1,0
BRDA:12,1,0,1069
BRDA:12,1,1,318
BRDA:22,2,0,2270
BRDA:22,2,1,0
BRDA:25,3,0,0
BRDA:25,3,1,0
BRDA:33,4,0,1050
BRDA:33,4,1,322
BRF:10
BRH:6
end_of_record
TN:
SF:src/code/Layout.js
FN:4,Layout
FNF:1
FNH:1
FNDA:1178,Layout
DA:5,1178
LF:1
LH:1
BRF:0
BRH:0
end_of_record
TN:
SF:src/code/Login.js
FN:7,(anonymous_0)
FN:15,(anonymous_1)
FN:36,(anonymous_2)
FN:47,(anonymous_3)
FNF:4
FNH:4
FNDA:313,(anonymous_0)
FNDA:313,(anonymous_1)
FNDA:308,(anonymous_2)
FNDA:627,(anonymous_3)
DA:8,313
DA:9,313
DA:16,313
DA:17,313
DA:23,313
DA:24,0
DA:30,313
DA:37,308
DA:38,308
DA:42,308
DA:43,308
DA:48,627
DA:49,312
DA:50,312
DA:55,0
DA:57,315
LF:16
LH:14
BRDA:23,0,0,0
BRDA:23,0,1,313
BRDA:48,1,0,312
BRDA:48,1,1,315
BRDA:49,2,0,312
BRDA:49,2,1,0
BRF:6
BRH:4
end_of_record
TN:
SF:src/code/Main.js
FN:16,(anonymous_0)
FNF:1
FNH:1
FNDA:316,(anonymous_0)
DA:9,316
DA:17,316
LF:2
LH:2
BRF:0
BRH:0
end_of_record
TN:
SF:src/code/Management.js
FN:9,(anonymous_0)
FNF:1
FNH:1
FNDA:2,(anonymous_0)
DA:10,2
LF:1
LH:1
BRF:0
BRH:0
end_of_record
TN:
SF:src/code/ScrollToTop.js
FN:5,(anonymous_0)
FN:10,(anonymous_1)
FNF:2
FNH:2
FNDA:546,(anonymous_0)
FNDA:862,(anonymous_1)
DA:6,546
DA:7,546
DA:11,862
LF:3
LH:3
BRDA:6,0,0,546
BRDA:6,0,1,0
BRF:2
BRH:1
end_of_record
TN:
SF:src/code/Submission.js
FN:8,(anonymous_0)
FNF:1
FNH:1
FNDA:2,(anonymous_0)
DA:9,2
LF:1
LH:1
BRF:0
BRH:0
end_of_record
TN:
SF:src/code/SubmissionSelection.js
FN:8,submissionSelection
FN:13,(anonymous_1)
FN:22,(anonymous_2)
FN:43,(anonymous_3)
FNF:4
FNH:4
FNDA:60,submissionSelection
FNDA:30,(anonymous_1)
FNDA:30,(anonymous_2)
FNDA:69,(anonymous_3)
DA:10,60
DA:11,60
DA:13,60
DA:15,30
DA:16,9
DA:18,21
DA:22,60
DA:23,30
DA:24,30
DA:26,30
DA:29,60
DA:30,0
DA:35,60
DA:44,69
LF:14
LH:13
BRDA:15,0,0,9
BRDA:15,0,1,21
BRDA:23,1,0,30
BRDA:23,1,1,0
BRDA:29,2,0,0
BRDA:29,2,1,60
BRDA:42,3,0,30
BRDA:42,3,1,30
BRF:8
BRH:6
end_of_record
TN:
SF:src/code/apis.js
FN:1,download_excel
FN:23,fileAll
FN:36,dataset
FN:49,project
FN:62,projectSubmissionCols
FN:74,adminViewCols
FN:89,projectViewCols
FN:101,projectGet
FN:114,datasetSubmissionCols
FN:130,datasetViewCols
FN:142,datasetAdminViewCols
FN:154,fileViewCols
FN:166,fileSubmissionCols
FN:178,datasetAll
FN:191,projectAll
FN:204,projectUpdate
FN:217,fileAllAdmin
FN:230,fileUpdate
FN:243,datasetAllAdmin
FN:256,adminView
FN:269,adminExecuteUpdate
FN:282,datasetUpdate
FN:298,dataset_list
FN:310,file
FN:323,file_upload_start
FN:336,file_upload_finish
FN:349,dataPolicyUploadFinish
FN:362,clinicalDataUploadFinish
FN:375,file_download2
FN:388,validateDatasetSubmission
FN:401,validateProjectSubmission
FN:414,action_update
FN:426,groups_get
FN:436,analysis
FN:449,analysisStart
FN:462,jobsStatus
FN:475,analysisResults
FN:488,analysisFiles
FN:501,analysisData
FN:514,analysisSubmissionData
FN:527,experiments_no_files
FN:539,fileIDs_list
FN:551,analysis_create
FNF:43
FNH:21
FNDA:12,download_excel
FNDA:23,fileAll
FNDA:2,dataset
FNDA:14,project
FNDA:57,projectSubmissionCols
FNDA:16,adminViewCols
FNDA:0,projectViewCols
FNDA:210,projectGet
FNDA:93,datasetSubmissionCols
FNDA:69,datasetViewCols
FNDA:0,datasetAdminViewCols
FNDA:19,fileViewCols
FNDA:51,fileSubmissionCols
FNDA:90,datasetAll
FNDA:0,projectAll
FNDA:0,projectUpdate
FNDA:0,fileAllAdmin
FNDA:0,fileUpdate
FNDA:0,datasetAllAdmin
FNDA:16,adminView
FNDA:0,adminExecuteUpdate
FNDA:0,datasetUpdate
FNDA:86,dataset_list
FNDA:0,file
FNDA:7,file_upload_start
FNDA:6,file_upload_finish
FNDA:0,dataPolicyUploadFinish
FNDA:0,clinicalDataUploadFinish
FNDA:3,file_download2
FNDA:11,validateDatasetSubmission
FNDA:26,validateProjectSubmission
FNDA:15,action_update
FNDA:15,groups_get
FNDA:0,analysis
FNDA:0,analysisStart
FNDA:0,jobsStatus
FNDA:0,analysisResults
FNDA:0,analysisFiles
FNDA:0,analysisData
FNDA:0,analysisSubmissionData
FNDA:0,experiments_no_files
FNDA:0,fileIDs_list
FNDA:0,analysis_create
DA:2,12
DA:3,12
DA:11,12
DA:12,12
DA:13,12
DA:14,12
DA:15,12
DA:16,12
DA:17,12
DA:19,0
DA:24,23
DA:37,2
DA:50,14
DA:63,57
DA:75,16
DA:90,0
DA:102,210
DA:115,93
DA:131,69
DA:143,0
DA:155,19
DA:167,51
DA:179,90
DA:192,0
DA:205,0
DA:218,0
DA:231,0
DA:244,0
DA:257,16
DA:270,0
DA:283,0
DA:299,86
DA:311,0
DA:324,7
DA:337,6
DA:350,0
DA:363,0
DA:376,3
DA:389,11
DA:402,26
DA:415,15
DA:427,15
DA:437,0
DA:450,0
DA:463,0
DA:476,0
DA:489,0
DA:502,0
DA:515,0
DA:528,0
DA:540,0
DA:552,0
LF:52
LH:29
BRF:0
BRH:0
end_of_record
TN:
SF:src/code/data-table/Table.js
FN:6,(anonymous_0)
FNF:1
FNH:1
FNDA:22,(anonymous_0)
DA:10,22
DA:11,22
DA:12,22
DA:13,44
DA:16,22
DA:27,316
LF:6
LH:6
BRF:0
BRH:0
end_of_record
TN:
SF:src/code/data-table/TableHeader.js
FN:4,(anonymous_0)
FN:6,(anonymous_1)
FNF:2
FNH:2
FNDA:22,(anonymous_0)
FNDA:184,(anonymous_1)
DA:6,22
DA:7,184
DA:9,22
LF:3
LH:3
BRF:0
BRH:0
end_of_record
TN:
SF:src/code/data-table/TableRow.js
FN:4,(anonymous_0)
FN:7,(anonymous_1)
FNF:2
FNH:2
FNDA:44,(anonymous_0)
FNDA:580,(anonymous_1)
DA:7,44
DA:8,580
DA:10,44
LF:3
LH:3
BRF:0
BRH:0
end_of_record
TN:
SF:src/code/faqPage/FaqPage.js
FN:9,(anonymous_0)
FNF:1
FNH:1
FNDA:47,(anonymous_0)
DA:10,47
LF:1
LH:1
BRF:0
BRH:0
end_of_record
TN:
SF:src/code/home/Home.js
FN:11,Home
FN:12,(anonymous_1)
FN:12,(anonymous_2)
FNF:3
FNH:3
FNDA:635,Home
FNDA:635,(anonymous_1)
FNDA:1270,(anonymous_2)
DA:12,635
DA:13,1270
DA:18,635
LF:3
LH:3
BRF:0
BRH:0
end_of_record
TN:
SF:src/code/navigation-bar/LogoutButton.js
FN:7,(anonymous_0)
FN:18,(anonymous_1)
FN:21,(anonymous_2)
FN:22,(anonymous_3)
FN:25,(anonymous_4)
FN:45,(anonymous_5)
FNF:6
FNH:3
FNDA:316,(anonymous_0)
FNDA:0,(anonymous_1)
FNDA:0,(anonymous_2)
FNDA:0,(anonymous_3)
FNDA:862,(anonymous_4)
FNDA:862,(anonymous_5)
DA:8,316
DA:9,316
DA:14,316
DA:18,316
DA:19,0
DA:26,862
DA:27,320
DA:36,542
DA:46,862
DA:48,862
LF:10
LH:9
BRDA:26,0,0,320
BRDA:26,0,1,542
BRF:2
BRH:2
end_of_record
TN:
SF:src/code/navigation-bar/NavigationBar.js
FN:17,(anonymous_0)
FN:25,(anonymous_1)
FNF:2
FNH:2
FNDA:316,(anonymous_0)
FNDA:862,(anonymous_1)
DA:18,316
DA:19,316
DA:26,862
DA:27,862
DA:28,544
DA:32,862
DA:36,862
LF:7
LH:7
BRDA:27,0,0,544
BRDA:27,0,1,318
BRDA:32,1,0,862
BRDA:32,1,1,805
BRDA:32,1,2,573
BRDA:41,2,0,467
BRDA:41,2,1,395
BRDA:51,3,0,395
BRDA:51,3,1,467
BRF:9
BRH:9
end_of_record
TN:
SF:src/code/sidenav-app/SideNav.js
FN:18,renderNavElements
FN:19,(anonymous_1)
FN:24,(anonymous_2)
FN:25,(anonymous_3)
FN:70,(anonymous_4)
FN:82,(anonymous_5)
FN:86,(anonymous_6)
FN:90,(anonymous_7)
FN:101,(anonymous_8)
FN:105,(anonymous_9)
FN:110,(anonymous_10)
FN:132,(anonymous_11)
FN:151,(anonymous_12)
FN:152,(anonymous_13)
FNF:14
FNH:11
FNDA:1598,renderNavElements
FNDA:6392,(anonymous_1)
FNDA:38,(anonymous_2)
FNDA:2,(anonymous_3)
FNDA:316,(anonymous_4)
FNDA:316,(anonymous_5)
FNDA:0,(anonymous_6)
FNDA:692,(anonymous_7)
FNDA:48,(anonymous_8)
FNDA:1598,(anonymous_9)
FNDA:20,(anonymous_10)
FNDA:0,(anonymous_11)
FNDA:8,(anonymous_12)
FNDA:0,(anonymous_13)
DA:19,1598
DA:20,6392
DA:21,6392
DA:24,38
DA:25,2
DA:38,316
DA:71,316
DA:72,316
DA:76,316
DA:78,316
DA:79,316
DA:83,316
DA:87,0
DA:91,692
DA:97,688
DA:102,48
DA:106,1598
DA:111,20
DA:112,20
DA:113,20
DA:115,4
DA:116,4
DA:118,4
DA:119,4
DA:121,4
DA:122,4
DA:124,4
DA:125,4
DA:127,4
DA:128,4
DA:130,20
DA:133,0
DA:151,8
DA:152,0
LF:34
LH:31
BRDA:91,0,0,688
BRDA:91,0,1,4
BRDA:92,1,0,692
BRDA:92,1,1,692
BRDA:92,1,2,692
BRDA:92,1,3,688
BRDA:113,2,0,4
BRDA:113,2,1,4
BRDA:113,2,2,4
BRDA:113,2,3,4
BRDA:113,2,4,4
BRDA:130,3,0,20
BRDA:130,3,1,0
BRDA:137,4,0,55
BRDA:137,4,1,1543
BRDA:148,5,0,354
BRDA:148,5,1,1244
BRF:17
BRH:16
end_of_record
TN:
SF:src/code/startPage/HomeCard.js
FN:23,HomeCard
FN:26,(anonymous_1)
FNF:2
FNH:2
FNDA:36,HomeCard
FNDA:36,(anonymous_1)
DA:12,316
DA:24,36
DA:26,36
DA:27,36
DA:28,0
DA:30,36
DA:33,36
LF:7
LH:6
BRDA:27,0,0,0
BRDA:27,0,1,36
BRF:2
BRH:1
end_of_record
TN:
SF:src/code/startPage/StartPage.js
FN:11,(anonymous_0)
FN:26,(anonymous_1)
FNF:2
FNH:2
FNDA:36,(anonymous_0)
FNDA:36,(anonymous_1)
DA:11,316
DA:27,36
LF:2
LH:2
BRF:0
BRH:0
end_of_record
TN:
SF:src/code/views/CsvButton.js
FN:5,(anonymous_0)
FNF:1
FNH:1
FNDA:364,(anonymous_0)
DA:5,316
DA:12,364
LF:2
LH:2
BRF:0
BRH:0
end_of_record
TN:
SF:src/code/views/ReactTableServerSide.js
FN:10,(anonymous_0)
FN:17,(anonymous_1)
FN:24,(anonymous_2)
FN:32,(anonymous_3)
FN:63,(anonymous_4)
FNF:5
FNH:4
FNDA:106,(anonymous_0)
FNDA:0,(anonymous_1)
FNDA:106,(anonymous_2)
FNDA:371,(anonymous_3)
FNDA:636,(anonymous_4)
DA:11,106
DA:13,106
DA:14,106
DA:17,106
DA:19,0
DA:20,0
DA:24,106
DA:25,106
DA:26,0
DA:28,106
DA:34,371
DA:36,371
DA:65,636
DA:67,636
DA:68,636
DA:70,636
DA:72,636
LF:17
LH:14
BRDA:19,0,0,0
BRDA:19,0,1,0
BRDA:25,1,0,0
BRDA:25,1,1,106
BRF:4
BRH:1
end_of_record
TN:
SF:src/code/views/components/LoadingTable.js
FN:5,(anonymous_0)
FNF:1
FNH:1
FNDA:2849,(anonymous_0)
DA:6,2849
LF:1
LH:1
BRDA:6,0,0,152
BRDA:6,0,1,2697
BRF:2
BRH:2
end_of_record
TN:
SF:src/code/views/components/TableMethods.js
FN:8,(anonymous_0)
FN:20,(anonymous_1)
FN:44,(anonymous_2)
FN:46,(anonymous_3)
FN:56,(anonymous_4)
FN:64,(anonymous_5)
FN:66,(anonymous_6)
FN:76,(anonymous_7)
FN:136,(anonymous_8)
FN:137,(anonymous_9)
FN:162,(anonymous_10)
FN:177,(anonymous_11)
FN:185,(anonymous_12)
FN:187,(anonymous_13)
FN:193,(anonymous_14)
FN:199,(anonymous_15)
FNF:16
FNH:11
FNDA:409,(anonymous_0)
FNDA:0,(anonymous_1)
FNDA:213,(anonymous_2)
FNDA:0,(anonymous_3)
FNDA:0,(anonymous_4)
FNDA:357,(anonymous_5)
FNDA:0,(anonymous_6)
FNDA:0,(anonymous_7)
FNDA:19,(anonymous_8)
FNDA:8,(anonymous_9)
FNDA:19,(anonymous_10)
FNDA:182,(anonymous_11)
FNDA:52,(anonymous_12)
FNDA:364,(anonymous_13)
FNDA:417,(anonymous_14)
FNDA:562,(anonymous_15)
DA:6,316
DA:8,316
DA:16,409
DA:17,4370
DA:18,4370
DA:21,0
DA:27,4370
DA:30,4370
DA:31,4370
DA:32,0
DA:37,4370
DA:41,4370
DA:44,132
DA:45,213
DA:46,0
DA:56,132
DA:57,0
DA:58,132
DA:61,4370
DA:64,234
DA:65,357
DA:66,0
DA:76,234
DA:77,0
DA:78,234
DA:81,4370
DA:88,409
DA:90,409
DA:91,292
DA:93,292
DA:94,5028
DA:97,292
DA:98,292
DA:101,292
DA:103,409
DA:136,316
DA:137,19
DA:139,19
DA:140,11
DA:142,8
DA:144,19
DA:162,316
DA:163,19
DA:165,19
DA:167,17
DA:168,17
DA:174,19
DA:177,316
DA:185,182
DA:187,364
DA:194,417
DA:195,352
DA:197,65
DA:200,562
LF:54
LH:48
BRDA:19,0,0,0
BRDA:19,0,1,4370
BRDA:30,1,0,396
BRDA:30,1,1,3974
BRDA:30,2,0,4370
BRDA:30,2,1,3974
BRDA:31,3,0,0
BRDA:31,3,1,4370
BRDA:33,4,0,0
BRDA:33,4,1,0
BRDA:33,5,0,0
BRDA:33,5,1,0
BRDA:41,6,0,132
BRDA:41,6,1,4238
BRDA:48,7,0,0
BRDA:48,7,1,213
BRDA:61,8,0,234
BRDA:61,8,1,4136
BRDA:68,9,0,0
BRDA:68,9,1,357
BRDA:139,10,0,11
BRDA:139,10,1,8
BRDA:165,11,0,17
BRDA:165,11,1,2
BRDA:194,12,0,352
BRDA:194,12,1,65
BRF:26
BRH:18
end_of_record
TN:
SF:src/code/views/management/admin-view/AdminDataView.js
FN:47,(anonymous_0)
FN:86,(anonymous_1)
FN:109,(anonymous_2)
FN:146,(anonymous_3)
FN:147,(anonymous_4)
FN:160,(anonymous_5)
FN:167,(anonymous_6)
FN:176,(anonymous_7)
FN:187,(anonymous_8)
FN:193,(anonymous_9)
FN:212,(anonymous_10)
FN:237,(anonymous_11)
FN:245,(anonymous_12)
FN:246,(anonymous_13)
FN:251,(anonymous_14)
FN:265,(anonymous_15)
FN:266,(anonymous_16)
FN:284,(anonymous_17)
FN:293,(anonymous_18)
FN:307,(anonymous_19)
FN:313,(anonymous_20)
FN:324,(anonymous_21)
FN:364,(anonymous_22)
FN:413,(anonymous_23)
FN:417,(anonymous_24)
FN:429,(anonymous_25)
FN:436,(anonymous_26)
FNF:27
FNH:15
FNDA:16,(anonymous_0)
FNDA:16,(anonymous_1)
FNDA:16,(anonymous_2)
FNDA:45,(anonymous_3)
FNDA:0,(anonymous_4)
FNDA:74,(anonymous_5)
FNDA:132,(anonymous_6)
FNDA:0,(anonymous_7)
FNDA:52,(anonymous_8)
FNDA:0,(anonymous_9)
FNDA:16,(anonymous_10)
FNDA:0,(anonymous_11)
FNDA:29200,(anonymous_12)
FNDA:0,(anonymous_13)
FNDA:16,(anonymous_14)
FNDA:16,(anonymous_15)
FNDA:16,(anonymous_16)
FNDA:16,(anonymous_17)
FNDA:0,(anonymous_18)
FNDA:0,(anonymous_19)
FNDA:0,(anonymous_20)
FNDA:0,(anonymous_21)
FNDA:45,(anonymous_22)
FNDA:0,(anonymous_23)
FNDA:182,(anonymous_24)
FNDA:0,(anonymous_25)
FNDA:0,(anonymous_26)
DA:18,316
DA:48,16
DA:50,16
DA:82,16
DA:83,16
DA:87,16
DA:89,16
DA:96,16
DA:97,16
DA:103,16
DA:104,13
DA:110,16
DA:111,0
DA:116,16
DA:118,13
DA:119,5
DA:127,13
DA:128,3
DA:136,13
DA:137,5
DA:147,45
DA:148,0
DA:150,0
DA:151,0
DA:152,0
DA:155,0
DA:158,45
DA:161,74
DA:168,132
DA:169,0
DA:170,0
DA:172,0
DA:177,0
DA:188,52
DA:194,0
DA:206,45
DA:208,45
DA:209,17
DA:213,16
DA:214,16
DA:215,16
DA:217,0
DA:225,17
DA:228,45
DA:237,16
DA:238,0
DA:239,0
DA:241,0
DA:245,29200
DA:251,16
DA:257,16
DA:259,16
DA:265,16
DA:267,16
DA:284,16
DA:286,16
DA:292,16
DA:293,16
DA:299,16
DA:300,16
DA:304,16
DA:309,0
DA:310,0
DA:313,16
DA:314,0
DA:316,0
DA:317,0
DA:320,0
DA:321,0
DA:324,0
DA:326,0
DA:336,0
DA:337,0
DA:338,0
DA:340,0
DA:346,0
DA:348,0
DA:366,45
DA:367,0
DA:384,45
DA:386,45
DA:414,0
DA:418,182
DA:429,0
DA:437,0
LF:85
LH:51
BRDA:110,0,0,0
BRDA:110,0,1,16
BRDA:118,1,0,5
BRDA:118,1,1,8
BRDA:127,2,0,3
BRDA:127,2,1,10
BRDA:136,3,0,5
BRDA:136,3,1,8
BRDA:150,4,0,0
BRDA:150,4,1,0
BRDA:168,5,0,0
BRDA:168,5,1,132
BRDA:168,6,0,132
BRDA:168,6,1,74
BRDA:169,7,0,0
BRDA:169,7,1,0
BRDA:181,8,0,0
BRDA:181,8,1,0
BRDA:208,9,0,17
BRDA:208,9,1,28
BRDA:213,10,0,16
BRDA:213,10,1,0
BRDA:238,11,0,0
BRDA:238,11,1,0
BRDA:292,12,0,16
BRDA:292,12,1,0
BRDA:299,13,0,16
BRDA:299,13,1,0
BRDA:316,14,0,0
BRDA:316,14,1,0
BRDA:316,15,0,0
BRDA:316,15,1,0
BRDA:316,15,2,0
BRDA:320,16,0,0
BRDA:320,16,1,0
BRDA:320,17,0,0
BRDA:320,17,1,0
BRDA:320,17,2,0
BRDA:337,18,0,0
BRDA:337,18,1,0
BRDA:366,19,0,0
BRDA:366,19,1,45
BRDA:388,20,0,45
BRDA:388,20,1,0
BRF:44
BRH:17
end_of_record
TN:
SF:src/code/views/management/admin-view/AdminView.js
FN:12,(anonymous_0)
FNF:1
FNH:1
FNDA:29,(anonymous_0)
DA:13,29
LF:1
LH:1
BRDA:15,0,0,26
BRDA:15,0,1,3
BRF:2
BRH:2
end_of_record
TN:
SF:src/code/views/management/admin-view/CustomizeColumns.js
FN:20,(anonymous_0)
FN:34,CustomizeColumns
FN:39,(anonymous_2)
FN:42,(anonymous_3)
FN:44,(anonymous_4)
FN:44,(anonymous_5)
FN:57,(anonymous_6)
FN:61,(anonymous_7)
FN:69,(anonymous_8)
FN:74,(anonymous_9)
FN:82,(anonymous_10)
FN:113,(anonymous_11)
FN:116,(anonymous_12)
FN:121,(anonymous_13)
FNF:14
FNH:6
FNDA:16,(anonymous_0)
FNDA:45,CustomizeColumns
FNDA:205,(anonymous_2)
FNDA:205,(anonymous_3)
FNDA:205,(anonymous_4)
FNDA:0,(anonymous_5)
FNDA:0,(anonymous_6)
FNDA:0,(anonymous_7)
FNDA:0,(anonymous_8)
FNDA:0,(anonymous_9)
FNDA:0,(anonymous_10)
FNDA:0,(anonymous_11)
FNDA:0,(anonymous_12)
FNDA:205,(anonymous_13)
DA:20,316
DA:36,45
DA:38,45
DA:39,205
DA:41,45
DA:42,205
DA:44,205
DA:45,0
DA:46,0
DA:48,0
DA:49,0
DA:51,0
DA:54,0
DA:57,45
DA:58,0
DA:61,45
DA:62,0
DA:63,0
DA:65,0
DA:69,45
DA:70,0
DA:73,0
DA:74,0
DA:75,0
DA:76,0
DA:79,0
DA:82,45
DA:83,0
DA:86,45
DA:113,0
DA:116,0
DA:122,205
DA:123,205
DA:124,205
LF:34
LH:15
BRDA:48,0,0,0
BRDA:48,0,1,0
BRDA:62,1,0,0
BRDA:62,1,1,0
BRDA:75,2,0,0
BRDA:75,2,1,0
BRF:6
BRH:0
end_of_record
TN:
SF:src/code/views/management/datasets-view/CustomizeColumns.js
FN:22,(anonymous_0)
FN:36,CustomizeColumns
FN:44,(anonymous_2)
FN:47,(anonymous_3)
FN:49,(anonymous_4)
FN:49,(anonymous_5)
FN:62,(anonymous_6)
FN:66,(anonymous_7)
FN:74,(anonymous_8)
FN:79,(anonymous_9)
FN:87,(anonymous_10)
FN:118,(anonymous_11)
FN:121,(anonymous_12)
FN:126,(anonymous_13)
FNF:14
FNH:6
FNDA:71,(anonymous_0)
FNDA:364,CustomizeColumns
FNDA:4165,(anonymous_2)
FNDA:4165,(anonymous_3)
FNDA:4165,(anonymous_4)
FNDA:0,(anonymous_5)
FNDA:0,(anonymous_6)
FNDA:0,(anonymous_7)
FNDA:0,(anonymous_8)
FNDA:0,(anonymous_9)
FNDA:0,(anonymous_10)
FNDA:0,(anonymous_11)
FNDA:0,(anonymous_12)
FNDA:4165,(anonymous_13)
DA:20,316
DA:22,316
DA:41,364
DA:43,364
DA:44,4165
DA:46,364
DA:47,4165
DA:49,4165
DA:50,0
DA:51,0
DA:53,0
DA:54,0
DA:56,0
DA:59,0
DA:62,364
DA:63,0
DA:66,364
DA:67,0
DA:68,0
DA:70,0
DA:74,364
DA:75,0
DA:78,0
DA:79,0
DA:80,0
DA:81,0
DA:84,0
DA:87,364
DA:88,0
DA:91,364
DA:118,0
DA:121,0
DA:127,4165
DA:128,4165
DA:129,4165
LF:35
LH:16
BRDA:53,0,0,0
BRDA:53,0,1,0
BRDA:67,1,0,0
BRDA:67,1,1,0
BRDA:80,2,0,0
BRDA:80,2,1,0
BRF:6
BRH:0
end_of_record
TN:
SF:src/code/views/management/datasets-view/DatasetsView.js
FN:37,(anonymous_0)
FN:84,(anonymous_1)
FN:97,(anonymous_2)
FN:107,(anonymous_3)
FN:119,(anonymous_4)
FN:130,(anonymous_5)
FN:141,(anonymous_6)
FN:150,(anonymous_7)
FN:158,(anonymous_8)
FN:167,(anonymous_9)
FN:189,(anonymous_10)
FN:206,(anonymous_11)
FN:236,(anonymous_12)
FN:275,(anonymous_13)
FN:318,(anonymous_14)
FN:338,(anonymous_15)
FN:365,(anonymous_16)
FN:369,(anonymous_17)
FN:378,(anonymous_18)
FN:379,(anonymous_19)
FN:389,(anonymous_20)
FN:392,(anonymous_21)
FN:393,(anonymous_22)
FN:411,(anonymous_23)
FN:421,(anonymous_24)
FN:435,(anonymous_25)
FN:441,(anonymous_26)
FN:458,(anonymous_27)
FN:459,(anonymous_28)
FN:489,(anonymous_29)
FN:496,(anonymous_30)
FN:514,(anonymous_31)
FNF:32
FNH:29
FNDA:69,(anonymous_0)
FNDA:69,(anonymous_1)
FNDA:69,(anonymous_2)
FNDA:287,(anonymous_3)
FNDA:246,(anonymous_4)
FNDA:287,(anonymous_5)
FNDA:8,(anonymous_6)
FNDA:421,(anonymous_7)
FNDA:792,(anonymous_8)
FNDA:19,(anonymous_9)
FNDA:287,(anonymous_10)
FNDA:287,(anonymous_11)
FNDA:15,(anonymous_12)
FNDA:15,(anonymous_13)
FNDA:246,(anonymous_14)
FNDA:738,(anonymous_15)
FNDA:15,(anonymous_16)
FNDA:2,(anonymous_17)
FNDA:610556,(anonymous_18)
FNDA:8,(anonymous_19)
FNDA:86,(anonymous_20)
FNDA:86,(anonymous_21)
FNDA:83,(anonymous_22)
FNDA:71,(anonymous_23)
FNDA:0,(anonymous_24)
FNDA:4,(anonymous_25)
FNDA:0,(anonymous_26)
FNDA:4,(anonymous_27)
FNDA:3,(anonymous_28)
FNDA:3,(anonymous_29)
FNDA:0,(anonymous_30)
FNDA:252,(anonymous_31)
DA:28,316
DA:38,69
DA:40,69
DA:74,69
DA:75,69
DA:78,69
DA:79,69
DA:80,69
DA:81,69
DA:85,69
DA:87,69
DA:88,69
DA:92,67
DA:93,63
DA:98,69
DA:99,2
DA:103,69
DA:104,63
DA:107,69
DA:108,287
DA:109,215
DA:111,72
DA:112,72
DA:113,72
DA:116,0
DA:122,246
DA:131,287
DA:132,287
DA:133,287
DA:134,287
DA:142,8
DA:151,421
DA:159,792
DA:160,16
DA:161,8
DA:163,8
DA:168,19
DA:186,246
DA:190,287
DA:191,0
DA:193,287
DA:194,287
DA:203,246
DA:207,287
DA:208,0
DA:210,287
DA:211,287
DA:220,246
DA:227,246
DA:236,69
DA:238,15
DA:240,15
DA:242,15
DA:243,15
DA:245,15
DA:246,15
DA:248,15
DA:251,15
DA:252,15
DA:253,7
DA:256,15
DA:257,15
DA:258,15
DA:259,15
DA:261,15
DA:267,15
DA:275,15
DA:277,15
DA:279,15
DA:286,15
DA:289,15
DA:293,15
DA:300,0
DA:301,0
DA:302,0
DA:303,0
DA:305,0
DA:306,0
DA:311,0
DA:318,69
DA:319,246
DA:339,738
DA:365,69
DA:366,15
DA:369,69
DA:370,2
DA:371,2
DA:373,2
DA:378,610556
DA:381,8
DA:382,0
DA:389,69
DA:391,86
DA:392,86
DA:394,83
DA:411,69
DA:414,71
DA:420,71
DA:421,71
DA:427,71
DA:428,71
DA:432,71
DA:435,69
DA:437,4
DA:441,0
DA:448,4
DA:449,4
DA:451,4
DA:453,4
DA:458,4
DA:460,3
DA:461,3
DA:462,0
DA:463,0
DA:464,3
DA:468,3
DA:470,3
DA:471,3
DA:473,3
DA:474,75
DA:480,3
DA:486,3
DA:487,3
DA:491,3
DA:498,0
DA:499,0
DA:516,252
DA:517,6
DA:546,246
DA:547,246
LF:130
LH:114
BRDA:98,0,0,2
BRDA:98,0,1,67
BRDA:108,1,0,215
BRDA:108,1,1,72
BRDA:112,2,0,72
BRDA:112,2,1,0
BRDA:159,3,0,16
BRDA:159,3,1,776
BRDA:159,4,0,792
BRDA:159,4,1,421
BRDA:160,5,0,8
BRDA:160,5,1,8
BRDA:173,6,0,17
BRDA:173,6,1,2
BRDA:190,7,0,0
BRDA:190,7,1,287
BRDA:207,8,0,0
BRDA:207,8,1,287
BRDA:245,9,0,15
BRDA:245,9,1,0
BRDA:252,10,0,7
BRDA:252,10,1,8
BRDA:275,11,0,15
BRDA:275,11,1,0
BRDA:302,12,0,0
BRDA:302,12,1,0
BRDA:305,13,0,0
BRDA:305,13,1,0
BRDA:345,14,0,15
BRDA:345,14,1,231
BRDA:345,15,0,246
BRDA:345,15,1,44
BRDA:370,16,0,2
BRDA:370,16,1,0
BRDA:381,17,0,0
BRDA:381,17,1,8
BRDA:381,18,0,8
BRDA:381,18,1,8
BRDA:420,19,0,71
BRDA:420,19,1,0
BRDA:427,20,0,71
BRDA:427,20,1,0
BRDA:461,21,0,0
BRDA:461,21,1,3
BRDA:475,22,0,0
BRDA:475,22,1,75
BRDA:516,23,0,6
BRDA:516,23,1,246
BRDA:578,24,0,36
BRDA:578,24,1,210
BRF:50
BRH:35
end_of_record
TN:
SF:src/code/views/management/datasets-view/ShareDataDialog.js
FN:20,ShareDataDialog
FN:47,(anonymous_1)
FN:80,(anonymous_2)
FN:86,(anonymous_3)
FN:89,(anonymous_4)
FN:93,(anonymous_5)
FN:101,(anonymous_6)
FN:107,(anonymous_7)
FN:112,(anonymous_8)
FN:116,(anonymous_9)
FN:120,(anonymous_10)
FNF:11
FNH:10
FNDA:67,ShareDataDialog
FNDA:15,(anonymous_1)
FNDA:15,(anonymous_2)
FNDA:75,(anonymous_3)
FNDA:30,(anonymous_4)
FNDA:75,(anonymous_5)
FNDA:15,(anonymous_6)
FNDA:15,(anonymous_7)
FNDA:0,(anonymous_8)
FNDA:7,(anonymous_9)
FNDA:67,(anonymous_10)
DA:18,316
DA:22,67
DA:25,67
DA:32,67
DA:33,67
DA:34,31
DA:37,67
DA:38,67
DA:39,268
DA:42,67
DA:43,67
DA:44,67
DA:45,67
DA:47,67
DA:49,15
DA:51,15
DA:52,15
DA:53,15
DA:60,15
DA:61,15
DA:70,15
DA:80,67
DA:81,15
DA:82,15
DA:84,15
DA:85,15
DA:86,75
DA:89,30
DA:92,15
DA:93,15
DA:94,75
DA:97,15
DA:98,15
DA:101,67
DA:102,15
DA:103,15
DA:104,15
DA:107,67
DA:108,15
DA:109,15
DA:112,67
DA:113,0
DA:116,67
DA:117,7
DA:120,67
DA:121,67
DA:122,67
DA:124,67
DA:125,185
DA:126,185
DA:132,67
DA:135,67
LF:52
LH:51
BRDA:33,0,0,31
BRDA:33,0,1,36
BRDA:60,1,0,15
BRDA:60,1,1,0
BRF:4
BRH:3
end_of_record
TN:
SF:src/code/views/management/files-view/FilesView.js
FN:52,(anonymous_0)
FN:96,(anonymous_1)
FN:97,(anonymous_2)
FN:100,(anonymous_3)
FN:120,(anonymous_4)
FN:139,(anonymous_5)
FN:140,(anonymous_6)
FN:173,(anonymous_7)
FN:184,(anonymous_8)
FN:240,(anonymous_9)
FN:241,(anonymous_10)
FN:259,(anonymous_11)
FN:262,(anonymous_12)
FN:263,(anonymous_13)
FN:280,(anonymous_14)
FN:283,(anonymous_15)
FN:284,(anonymous_16)
FN:315,(anonymous_17)
FN:316,(anonymous_18)
FN:330,(anonymous_19)
FN:338,(anonymous_20)
FN:347,(anonymous_21)
FN:358,(anonymous_22)
FN:365,(anonymous_23)
FN:427,(anonymous_24)
FN:439,(anonymous_25)
FN:448,(anonymous_26)
FN:469,(anonymous_27)
FN:470,(anonymous_28)
FN:496,(anonymous_29)
FN:503,(anonymous_30)
FN:509,(anonymous_31)
FN:529,(anonymous_32)
FN:560,(anonymous_33)
FNF:34
FNH:21
FNDA:19,(anonymous_0)
FNDA:169200,(anonymous_1)
FNDA:11,(anonymous_2)
FNDA:19,(anonymous_3)
FNDA:19,(anonymous_4)
FNDA:0,(anonymous_5)
FNDA:0,(anonymous_6)
FNDA:19,(anonymous_7)
FNDA:0,(anonymous_8)
FNDA:19,(anonymous_9)
FNDA:19,(anonymous_10)
FNDA:0,(anonymous_11)
FNDA:0,(anonymous_12)
FNDA:0,(anonymous_13)
FNDA:0,(anonymous_14)
FNDA:0,(anonymous_15)
FNDA:0,(anonymous_16)
FNDA:118,(anonymous_17)
FNDA:8,(anonymous_18)
FNDA:141,(anonymous_19)
FNDA:263,(anonymous_20)
FNDA:8,(anonymous_21)
FNDA:130,(anonymous_22)
FNDA:11,(anonymous_23)
FNDA:0,(anonymous_24)
FNDA:4,(anonymous_25)
FNDA:0,(anonymous_26)
FNDA:4,(anonymous_27)
FNDA:4,(anonymous_28)
FNDA:4,(anonymous_29)
FNDA:0,(anonymous_30)
FNDA:0,(anonymous_31)
FNDA:118,(anonymous_32)
FNDA:118,(anonymous_33)
DA:30,316
DA:53,19
DA:55,19
DA:85,19
DA:86,19
DA:89,19
DA:91,19
DA:96,169200
DA:101,19
DA:107,19
DA:108,19
DA:114,19
DA:116,19
DA:121,19
DA:122,0
DA:125,0
DA:128,19
DA:129,19
DA:134,19
DA:137,0
DA:139,0
DA:140,0
DA:142,0
DA:156,19
DA:173,19
DA:174,19
DA:177,19
DA:183,19
DA:184,19
DA:190,19
DA:191,19
DA:232,19
DA:240,19
DA:242,19
DA:259,19
DA:261,0
DA:262,0
DA:264,0
DA:280,19
DA:282,0
DA:283,0
DA:285,0
DA:316,118
DA:317,8
DA:319,8
DA:320,4
DA:321,8
DA:324,8
DA:328,118
DA:331,141
DA:339,263
DA:340,22
DA:341,8
DA:343,14
DA:348,8
DA:359,130
DA:366,11
DA:405,118
DA:418,118
DA:427,19
DA:428,0
DA:429,0
DA:431,0
DA:439,19
DA:441,4
DA:447,4
DA:448,0
DA:454,4
DA:455,0
DA:458,4
DA:459,4
DA:461,4
DA:464,4
DA:469,4
DA:471,4
DA:472,4
DA:473,0
DA:474,0
DA:475,4
DA:479,4
DA:480,4
DA:481,8
DA:483,8
DA:484,80
DA:490,8
DA:493,4
DA:494,4
DA:498,4
DA:505,0
DA:506,0
DA:509,19
DA:510,0
DA:512,0
DA:519,0
DA:522,0
DA:525,0
DA:529,19
DA:530,118
DA:562,118
DA:563,0
DA:581,118
DA:582,118
LF:102
LH:75
BRDA:121,0,0,0
BRDA:121,0,1,19
BRDA:134,1,0,0
BRDA:134,1,1,19
BRDA:183,2,0,19
BRDA:183,2,1,0
BRDA:190,3,0,19
BRDA:190,3,1,0
BRDA:319,4,0,4
BRDA:319,4,1,4
BRDA:339,5,0,22
BRDA:339,5,1,241
BRDA:339,6,0,263
BRDA:339,6,1,141
BRDA:340,7,0,8
BRDA:340,7,1,14
BRDA:352,8,0,4
BRDA:352,8,1,4
BRDA:428,9,0,0
BRDA:428,9,1,0
BRDA:447,10,0,0
BRDA:447,10,1,4
BRDA:454,11,0,0
BRDA:454,11,1,4
BRDA:472,12,0,0
BRDA:472,12,1,4
BRDA:485,13,0,0
BRDA:485,13,1,80
BRDA:534,14,0,11
BRDA:534,14,1,107
BRDA:562,15,0,0
BRDA:562,15,1,118
BRDA:607,16,0,80
BRDA:607,16,1,38
BRF:34
BRH:23
end_of_record
TN:
SF:src/code/views/management/files-view/ShowDownloadLinks.js
FN:33,ShowDownloadLinks
FN:60,(anonymous_1)
FN:72,(anonymous_2)
FN:77,(anonymous_3)
FN:92,(anonymous_4)
FN:94,(anonymous_5)
FN:102,(anonymous_6)
FN:106,(anonymous_7)
FN:119,(anonymous_8)
FN:136,(anonymous_9)
FN:140,(anonymous_10)
FNF:11
FNH:10
FNDA:17,ShowDownloadLinks
FNDA:3,(anonymous_1)
FNDA:3,(anonymous_2)
FNDA:3,(anonymous_3)
FNDA:14,(anonymous_4)
FNDA:3,(anonymous_5)
FNDA:3,(anonymous_6)
FNDA:3,(anonymous_7)
FNDA:3,(anonymous_8)
FNDA:3,(anonymous_9)
FNDA:0,(anonymous_10)
DA:17,316
DA:35,17
DA:46,17
DA:47,17
DA:48,17
DA:51,17
DA:52,17
DA:53,102
DA:59,102
DA:60,17
DA:61,3
DA:70,102
DA:72,17
DA:74,3
DA:78,3
DA:86,102
DA:89,17
DA:90,17
DA:92,17
DA:93,14
DA:94,3
DA:95,3
DA:96,3
DA:97,3
DA:102,17
DA:103,3
DA:105,3
DA:106,3
DA:107,3
DA:110,3
DA:115,3
DA:116,3
DA:119,17
DA:121,3
DA:123,3
DA:124,3
DA:133,3
DA:136,17
DA:137,3
DA:140,17
DA:141,0
DA:144,17
LF:42
LH:41
BRDA:47,0,0,17
BRDA:47,0,1,0
BRDA:59,1,0,17
BRDA:59,1,1,85
BRDA:61,2,0,0
BRDA:61,2,1,3
BRDA:70,3,0,17
BRDA:70,3,1,85
BRDA:74,4,0,0
BRDA:74,4,1,3
BRDA:93,5,0,3
BRDA:93,5,1,11
BRDA:164,6,0,3
BRDA:164,6,1,14
BRF:14
BRH:11
end_of_record
TN:
SF:src/code/views/management/files-view/ShowFileDeletion.js
FN:16,ShowFileDeletion
FN:40,(anonymous_1)
FN:49,(anonymous_2)
FN:64,(anonymous_3)
FN:68,(anonymous_4)
FN:73,(anonymous_5)
FN:74,(anonymous_6)
FNF:7
FNH:2
FNDA:11,ShowFileDeletion
FNDA:11,(anonymous_1)
FNDA:0,(anonymous_2)
FNDA:0,(anonymous_3)
FNDA:0,(anonymous_4)
FNDA:0,(anonymous_5)
FNDA:0,(anonymous_6)
DA:18,11
DA:25,11
DA:26,11
DA:27,44
DA:33,44
DA:36,11
DA:37,11
DA:38,11
DA:40,11
DA:41,11
DA:43,0
DA:44,0
DA:49,11
DA:51,0
DA:53,0
DA:54,0
DA:61,0
DA:64,11
DA:65,0
DA:68,11
DA:69,0
DA:70,0
DA:73,11
DA:74,0
DA:75,0
DA:82,0
DA:85,0
DA:87,0
DA:88,0
DA:89,0
DA:92,11
LF:31
LH:15
BRDA:41,0,0,0
BRDA:41,0,1,11
BRDA:82,1,0,0
BRDA:82,1,1,0
BRDA:95,2,0,11
BRDA:95,2,1,0
BRDA:134,3,0,0
BRDA:134,3,1,11
BRF:8
BRH:3
end_of_record
TN:
SF:src/code/views/management/projects-view/ProjectsView.js
FNF:0
FNH:0
LF:0
LH:0
BRF:0
BRH:0
end_of_record
TN:
SF:src/code/views/submission/Submission.js
FN:22,(anonymous_0)
FN:28,(anonymous_1)
FN:39,(anonymous_2)
FN:50,(anonymous_3)
FN:98,(anonymous_4)
FN:110,(anonymous_5)
FN:126,(anonymous_6)
FN:157,(anonymous_7)
FN:196,(anonymous_8)
FN:198,(anonymous_9)
FN:199,(anonymous_10)
FN:235,(anonymous_11)
FN:245,(anonymous_12)
FN:258,(anonymous_13)
FN:276,(anonymous_14)
FN:297,(anonymous_15)
FN:298,(anonymous_16)
FN:304,(anonymous_17)
FN:326,(anonymous_18)
FN:327,(anonymous_19)
FN:332,(anonymous_20)
FN:339,(anonymous_21)
FN:346,(anonymous_22)
FN:353,(anonymous_23)
FN:379,(anonymous_24)
FN:401,(anonymous_25)
FN:402,(anonymous_26)
FN:407,(anonymous_27)
FN:413,(anonymous_28)
FN:420,(anonymous_29)
FN:427,(anonymous_30)
FN:433,(anonymous_31)
FN:446,(anonymous_32)
FN:450,(anonymous_33)
FN:457,(anonymous_34)
FN:491,(anonymous_35)
FN:492,(anonymous_36)
FN:506,(anonymous_37)
FN:512,(anonymous_38)
FN:518,(anonymous_39)
FN:519,(anonymous_40)
FN:528,(anonymous_41)
FN:546,(anonymous_42)
FN:588,(anonymous_43)
FN:592,(anonymous_44)
FN:670,(anonymous_45)
FN:691,(anonymous_46)
FN:698,(anonymous_47)
FN:729,(anonymous_48)
FN:745,(anonymous_49)
FN:751,(anonymous_50)
FNF:51
FNH:32
FNDA:151,(anonymous_0)
FNDA:136,(anonymous_1)
FNDA:0,(anonymous_2)
FNDA:148,(anonymous_3)
FNDA:148,(anonymous_4)
FNDA:23,(anonymous_5)
FNDA:190,(anonymous_6)
FNDA:19,(anonymous_7)
FNDA:26,(anonymous_8)
FNDA:234,(anonymous_9)
FNDA:78,(anonymous_10)
FNDA:12,(anonymous_11)
FNDA:148,(anonymous_12)
FNDA:19,(anonymous_13)
FNDA:2406,(anonymous_14)
FNDA:26,(anonymous_15)
FNDA:30,(anonymous_16)
FNDA:1350,(anonymous_17)
FNDA:30,(anonymous_18)
FNDA:270,(anonymous_19)
FNDA:30,(anonymous_20)
FNDA:342,(anonymous_21)
FNDA:30,(anonymous_22)
FNDA:0,(anonymous_23)
FNDA:0,(anonymous_24)
FNDA:0,(anonymous_25)
FNDA:0,(anonymous_26)
FNDA:0,(anonymous_27)
FNDA:0,(anonymous_28)
FNDA:0,(anonymous_29)
FNDA:19,(anonymous_30)
FNDA:12030,(anonymous_31)
FNDA:0,(anonymous_32)
FNDA:517,(anonymous_33)
FNDA:2114,(anonymous_34)
FNDA:517,(anonymous_35)
FNDA:5170,(anonymous_36)
FNDA:0,(anonymous_37)
FNDA:0,(anonymous_38)
FNDA:0,(anonymous_39)
FNDA:0,(anonymous_40)
FNDA:0,(anonymous_41)
FNDA:7,(anonymous_42)
FNDA:1134,(anonymous_43)
FNDA:630,(anonymous_44)
FNDA:12,(anonymous_45)
FNDA:0,(anonymous_46)
FNDA:0,(anonymous_47)
FNDA:0,(anonymous_48)
FNDA:0,(anonymous_49)
FNDA:0,(anonymous_50)
DA:19,316
DA:23,151
DA:25,151
DA:28,151
DA:30,136
DA:32,136
DA:33,0
DA:39,151
DA:41,0
DA:43,0
DA:44,0
DA:50,151
DA:52,148
DA:54,148
DA:55,148
DA:57,1668
DA:58,1668
DA:59,12663
DA:60,12663
DA:74,12663
DA:75,765
DA:78,12663
DA:79,1182
DA:82,12663
DA:83,0
DA:86,12663
DA:87,903
DA:90,12663
DA:93,1668
DA:94,1668
DA:98,151
DA:100,148
DA:102,148
DA:104,148
DA:110,151
DA:111,23
DA:112,0
DA:116,23
DA:117,108
DA:118,772
DA:119,0
DA:123,23
DA:126,151
DA:128,190
DA:129,190
DA:130,1413
DA:131,1413
DA:133,1413
DA:137,957
DA:138,919
DA:142,0
DA:143,0
DA:145,0
DA:146,0
DA:147,0
DA:148,0
DA:150,0
DA:152,1375
DA:154,152
DA:157,151
DA:163,19
DA:196,151
DA:197,26
DA:198,234
DA:199,78
DA:203,26
DA:204,26
DA:205,260
DA:206,260
DA:207,2118
DA:208,1584
DA:210,534
DA:211,0
DA:212,0
DA:214,534
DA:219,30
DA:220,30
DA:223,260
DA:224,30
DA:227,26
DA:235,151
DA:236,12
DA:237,12
DA:239,12
DA:245,151
DA:246,148
DA:250,148
DA:251,96
DA:253,148
DA:258,151
DA:268,19
DA:270,38
DA:272,334
DA:275,334
DA:276,2406
DA:278,334
DA:279,236
DA:280,11
DA:282,225
DA:290,334
DA:297,151
DA:298,26
DA:299,30
DA:300,270
DA:303,270
DA:304,1350
DA:306,270
DA:307,180
DA:308,18
DA:310,162
DA:318,270
DA:325,26
DA:326,26
DA:327,270
DA:330,26
DA:331,26
DA:332,26
DA:333,30
DA:335,30
DA:339,342
DA:341,30
DA:342,0
DA:344,30
DA:346,30
DA:353,151
DA:370,0
DA:371,0
DA:373,0
DA:375,0
DA:378,0
DA:379,0
DA:381,0
DA:382,0
DA:383,0
DA:385,0
DA:393,0
DA:400,0
DA:401,0
DA:402,0
DA:405,0
DA:406,0
DA:407,0
DA:408,0
DA:410,0
DA:411,0
DA:413,0
DA:415,0
DA:416,0
DA:418,0
DA:420,0
DA:427,151
DA:429,19
DA:431,19
DA:432,190
DA:433,12030
DA:434,1670
DA:435,1670
DA:437,1670
DA:438,0
DA:443,19
DA:446,151
DA:447,0
DA:450,151
DA:451,517
DA:452,517
DA:453,517
DA:455,517
DA:456,517
DA:457,517
DA:458,2114
DA:461,517
DA:462,0
DA:463,0
DA:464,0
DA:466,0
DA:469,517
DA:476,517
DA:477,0
DA:491,517
DA:492,517
DA:493,5170
DA:495,517
DA:506,151
DA:508,0
DA:509,0
DA:511,0
DA:512,0
DA:513,0
DA:516,0
DA:517,0
DA:518,0
DA:519,0
DA:520,0
DA:522,0
DA:528,151
DA:532,0
DA:533,0
DA:538,0
DA:540,0
DA:541,0
DA:546,151
DA:556,7
DA:558,7
DA:560,7
DA:562,7
DA:563,7
DA:564,7
DA:566,7
DA:568,21
DA:569,7
DA:570,7
DA:573,14
DA:575,0
DA:577,14
DA:578,14
DA:586,126
DA:587,126
DA:588,1134
DA:591,126
DA:592,630
DA:599,126
DA:602,0
DA:603,126
DA:608,0
DA:609,0
DA:610,0
DA:611,0
DA:615,0
DA:617,126
DA:618,42
DA:619,42
DA:620,14
DA:621,28
DA:622,14
DA:640,42
DA:641,42
DA:645,42
DA:647,84
DA:649,126
DA:657,14
DA:660,7
DA:663,7
DA:670,151
DA:671,12
DA:673,12
DA:674,4
DA:675,8
DA:676,4
DA:679,12
DA:691,151
DA:692,0
DA:693,0
DA:695,0
DA:699,0
DA:700,0
DA:706,0
DA:707,0
DA:724,0
DA:729,0
DA:745,0
DA:751,0
LF:261
LH:178
BRDA:32,0,0,0
BRDA:32,0,1,136
BRDA:43,1,0,0
BRDA:43,1,1,0
BRDA:74,2,0,765
BRDA:74,2,1,11898
BRDA:78,3,0,1182
BRDA:78,3,1,11481
BRDA:82,4,0,0
BRDA:82,4,1,12663
BRDA:86,5,0,903
BRDA:86,5,1,11760
BRDA:111,6,0,0
BRDA:111,6,1,23
BRDA:118,7,0,0
BRDA:118,7,1,772
BRDA:133,8,0,957
BRDA:133,8,1,957
BRDA:133,8,2,957
BRDA:133,8,3,0
BRDA:133,8,4,0
BRDA:133,8,5,0
BRDA:137,9,0,38
BRDA:137,9,1,919
BRDA:142,10,0,0
BRDA:142,10,1,0
BRDA:142,11,0,0
BRDA:142,11,1,0
BRDA:145,12,0,0
BRDA:145,12,1,0
BRDA:146,13,0,0
BRDA:146,13,1,0
BRDA:147,14,0,0
BRDA:147,14,1,0
BRDA:207,15,0,1584
BRDA:207,15,1,534
BRDA:210,16,0,0
BRDA:210,16,1,534
BRDA:210,17,0,534
BRDA:210,17,1,0
BRDA:214,18,0,30
BRDA:214,18,1,504
BRDA:215,19,0,534
BRDA:215,19,1,438
BRDA:215,19,2,438
BRDA:223,20,0,30
BRDA:223,20,1,230
BRDA:250,21,0,96
BRDA:250,21,1,52
BRDA:253,22,0,148
BRDA:253,22,1,0
BRDA:278,23,0,236
BRDA:278,23,1,98
BRDA:279,24,0,11
BRDA:279,24,1,225
BRDA:279,25,0,236
BRDA:279,25,1,225
BRDA:283,26,0,58
BRDA:283,26,1,167
BRDA:290,27,0,11
BRDA:290,27,1,323
BRDA:306,28,0,180
BRDA:306,28,1,90
BRDA:307,29,0,18
BRDA:307,29,1,162
BRDA:307,30,0,180
BRDA:307,30,1,162
BRDA:311,31,0,90
BRDA:311,31,1,72
BRDA:318,32,0,18
BRDA:318,32,1,252
BRDA:330,33,0,26
BRDA:330,33,1,0
BRDA:339,34,0,30
BRDA:339,34,1,8
BRDA:341,35,0,0
BRDA:341,35,1,30
BRDA:381,36,0,0
BRDA:381,36,1,0
BRDA:382,37,0,0
BRDA:382,37,1,0
BRDA:382,38,0,0
BRDA:382,38,1,0
BRDA:386,39,0,0
BRDA:386,39,1,0
BRDA:393,40,0,0
BRDA:393,40,1,0
BRDA:405,41,0,0
BRDA:405,41,1,0
BRDA:413,42,0,0
BRDA:413,42,1,0
BRDA:415,43,0,0
BRDA:415,43,1,0
BRDA:434,44,0,118
BRDA:434,44,1,1552
BRDA:437,45,0,0
BRDA:437,45,1,1670
BRDA:461,46,0,0
BRDA:461,46,1,517
BRDA:463,47,0,0
BRDA:463,47,1,0
BRDA:476,48,0,0
BRDA:476,48,1,517
BRDA:476,49,0,517
BRDA:476,49,1,517
BRDA:493,50,0,0
BRDA:493,50,1,5170
BRDA:520,51,0,0
BRDA:520,51,1,0
BRDA:532,52,0,0
BRDA:532,52,1,0
BRDA:540,53,0,0
BRDA:540,53,1,0
BRDA:568,54,0,7
BRDA:568,54,1,14
BRDA:573,55,0,0
BRDA:573,55,1,14
BRDA:599,56,0,0
BRDA:599,56,1,126
BRDA:603,57,0,0
BRDA:603,57,1,126
BRDA:609,58,0,0
BRDA:609,58,1,0
BRDA:617,59,0,42
BRDA:617,59,1,84
BRDA:619,60,0,14
BRDA:619,60,1,28
BRDA:621,61,0,14
BRDA:621,61,1,14
BRDA:673,62,0,4
BRDA:673,62,1,8
BRDA:675,63,0,4
BRDA:675,63,1,4
BRDA:692,64,0,0
BRDA:692,64,1,0
BRDA:706,65,0,0
BRDA:706,65,1,0
BRDA:726,66,0,0
BRDA:726,66,1,0
BRDA:726,67,0,0
BRDA:726,67,1,0
BRDA:749,68,0,0
BRDA:749,68,1,0
BRF:143
BRH:76
end_of_record
TN:
SF:src/code/views/submission/components/ActionTableSubmit.js
FN:32,(anonymous_0)
FNF:1
FNH:1
FNDA:300,(anonymous_0)
DA:33,300
LF:1
LH:1
BRF:0
BRH:0
end_of_record
TN:
SF:src/code/views/submission/components/ErrorDialog.js
FN:6,Alert
FN:10,ErrorDialog
FN:15,(anonymous_2)
FNF:3
FNH:3
FNDA:161,Alert
FNDA:83,ErrorDialog
FNDA:3,(anonymous_2)
DA:7,161
DA:11,83
DA:12,83
DA:13,83
DA:15,83
DA:16,3
DA:24,83
DA:26,22
DA:27,22
DA:28,22
DA:31,22
DA:44,61
LF:12
LH:12
BRDA:24,0,0,22
BRDA:24,0,1,61
BRDA:24,1,0,83
BRDA:24,1,1,83
BRDA:27,2,0,22
BRDA:27,2,1,0
BRF:6
BRH:5
end_of_record
TN:
SF:src/code/views/submission/components/Explanation.js
FN:6,(anonymous_0)
FNF:1
FNH:1
FNDA:9,(anonymous_0)
DA:6,316
DA:7,9
DA:8,9
DA:10,9
DA:11,0
DA:45,9
DA:46,9
DA:74,0
LF:8
LH:6
BRDA:10,0,0,0
BRDA:10,0,1,9
BRDA:45,1,0,9
BRDA:45,1,1,0
BRF:4
BRH:2
end_of_record
TN:
SF:src/code/views/submission/components/Instructions.js
FN:10,SimpleDialog
FN:13,(anonymous_1)
FN:34,Instructions
FN:37,(anonymous_3)
FN:41,(anonymous_4)
FNF:5
FNH:5
FNDA:1188,SimpleDialog
FNDA:3,(anonymous_1)
FNDA:1188,Instructions
FNDA:3,(anonymous_3)
FNDA:3,(anonymous_4)
DA:11,1188
DA:13,1185
DA:14,3
DA:17,1185
DA:29,316
DA:35,1188
DA:37,1185
DA:38,3
DA:41,1185
DA:42,3
DA:45,1185
LF:11
LH:11
BRF:0
BRH:0
end_of_record
TN:
SF:src/code/views/submission/components/PopupError.js
FN:4,PopupError
FN:10,(anonymous_1)
FNF:2
FNH:0
FNDA:0,PopupError
FNDA:0,(anonymous_1)
DA:6,0
DA:8,0
DA:10,0
DA:11,0
DA:12,0
DA:15,0
LF:6
LH:0
BRF:0
BRH:0
end_of_record
TN:
SF:src/code/views/submission/components/S3Uploader.js
FN:32,(anonymous_0)
FN:40,(anonymous_1)
FN:43,(anonymous_2)
FN:48,(anonymous_3)
FN:58,(anonymous_4)
FN:106,(anonymous_5)
FN:107,(anonymous_6)
FN:113,(anonymous_7)
FN:168,(anonymous_8)
FN:191,(anonymous_9)
FN:210,(anonymous_10)
FN:213,(anonymous_11)
FN:216,(anonymous_12)
FN:227,(anonymous_13)
FN:232,(anonymous_14)
FN:241,(anonymous_15)
FN:243,(anonymous_16)
FNF:17
FNH:3
FNDA:2442,(anonymous_0)
FNDA:0,(anonymous_1)
FNDA:0,(anonymous_2)
FNDA:0,(anonymous_3)
FNDA:0,(anonymous_4)
FNDA:0,(anonymous_5)
FNDA:0,(anonymous_6)
FNDA:0,(anonymous_7)
FNDA:0,(anonymous_8)
FNDA:0,(anonymous_9)
FNDA:0,(anonymous_10)
FNDA:0,(anonymous_11)
FNDA:0,(anonymous_12)
FNDA:2411,(anonymous_13)
FNDA:0,(anonymous_14)
FNDA:2411,(anonymous_15)
FNDA:0,(anonymous_16)
DA:25,316
DA:32,316
DA:33,2442
DA:34,2411
DA:36,2411
DA:41,0
DA:44,0
DA:48,2411
DA:49,0
DA:58,2411
DA:69,0
DA:103,0
DA:108,0
DA:114,0
DA:115,0
DA:121,0
DA:123,0
DA:129,0
DA:132,0
DA:135,0
DA:137,0
DA:138,0
DA:142,0
DA:144,0
DA:150,0
DA:153,0
DA:156,0
DA:160,0
DA:161,0
DA:168,2411
DA:169,0
DA:170,0
DA:173,0
DA:190,0
DA:192,0
DA:198,0
DA:200,0
DA:202,0
DA:207,0
DA:210,2411
DA:211,0
DA:212,0
DA:213,0
DA:216,0
DA:217,0
DA:220,0
DA:221,0
DA:223,0
DA:227,2411
DA:237,0
DA:241,2411
DA:242,2411
DA:244,0
DA:249,2411
LF:54
LH:13
BRDA:114,0,0,0
BRDA:114,0,1,0
BRDA:121,1,0,0
BRDA:121,1,1,0
BRDA:129,2,0,0
BRDA:129,2,1,0
BRDA:137,3,0,0
BRDA:137,3,1,0
BRDA:142,4,0,0
BRDA:142,4,1,0
BRDA:150,5,0,0
BRDA:150,5,1,0
BRDA:160,6,0,0
BRDA:160,6,1,0
BRDA:169,7,0,0
BRDA:169,7,1,0
BRDA:242,8,0,0
BRDA:242,8,1,2411
BRF:18
BRH:1
end_of_record
TN:
SF:src/code/views/submission/components/TableSubmitMerged.js
FN:26,(anonymous_0)
FN:32,(anonymous_1)
FN:39,(anonymous_2)
FN:40,(anonymous_3)
FN:50,(anonymous_4)
FN:51,(anonymous_5)
FN:56,(anonymous_6)
FN:65,(anonymous_7)
FN:86,(anonymous_8)
FN:141,(anonymous_9)
FN:162,(anonymous_10)
FN:175,(anonymous_11)
FN:182,(anonymous_12)
FN:194,(anonymous_13)
FN:235,(anonymous_14)
FN:246,(anonymous_15)
FN:262,(anonymous_16)
FN:263,(anonymous_17)
FN:264,(anonymous_18)
FN:267,(anonymous_19)
FN:281,(anonymous_20)
FN:282,(anonymous_21)
FN:288,(anonymous_22)
FN:289,(anonymous_23)
FN:300,(anonymous_24)
FN:306,(anonymous_25)
FN:316,(anonymous_26)
FN:319,(anonymous_27)
FN:323,(anonymous_28)
FN:324,(anonymous_29)
FN:332,(anonymous_30)
FN:333,(anonymous_31)
FN:400,(anonymous_32)
FNF:33
FNH:22
FNDA:31,(anonymous_0)
FNDA:48220,(anonymous_1)
FNDA:7233,(anonymous_2)
FNDA:28932,(anonymous_3)
FNDA:0,(anonymous_4)
FNDA:0,(anonymous_5)
FNDA:300,(anonymous_6)
FNDA:10140,(anonymous_7)
FNDA:48220,(anonymous_8)
FNDA:4532,(anonymous_9)
FNDA:0,(anonymous_10)
FNDA:300,(anonymous_11)
FNDA:506310,(anonymous_12)
FNDA:2,(anonymous_13)
FNDA:300,(anonymous_14)
FNDA:3,(anonymous_15)
FNDA:400,(anonymous_16)
FNDA:20,(anonymous_17)
FNDA:2,(anonymous_18)
FNDA:20,(anonymous_19)
FNDA:400,(anonymous_20)
FNDA:20,(anonymous_21)
FNDA:400,(anonymous_22)
FNDA:0,(anonymous_23)
FNDA:0,(anonymous_24)
FNDA:0,(anonymous_25)
FNDA:0,(anonymous_26)
FNDA:0,(anonymous_27)
FNDA:20,(anonymous_28)
FNDA:0,(anonymous_29)
FNDA:0,(anonymous_30)
FNDA:0,(anonymous_31)
FNDA:4,(anonymous_32)
DA:27,31
DA:28,31
DA:29,31
DA:32,31
DA:33,48220
DA:39,31
DA:40,7233
DA:41,28932
DA:50,31
DA:51,0
DA:52,0
DA:56,31
DA:58,300
DA:59,300
DA:60,5380
DA:61,5380
DA:63,5380
DA:66,10140
DA:79,5380
DA:80,5380
DA:81,5380
DA:83,300
DA:86,31
DA:88,48220
DA:91,38576
DA:106,7233
DA:121,0
DA:135,2411
DA:136,2411
DA:142,4532
DA:154,0
DA:156,0
DA:163,0
DA:175,31
DA:178,300
DA:179,300
DA:180,2411
DA:181,2411
DA:182,506310
DA:183,48220
DA:189,2411
DA:191,300
DA:194,31
DA:195,2
DA:196,2
DA:197,2
DA:198,2
DA:199,2
DA:200,40
DA:207,2
DA:208,0
DA:211,2
DA:213,2
DA:220,2
DA:221,2
DA:222,2
DA:227,0
DA:228,0
DA:232,2
DA:236,300
DA:237,300
DA:243,300
DA:248,3
DA:249,2
DA:250,0
DA:254,2
DA:260,2
DA:262,400
DA:263,20
DA:264,2
DA:267,2
DA:268,20
DA:273,2
DA:274,2
DA:275,0
DA:279,2
DA:281,400
DA:282,20
DA:286,2
DA:288,400
DA:289,0
DA:291,2
DA:295,2
DA:299,2
DA:300,0
DA:305,2
DA:306,0
DA:309,2
DA:311,2
DA:315,2
DA:316,0
DA:318,2
DA:319,0
DA:322,2
DA:323,20
DA:325,0
DA:326,0
DA:331,2
DA:332,0
DA:334,0
DA:335,0
DA:338,2
DA:340,0
DA:347,2
DA:349,0
DA:400,4
LF:106
LH:83
BRDA:33,0,0,56
BRDA:33,0,1,48164
BRDA:41,1,0,294
BRDA:41,1,1,28638
BRDA:64,2,0,5380
BRDA:64,2,1,0
BRDA:64,3,0,5380
BRDA:64,3,1,0
BRDA:69,4,0,7605
BRDA:69,4,1,2535
BRDA:70,5,0,10140
BRDA:70,5,1,0
BRDA:88,6,0,38576
BRDA:88,6,1,7233
BRDA:88,6,2,0
BRDA:88,6,3,2411
BRDA:88,6,4,0
BRDA:207,7,0,0
BRDA:207,7,1,2
BRDA:222,8,0,0
BRDA:222,8,1,2
BRDA:249,9,0,0
BRDA:249,9,1,2
BRDA:274,10,0,0
BRDA:274,10,1,2
BRDA:291,11,0,2
BRDA:291,11,1,0
BRDA:292,12,0,2
BRDA:292,12,1,2
BRF:29
BRH:19
end_of_record
TN:
SF:src/code/views/submission/components/helper.js
FN:1,findErrors
FN:5,(anonymous_1)
FN:6,(anonymous_2)
FNF:3
FNH:3
FNDA:1195,findErrors
FNDA:9828,(anonymous_1)
FNDA:99395,(anonymous_2)
DA:3,1195
DA:5,1195
DA:6,9828
DA:7,99395
DA:8,93
DA:13,1195
LF:6
LH:6
BRDA:7,0,0,93
BRDA:7,0,1,99302
BRF:2
BRH:2
end_of_record
TN:
SF:src/code/views/submission/components/UploadItem/UploadItem.js
FN:5,(anonymous_0)
FN:16,(anonymous_1)
FNF:2
FNH:0
FNDA:0,(anonymous_0)
FNDA:0,(anonymous_1)
DA:5,316
DA:7,0
DA:10,0
DA:16,0
DA:18,0
DA:19,0
DA:23,0
LF:7
LH:1
BRDA:18,0,0,0
BRDA:18,0,1,0
BRDA:30,1,0,0
BRDA:30,1,1,0
BRF:4
BRH:0
end_of_record
TN:
SF:src/code/views/submission/submit-datasets/ActionTableSubmit.js
FN:32,(anonymous_0)
FNF:1
FNH:1
FNDA:879,(anonymous_0)
DA:33,879
LF:1
LH:1
BRF:0
BRH:0
end_of_record
TN:
SF:src/code/views/submission/submit-datasets/SelectProject.js
FN:29,(anonymous_0)
FN:46,SelectProject
FN:62,(anonymous_2)
FN:65,(anonymous_3)
FN:84,(anonymous_4)
FN:97,(anonymous_5)
FN:139,(anonymous_6)
FN:145,(anonymous_7)
FNF:8
FNH:7
FNDA:0,(anonymous_0)
FNDA:591,SelectProject
FNDA:81,(anonymous_2)
FNDA:162,(anonymous_3)
FNDA:441,(anonymous_4)
FNDA:210,(anonymous_5)
FNDA:762,(anonymous_6)
FNDA:81,(anonymous_7)
DA:21,316
DA:29,316
DA:30,0
DA:47,591
DA:49,486
DA:55,486
DA:56,486
DA:58,486
DA:60,486
DA:62,486
DA:64,81
DA:65,162
DA:68,81
DA:74,81
DA:75,31
DA:78,81
DA:79,50
DA:81,81
DA:84,486
DA:85,441
DA:88,210
DA:92,210
DA:93,0
DA:94,0
DA:97,210
DA:98,210
DA:103,210
DA:104,198
DA:105,198
DA:107,210
DA:111,486
DA:112,81
DA:118,486
DA:119,0
DA:134,486
DA:140,762
DA:145,81
LF:37
LH:33
BRDA:74,0,0,31
BRDA:74,0,1,50
BRDA:78,1,0,50
BRDA:78,1,1,31
BRDA:85,2,0,210
BRDA:85,2,1,231
BRDA:92,3,0,0
BRDA:92,3,1,210
BRDA:111,4,0,81
BRDA:111,4,1,405
BRDA:118,5,0,0
BRDA:118,5,1,486
BRF:12
BRH:10
end_of_record
TN:
SF:src/code/views/submission/submit-datasets/SubmissionDialog.js
FN:4,SubmissionDialog
FNF:1
FNH:1
FNDA:22,SubmissionDialog
DA:5,22
DA:6,22
DA:8,22
DA:9,22
DA:10,2
DA:22,20
DA:23,6
DA:37,14
LF:8
LH:8
BRDA:8,0,0,22
BRDA:8,0,1,0
BRDA:9,1,0,2
BRDA:9,1,1,20
BRDA:22,2,0,6
BRDA:22,2,1,14
BRF:6
BRH:5
end_of_record
TN:
SF:src/code/views/submission/submit-datasets/SubmitDataset.js
FN:49,(anonymous_0)
FN:72,(anonymous_1)
FN:95,(anonymous_2)
FN:116,(anonymous_3)
FN:124,(anonymous_4)
FN:135,(anonymous_5)
FN:165,(anonymous_6)
FN:179,(anonymous_7)
FN:208,(anonymous_8)
FN:225,(anonymous_9)
FN:227,(anonymous_10)
FN:228,(anonymous_11)
FN:260,(anonymous_12)
FN:270,(anonymous_13)
FN:287,(anonymous_14)
FN:293,(anonymous_15)
FN:308,(anonymous_16)
FN:314,(anonymous_17)
FN:335,(anonymous_18)
FN:346,(anonymous_19)
FN:350,(anonymous_20)
FN:351,(anonymous_21)
FN:374,(anonymous_22)
FN:406,(anonymous_23)
FN:407,(anonymous_24)
FN:414,(anonymous_25)
FN:416,(anonymous_26)
FN:436,(anonymous_27)
FN:473,(anonymous_28)
FN:477,(anonymous_29)
FN:481,(anonymous_30)
FN:486,(anonymous_31)
FN:489,(anonymous_32)
FN:499,(anonymous_33)
FN:511,(anonymous_34)
FN:514,(anonymous_35)
FN:525,(anonymous_36)
FN:531,(anonymous_37)
FN:538,(anonymous_38)
FN:545,(anonymous_39)
FN:569,(anonymous_40)
FN:611,(anonymous_41)
FN:615,(anonymous_42)
FN:693,(anonymous_43)
FN:707,(anonymous_44)
FN:721,(anonymous_45)
FN:738,(anonymous_46)
FN:756,(anonymous_47)
FN:783,(anonymous_48)
FNF:49
FNH:28
FNDA:43,(anonymous_0)
FNDA:31,(anonymous_1)
FNDA:62,(anonymous_2)
FNDA:682,(anonymous_3)
FNDA:31,(anonymous_4)
FNDA:620,(anonymous_5)
FNDA:43,(anonymous_6)
FNDA:0,(anonymous_7)
FNDA:0,(anonymous_8)
FNDA:11,(anonymous_9)
FNDA:220,(anonymous_10)
FNDA:33,(anonymous_11)
FNDA:11,(anonymous_12)
FNDA:2310,(anonymous_13)
FNDA:220,(anonymous_14)
FNDA:0,(anonymous_15)
FNDA:0,(anonymous_16)
FNDA:0,(anonymous_17)
FNDA:11,(anonymous_18)
FNDA:110,(anonymous_19)
FNDA:220,(anonymous_20)
FNDA:156,(anonymous_21)
FNDA:220,(anonymous_22)
FNDA:0,(anonymous_23)
FNDA:0,(anonymous_24)
FNDA:2,(anonymous_25)
FNDA:0,(anonymous_26)
FNDA:2,(anonymous_27)
FNDA:2,(anonymous_28)
FNDA:4,(anonymous_29)
FNDA:0,(anonymous_30)
FNDA:0,(anonymous_31)
FNDA:0,(anonymous_32)
FNDA:0,(anonymous_33)
FNDA:0,(anonymous_34)
FNDA:0,(anonymous_35)
FNDA:0,(anonymous_36)
FNDA:0,(anonymous_37)
FNDA:0,(anonymous_38)
FNDA:0,(anonymous_39)
FNDA:4,(anonymous_40)
FNDA:3040,(anonymous_41)
FNDA:1520,(anonymous_42)
FNDA:300,(anonymous_43)
FNDA:0,(anonymous_44)
FNDA:0,(anonymous_45)
FNDA:314,(anonymous_46)
FNDA:0,(anonymous_47)
FNDA:4,(anonymous_48)
DA:23,316
DA:50,43
DA:52,43
DA:68,43
DA:69,43
DA:73,31
DA:75,31
DA:80,31
DA:87,31
DA:88,31
DA:90,31
DA:92,0
DA:96,62
DA:102,62
DA:103,62
DA:110,62
DA:112,62
DA:116,682
DA:118,62
DA:120,62
DA:124,43
DA:126,31
DA:127,31
DA:134,31
DA:135,31
DA:136,620
DA:137,620
DA:139,31
DA:147,620
DA:148,31
DA:151,620
DA:152,31
DA:155,620
DA:156,0
DA:159,620
DA:162,31
DA:166,43
DA:167,31
DA:169,31
DA:172,31
DA:175,31
DA:179,43
DA:184,0
DA:189,0
DA:191,0
DA:192,0
DA:193,0
DA:197,0
DA:198,0
DA:205,0
DA:208,43
DA:209,0
DA:210,0
DA:217,0
DA:219,0
DA:225,43
DA:226,11
DA:227,220
DA:228,33
DA:232,11
DA:233,11
DA:234,110
DA:235,110
DA:236,2003
DA:237,1782
DA:239,221
DA:240,0
DA:241,0
DA:243,221
DA:249,11
DA:250,11
DA:253,110
DA:254,11
DA:257,11
DA:261,11
DA:264,11
DA:265,11
DA:267,11
DA:269,220
DA:270,2310
DA:272,220
DA:273,220
DA:274,220
DA:275,220
DA:276,165
DA:277,52
DA:280,165
DA:281,0
DA:286,220
DA:287,220
DA:289,11
DA:291,0
DA:293,0
DA:296,0
DA:297,0
DA:299,0
DA:300,0
DA:302,0
DA:307,220
DA:308,0
DA:310,0
DA:312,0
DA:314,0
DA:317,0
DA:318,0
DA:320,0
DA:321,0
DA:323,0
DA:335,43
DA:336,11
DA:337,11
DA:338,11
DA:346,110
DA:348,11
DA:350,220
DA:351,156
DA:362,11
DA:363,0
DA:364,0
DA:367,11
DA:371,11
DA:372,11
DA:373,11
DA:374,11
DA:375,220
DA:377,11
DA:378,11
DA:381,11
DA:383,11
DA:384,11
DA:390,10
DA:391,10
DA:392,0
DA:393,0
DA:399,0
DA:402,10
DA:403,10
DA:406,43
DA:407,0
DA:408,0
DA:410,0
DA:411,0
DA:414,43
DA:415,2
DA:416,0
DA:426,2
DA:431,2
DA:432,2
DA:436,43
DA:441,2
DA:444,2
DA:445,2
DA:446,40
DA:448,2
DA:451,2
DA:452,20
DA:453,20
DA:456,400
DA:457,20
DA:459,380
DA:462,20
DA:465,2
DA:466,2
DA:473,43
DA:474,2
DA:477,43
DA:478,4
DA:481,43
DA:485,0
DA:486,0
DA:487,0
DA:489,0
DA:490,0
DA:493,0
DA:499,43
DA:510,0
DA:511,0
DA:512,0
DA:514,0
DA:515,0
DA:518,0
DA:525,43
DA:526,0
DA:529,0
DA:530,0
DA:531,0
DA:533,0
DA:534,0
DA:535,0
DA:538,43
DA:539,0
DA:540,0
DA:542,0
DA:545,43
DA:553,0
DA:554,0
DA:559,0
DA:561,0
DA:562,0
DA:569,43
DA:577,4
DA:579,4
DA:581,4
DA:585,4
DA:586,4
DA:587,4
DA:589,4
DA:591,12
DA:592,4
DA:593,4
DA:596,8
DA:598,0
DA:600,8
DA:601,8
DA:609,152
DA:610,152
DA:611,3040
DA:614,152
DA:615,1520
DA:622,152
DA:625,0
DA:626,152
DA:631,0
DA:635,0
DA:636,0
DA:637,0
DA:641,0
DA:643,152
DA:644,24
DA:645,24
DA:646,4
DA:647,20
DA:648,4
DA:655,24
DA:657,4
DA:658,4
DA:663,24
DA:664,24
DA:668,24
DA:670,128
DA:672,152
DA:680,8
DA:683,4
DA:686,4
DA:693,43
DA:694,300
DA:695,300
DA:697,300
DA:698,0
DA:699,0
DA:701,0
DA:704,300
DA:705,14
DA:707,0
DA:712,286
DA:721,43
DA:722,0
DA:739,314
DA:740,12
DA:743,302
DA:745,302
DA:746,302
DA:751,302
DA:756,0
DA:783,4
LF:265
LH:182
BRDA:87,0,0,31
BRDA:87,0,1,0
BRDA:137,1,0,31
BRDA:137,1,1,589
BRDA:147,2,0,31
BRDA:147,2,1,589
BRDA:151,3,0,31
BRDA:151,3,1,589
BRDA:155,4,0,0
BRDA:155,4,1,620
BRDA:166,5,0,31
BRDA:166,5,1,12
BRDA:210,6,0,0
BRDA:210,6,1,0
BRDA:211,7,0,0
BRDA:211,7,1,0
BRDA:212,8,0,0
BRDA:212,8,1,0
BRDA:212,8,2,0
BRDA:236,9,0,1782
BRDA:236,9,1,221
BRDA:239,10,0,0
BRDA:239,10,1,221
BRDA:239,11,0,221
BRDA:239,11,1,99
BRDA:243,12,0,11
BRDA:243,12,1,210
BRDA:244,13,0,221
BRDA:244,13,1,217
BRDA:244,13,2,118
BRDA:244,13,3,118
BRDA:253,14,0,11
BRDA:253,14,1,99
BRDA:275,15,0,165
BRDA:275,15,1,55
BRDA:276,16,0,52
BRDA:276,16,1,113
BRDA:276,17,0,165
BRDA:276,17,1,165
BRDA:280,18,0,0
BRDA:280,18,1,165
BRDA:280,19,0,165
BRDA:280,19,1,0
BRDA:286,20,0,11
BRDA:286,20,1,209
BRDA:289,21,0,0
BRDA:289,21,1,11
BRDA:296,22,0,0
BRDA:296,22,1,0
BRDA:299,23,0,0
BRDA:299,23,1,0
BRDA:307,24,0,0
BRDA:307,24,1,220
BRDA:310,25,0,0
BRDA:310,25,1,0
BRDA:317,26,0,0
BRDA:317,26,1,0
BRDA:320,27,0,0
BRDA:320,27,1,0
BRDA:362,28,0,0
BRDA:362,28,1,11
BRDA:391,29,0,0
BRDA:391,29,1,10
BRDA:415,30,0,0
BRDA:415,30,1,2
BRDA:426,31,0,2
BRDA:426,31,1,0
BRDA:456,32,0,20
BRDA:456,32,1,380
BRDA:490,33,0,0
BRDA:490,33,1,0
BRDA:515,34,0,0
BRDA:515,34,1,0
BRDA:539,35,0,0
BRDA:539,35,1,0
BRDA:553,36,0,0
BRDA:553,36,1,0
BRDA:561,37,0,0
BRDA:561,37,1,0
BRDA:591,38,0,4
BRDA:591,38,1,8
BRDA:596,39,0,0
BRDA:596,39,1,8
BRDA:622,40,0,0
BRDA:622,40,1,152
BRDA:626,41,0,0
BRDA:626,41,1,152
BRDA:635,42,0,0
BRDA:635,42,1,0
BRDA:643,43,0,24
BRDA:643,43,1,128
BRDA:645,44,0,4
BRDA:645,44,1,20
BRDA:647,45,0,4
BRDA:647,45,1,16
BRDA:655,46,0,4
BRDA:655,46,1,20
BRDA:655,47,0,24
BRDA:655,47,1,12
BRDA:697,48,0,0
BRDA:697,48,1,300
BRDA:704,49,0,14
BRDA:704,49,1,286
BRDA:704,50,0,300
BRDA:704,50,1,286
BRDA:722,51,0,0
BRDA:722,51,1,0
BRDA:722,52,0,0
BRDA:722,52,1,0
BRDA:739,53,0,12
BRDA:739,53,1,302
BRDA:753,54,0,2
BRDA:753,54,1,300
BRDA:822,55,0,300
BRDA:822,55,1,2
BRDA:822,55,2,2
BRDA:830,56,0,0
BRDA:830,56,1,300
BRF:118
BRH:69
end_of_record
TN:
SF:src/code/views/submission/submit-datasets/TableSubmit.js
FN:19,(anonymous_0)
FN:25,(anonymous_1)
FN:33,(anonymous_2)
FN:34,(anonymous_3)
FN:45,(anonymous_4)
FN:46,(anonymous_5)
FN:51,(anonymous_6)
FN:63,(anonymous_7)
FN:85,(anonymous_8)
FN:124,(anonymous_9)
FN:138,(anonymous_10)
FN:150,(anonymous_11)
FN:163,(anonymous_12)
FNF:13
FNH:10
FNDA:57,(anonymous_0)
FNDA:41616,(anonymous_1)
FNDA:13872,(anonymous_2)
FNDA:27744,(anonymous_3)
FNDA:0,(anonymous_4)
FNDA:0,(anonymous_5)
FNDA:568,(anonymous_6)
FNDA:8712,(anonymous_7)
FNDA:41616,(anonymous_8)
FNDA:0,(anonymous_9)
FNDA:568,(anonymous_10)
FNDA:208080,(anonymous_11)
FNDA:568,(anonymous_12)
DA:20,57
DA:21,57
DA:25,57
DA:26,41616
DA:33,57
DA:34,13872
DA:35,27744
DA:45,57
DA:46,0
DA:47,0
DA:51,57
DA:53,568
DA:54,568
DA:56,4599
DA:58,4599
DA:61,4599
DA:64,8712
DA:77,4599
DA:78,4599
DA:79,4599
DA:81,568
DA:85,57
DA:87,41616
DA:89,27744
DA:103,13872
DA:118,0
DA:119,0
DA:125,0
DA:138,57
DA:141,568
DA:147,568
DA:148,4624
DA:149,4624
DA:150,208080
DA:151,41616
DA:157,4624
DA:159,568
DA:164,568
DA:169,568
DA:175,568
LF:40
LH:35
BRDA:26,0,0,15
BRDA:26,0,1,41601
BRDA:35,1,0,516
BRDA:35,1,1,27228
BRDA:62,2,0,4599
BRDA:62,2,1,0
BRDA:62,3,0,4599
BRDA:62,3,1,0
BRDA:67,4,0,5808
BRDA:67,4,1,2904
BRDA:68,5,0,8712
BRDA:68,5,1,0
BRDA:87,6,0,27744
BRDA:87,6,1,13872
BRDA:87,6,2,0
BRF:15
BRH:11
end_of_record
TN:
SF:src/code/views/submission/submit-datasets/TableSubmitMerged.js
FN:16,(anonymous_0)
FN:21,(anonymous_1)
FN:28,(anonymous_2)
FN:29,(anonymous_3)
FN:39,(anonymous_4)
FN:40,(anonymous_5)
FN:45,(anonymous_6)
FN:54,(anonymous_7)
FN:75,(anonymous_8)
FN:130,(anonymous_9)
FN:143,(anonymous_10)
FN:150,(anonymous_11)
FN:162,(anonymous_12)
FN:173,(anonymous_13)
FN:186,(anonymous_14)
FN:187,(anonymous_15)
FN:190,(anonymous_16)
FN:195,(anonymous_17)
FN:199,(anonymous_18)
FN:200,(anonymous_19)
FN:228,(anonymous_20)
FNF:21
FNH:17
FNDA:51,(anonymous_0)
FNDA:7899,(anonymous_1)
FNDA:0,(anonymous_2)
FNDA:0,(anonymous_3)
FNDA:0,(anonymous_4)
FNDA:0,(anonymous_5)
FNDA:311,(anonymous_6)
FNDA:1389,(anonymous_7)
FNDA:7899,(anonymous_8)
FNDA:4480,(anonymous_9)
FNDA:311,(anonymous_10)
FNDA:15798,(anonymous_11)
FNDA:311,(anonymous_12)
FNDA:7,(anonymous_13)
FNDA:210,(anonymous_14)
FNDA:70,(anonymous_15)
FNDA:7,(anonymous_16)
FNDA:7,(anonymous_17)
FNDA:70,(anonymous_18)
FNDA:7,(anonymous_19)
FNDA:4,(anonymous_20)
DA:17,51
DA:18,51
DA:21,51
DA:22,7899
DA:28,51
DA:29,0
DA:30,0
DA:39,51
DA:40,0
DA:41,0
DA:45,51
DA:47,311
DA:48,311
DA:49,780
DA:50,780
DA:52,780
DA:55,1389
DA:68,780
DA:69,780
DA:70,780
DA:72,311
DA:75,51
DA:77,7899
DA:80,2633
DA:95,0
DA:110,2633
DA:124,2633
DA:125,2633
DA:131,4480
DA:143,51
DA:146,311
DA:147,311
DA:148,2633
DA:149,2633
DA:150,15798
DA:151,7899
DA:157,2633
DA:159,311
DA:163,311
DA:164,311
DA:170,311
DA:176,7
DA:177,7
DA:178,0
DA:182,7
DA:184,7
DA:186,210
DA:187,70
DA:190,7
DA:191,7
DA:194,7
DA:195,7
DA:198,7
DA:199,70
DA:201,7
DA:202,7
DA:217,7
DA:218,7
DA:228,4
LF:59
LH:53
BRDA:22,0,0,22
BRDA:22,0,1,7877
BRDA:30,1,0,0
BRDA:30,1,1,0
BRDA:53,2,0,780
BRDA:53,2,1,0
BRDA:53,3,0,780
BRDA:53,3,1,0
BRDA:58,4,0,926
BRDA:58,4,1,463
BRDA:59,5,0,926
BRDA:59,5,1,463
BRDA:77,6,0,2633
BRDA:77,6,1,0
BRDA:77,6,2,2633
BRDA:77,6,3,2633
BRDA:177,7,0,0
BRDA:177,7,1,7
BRF:18
BRH:12
end_of_record
TN:
SF:src/code/views/submission/submit-datasets/summary-inserted/SummaryInserted.js
FN:14,(anonymous_0)
FNF:1
FNH:1
FNDA:22,(anonymous_0)
DA:15,22
LF:1
LH:1
BRDA:36,0,0,22
BRDA:36,0,1,0
BRF:2
BRH:1
end_of_record
TN:
SF:src/code/views/submission/submit-files/SubmitFiles.js
FN:39,(anonymous_0)
FN:45,(anonymous_1)
FN:51,(anonymous_2)
FN:73,(anonymous_3)
FN:102,(anonymous_4)
FN:125,(anonymous_5)
FN:154,(anonymous_6)
FN:171,(anonymous_7)
FN:201,(anonymous_8)
FN:210,(anonymous_9)
FN:227,(anonymous_10)
FN:235,(anonymous_11)
FN:254,(anonymous_12)
FN:380,(anonymous_13)
FN:381,(anonymous_14)
FN:388,(anonymous_15)
FN:389,(anonymous_16)
FN:403,(anonymous_17)
FN:451,(anonymous_18)
FN:455,(anonymous_19)
FN:459,(anonymous_20)
FN:465,(anonymous_21)
FN:468,(anonymous_22)
FN:479,(anonymous_23)
FN:485,(anonymous_24)
FN:492,(anonymous_25)
FN:502,(anonymous_26)
FN:526,(anonymous_27)
FN:566,(anonymous_28)
FN:570,(anonymous_29)
FN:636,(anonymous_30)
FN:649,(anonymous_31)
FN:687,(anonymous_32)
FN:696,(anonymous_33)
FN:717,(anonymous_34)
FNF:35
FNH:30
FNDA:51,(anonymous_0)
FNDA:153,(anonymous_1)
FNDA:51,(anonymous_2)
FNDA:51,(anonymous_3)
FNDA:51,(anonymous_4)
FNDA:23,(anonymous_5)
FNDA:31,(anonymous_6)
FNDA:27,(anonymous_7)
FNDA:25,(anonymous_8)
FNDA:186,(anonymous_9)
FNDA:93,(anonymous_10)
FNDA:93,(anonymous_11)
FNDA:27,(anonymous_12)
FNDA:0,(anonymous_13)
FNDA:0,(anonymous_14)
FNDA:6,(anonymous_15)
FNDA:6,(anonymous_16)
FNDA:6,(anonymous_17)
FNDA:7,(anonymous_18)
FNDA:13,(anonymous_19)
FNDA:43,(anonymous_20)
FNDA:86,(anonymous_21)
FNDA:430,(anonymous_22)
FNDA:23,(anonymous_23)
FNDA:23,(anonymous_24)
FNDA:0,(anonymous_25)
FNDA:16,(anonymous_26)
FNDA:8,(anonymous_27)
FNDA:96,(anonymous_28)
FNDA:64,(anonymous_29)
FNDA:311,(anonymous_30)
FNDA:0,(anonymous_31)
FNDA:0,(anonymous_32)
FNDA:3,(anonymous_33)
FNDA:4,(anonymous_34)
DA:27,316
DA:39,316
DA:41,51
DA:44,51
DA:45,51
DA:46,153
DA:48,51
DA:51,316
DA:52,51
DA:54,51
DA:59,51
DA:60,51
DA:61,51
DA:63,0
DA:74,51
DA:76,51
DA:98,51
DA:99,51
DA:104,51
DA:106,51
DA:111,51
DA:113,51
DA:114,0
DA:115,0
DA:118,51
DA:122,51
DA:125,51
DA:130,23
DA:135,23
DA:137,23
DA:138,23
DA:139,138
DA:143,23
DA:144,23
DA:151,23
DA:154,51
DA:155,31
DA:156,31
DA:163,27
DA:165,4
DA:171,51
DA:172,27
DA:174,27
DA:175,270
DA:176,270
DA:177,810
DA:178,203
DA:181,607
DA:182,607
DA:183,58
DA:185,607
DA:188,0
DA:189,0
DA:190,0
DA:193,270
DA:194,31
DA:198,27
DA:202,25
DA:203,25
DA:204,31
DA:207,31
DA:209,93
DA:210,186
DA:212,93
DA:213,93
DA:214,93
DA:215,93
DA:216,62
DA:217,8
DA:220,62
DA:221,0
DA:226,93
DA:227,93
DA:230,31
DA:235,93
DA:239,31
DA:241,31
DA:242,4
DA:244,27
DA:254,51
DA:257,27
DA:258,27
DA:263,27
DA:264,2
DA:265,2
DA:268,25
DA:270,25
DA:271,25
DA:380,51
DA:381,0
DA:382,0
DA:384,0
DA:385,0
DA:388,51
DA:389,6
DA:396,6
DA:398,6
DA:399,6
DA:403,51
DA:404,6
DA:406,6
DA:407,6
DA:408,18
DA:410,6
DA:413,6
DA:414,60
DA:415,60
DA:416,60
DA:418,60
DA:421,60
DA:422,180
DA:423,60
DA:425,60
DA:426,60
DA:428,120
DA:430,180
DA:434,60
DA:435,6
DA:436,6
DA:437,6
DA:438,6
DA:442,6
DA:444,6
DA:451,51
DA:452,7
DA:455,51
DA:456,13
DA:459,51
DA:463,43
DA:465,86
DA:466,43
DA:468,43
DA:469,430
DA:472,43
DA:479,51
DA:480,23
DA:483,23
DA:484,23
DA:485,23
DA:487,23
DA:488,23
DA:489,23
DA:492,51
DA:493,0
DA:494,0
DA:496,0
DA:502,51
DA:510,16
DA:511,12
DA:516,12
DA:518,12
DA:519,12
DA:526,51
DA:534,8
DA:536,8
DA:538,8
DA:540,8
DA:541,8
DA:542,8
DA:544,8
DA:546,24
DA:547,8
DA:548,8
DA:551,16
DA:553,0
DA:555,16
DA:556,16
DA:564,32
DA:565,32
DA:566,96
DA:569,32
DA:570,64
DA:577,32
DA:580,0
DA:581,32
DA:586,16
DA:590,16
DA:591,12
DA:592,12
DA:596,12
DA:598,16
DA:599,0
DA:600,0
DA:601,0
DA:602,0
DA:603,0
DA:606,0
DA:607,0
DA:611,0
DA:613,16
DA:615,32
DA:623,16
DA:626,8
DA:629,8
DA:637,311
DA:638,311
DA:640,311
DA:641,0
DA:645,311
DA:646,0
DA:649,0
DA:654,311
DA:656,0
DA:682,311
DA:687,0
DA:696,3
DA:717,4
LF:207
LH:178
BRDA:59,0,0,51
BRDA:59,0,1,0
BRDA:113,1,0,0
BRDA:113,1,1,51
BRDA:156,2,0,27
BRDA:156,2,1,4
BRDA:157,3,0,31
BRDA:157,3,1,31
BRDA:158,4,0,31
BRDA:158,4,1,31
BRDA:158,4,2,0
BRDA:177,5,0,203
BRDA:177,5,1,607
BRDA:181,6,0,607
BRDA:181,6,1,0
BRDA:182,7,0,58
BRDA:182,7,1,549
BRDA:188,8,0,0
BRDA:188,8,1,0
BRDA:193,9,0,31
BRDA:193,9,1,239
BRDA:215,10,0,62
BRDA:215,10,1,31
BRDA:216,11,0,8
BRDA:216,11,1,54
BRDA:216,12,0,62
BRDA:216,12,1,31
BRDA:220,13,0,0
BRDA:220,13,1,62
BRDA:220,14,0,62
BRDA:220,14,1,31
BRDA:226,15,0,31
BRDA:226,15,1,62
BRDA:231,16,0,31
BRDA:231,16,1,0
BRDA:239,17,0,27
BRDA:239,17,1,4
BRDA:241,18,0,4
BRDA:241,18,1,27
BRDA:263,19,0,2
BRDA:263,19,1,25
BRDA:396,20,0,6
BRDA:396,20,1,0
BRDA:422,21,0,60
BRDA:422,21,1,120
BRDA:469,22,0,43
BRDA:469,22,1,387
BRDA:493,23,0,0
BRDA:493,23,1,0
BRDA:510,24,0,12
BRDA:510,24,1,4
BRDA:518,25,0,12
BRDA:518,25,1,0
BRDA:546,26,0,8
BRDA:546,26,1,16
BRDA:551,27,0,0
BRDA:551,27,1,16
BRDA:577,28,0,0
BRDA:577,28,1,32
BRDA:581,29,0,16
BRDA:581,29,1,16
BRDA:590,30,0,12
BRDA:590,30,1,4
BRDA:598,31,0,0
BRDA:598,31,1,16
BRDA:600,32,0,0
BRDA:600,32,1,0
BRDA:602,33,0,0
BRDA:602,33,1,0
BRDA:640,34,0,0
BRDA:640,34,1,311
BRDA:645,35,0,0
BRDA:645,35,1,311
BRDA:654,36,0,0
BRDA:654,36,1,311
BRDA:684,37,0,6
BRDA:684,37,1,305
BRDA:694,38,0,43
BRDA:694,38,1,268
BRDA:756,39,0,311
BRDA:756,39,1,14
BRF:81
BRH:59
end_of_record
TN:
SF:src/code/views/submission/submit-files/evaporateJS3/ReactS3UploaderCustomFunctional.js
FN:25,(anonymous_0)
FN:33,(anonymous_1)
FN:36,(anonymous_2)
FN:41,(anonymous_3)
FN:47,(anonymous_4)
FN:55,(anonymous_5)
FN:56,(anonymous_6)
FN:90,(anonymous_7)
FN:91,(anonymous_8)
FN:97,(anonymous_9)
FN:125,(anonymous_10)
FN:140,(anonymous_11)
FN:154,(anonymous_12)
FN:157,(anonymous_13)
FN:160,(anonymous_14)
FN:171,(anonymous_15)
FN:174,(anonymous_16)
FN:181,(anonymous_17)
FN:183,(anonymous_18)
FNF:19
FNH:17
FNDA:2645,(anonymous_0)
FNDA:0,(anonymous_1)
FNDA:0,(anonymous_2)
FNDA:7,(anonymous_3)
FNDA:7,(anonymous_4)
FNDA:21,(anonymous_5)
FNDA:14,(anonymous_6)
FNDA:7,(anonymous_7)
FNDA:113,(anonymous_8)
FNDA:6,(anonymous_9)
FNDA:7,(anonymous_10)
FNDA:7,(anonymous_11)
FNDA:43,(anonymous_12)
FNDA:43,(anonymous_13)
FNDA:43,(anonymous_14)
FNDA:2645,(anonymous_15)
FNDA:7,(anonymous_16)
FNDA:2645,(anonymous_17)
FNDA:305,(anonymous_18)
DA:18,316
DA:25,316
DA:26,2645
DA:27,2645
DA:29,2645
DA:34,0
DA:37,0
DA:41,2645
DA:42,7
DA:47,2645
DA:50,7
DA:52,7
DA:54,7
DA:55,21
DA:56,14
DA:58,7
DA:59,7
DA:73,7
DA:76,7
DA:82,7
DA:83,7
DA:84,0
DA:85,0
DA:87,7
DA:92,113
DA:98,6
DA:99,0
DA:103,6
DA:109,6
DA:112,0
DA:115,6
DA:117,6
DA:118,6
DA:125,2645
DA:126,7
DA:139,7
DA:141,7
DA:142,7
DA:144,7
DA:146,0
DA:151,7
DA:154,2645
DA:155,43
DA:156,43
DA:157,43
DA:160,43
DA:161,43
DA:164,43
DA:165,43
DA:167,43
DA:171,2645
DA:175,7
DA:177,7
DA:181,2645
DA:182,2645
DA:184,305
DA:189,2645
LF:57
LH:50
BRDA:83,0,0,0
BRDA:83,0,1,7
BRDA:98,1,0,0
BRDA:98,1,1,6
BRDA:109,2,0,0
BRDA:109,2,1,6
BRDA:117,3,0,6
BRDA:117,3,1,0
BRDA:182,4,0,305
BRDA:182,4,1,2340
BRF:10
BRH:6
end_of_record
TN:
SF:src/code/views/submission/submit-files/evaporateJS3/UploadItem/UploadItem.js
FN:5,(anonymous_0)
FN:16,(anonymous_1)
FNF:2
FNH:2
FNDA:311,(anonymous_0)
FNDA:49,(anonymous_1)
DA:5,316
DA:7,311
DA:10,311
DA:16,311
DA:18,49
DA:19,49
DA:23,311
LF:7
LH:7
BRDA:18,0,0,49
BRDA:18,0,1,0
BRDA:30,1,0,18
BRDA:30,1,1,293
BRF:4
BRH:3
end_of_record
TN:
SF:src/code/views/submission/submit-projects/SubmitProjects.js
FN:42,(anonymous_0)
FN:57,(anonymous_1)
FN:59,(anonymous_2)
FN:81,(anonymous_3)
FN:102,(anonymous_4)
FN:113,(anonymous_5)
FN:118,(anonymous_6)
FN:135,(anonymous_7)
FN:197,(anonymous_8)
FN:213,(anonymous_9)
FN:242,(anonymous_10)
FN:266,(anonymous_11)
FN:317,(anonymous_12)
FN:324,(anonymous_13)
FN:332,(anonymous_14)
FN:341,(anonymous_15)
FN:354,(anonymous_16)
FN:371,(anonymous_17)
FNF:18
FNH:14
FNDA:57,(anonymous_0)
FNDA:54,(anonymous_1)
FNDA:486,(anonymous_2)
FNDA:57,(anonymous_3)
FNDA:57,(anonymous_4)
FNDA:26,(anonymous_5)
FNDA:260,(anonymous_6)
FNDA:270,(anonymous_7)
FNDA:162,(anonymous_8)
FNDA:14,(anonymous_9)
FNDA:14,(anonymous_10)
FNDA:162,(anonymous_11)
FNDA:0,(anonymous_12)
FNDA:582,(anonymous_13)
FNDA:0,(anonymous_14)
FNDA:0,(anonymous_15)
FNDA:0,(anonymous_16)
FNDA:4,(anonymous_17)
DA:29,316
DA:42,316
DA:43,57
DA:45,57
DA:50,57
DA:51,57
DA:52,54
DA:54,0
DA:57,316
DA:58,54
DA:59,54
DA:60,486
DA:66,486
DA:67,486
DA:68,108
DA:71,486
DA:72,54
DA:75,486
DA:77,54
DA:82,57
DA:87,57
DA:104,57
DA:106,54
DA:110,54
DA:113,57
DA:114,26
DA:115,26
DA:117,26
DA:118,260
DA:123,26
DA:124,0
DA:125,0
DA:128,26
DA:132,26
DA:133,26
DA:134,30
DA:135,30
DA:136,270
DA:139,30
DA:142,26
DA:144,26
DA:145,26
DA:151,26
DA:152,26
DA:153,0
DA:154,0
DA:160,0
DA:190,26
DA:194,26
DA:197,57
DA:202,162
DA:203,0
DA:206,162
DA:207,36
DA:210,126
DA:213,57
DA:214,14
DA:217,14
DA:218,14
DA:219,126
DA:221,14
DA:224,14
DA:225,18
DA:226,18
DA:227,162
DA:228,162
DA:230,18
DA:234,14
DA:235,14
DA:242,57
DA:243,14
DA:249,14
DA:250,0
DA:254,14
DA:260,14
DA:263,14
DA:264,14
DA:265,18
DA:266,18
DA:267,162
DA:269,18
DA:273,14
DA:274,14
DA:280,14
DA:281,14
DA:282,0
DA:283,0
DA:285,14
DA:287,14
DA:289,14
DA:290,14
DA:295,0
DA:317,57
DA:318,0
DA:319,0
DA:321,0
DA:325,582
DA:326,582
DA:328,582
DA:329,0
DA:332,0
DA:337,582
DA:338,14
DA:341,0
DA:350,568
DA:354,0
DA:371,4
LF:107
LH:89
BRDA:50,0,0,57
BRDA:50,0,1,0
BRDA:67,1,0,108
BRDA:67,1,1,378
BRDA:71,2,0,54
BRDA:71,2,1,432
BRDA:123,3,0,0
BRDA:123,3,1,26
BRDA:152,4,0,0
BRDA:152,4,1,26
BRDA:202,5,0,0
BRDA:202,5,1,162
BRDA:206,6,0,36
BRDA:206,6,1,126
BRDA:249,7,0,0
BRDA:249,7,1,14
BRDA:249,8,0,14
BRDA:249,8,1,14
BRDA:281,9,0,0
BRDA:281,9,1,14
BRDA:289,10,0,14
BRDA:289,10,1,0
BRDA:318,11,0,0
BRDA:318,11,1,0
BRDA:328,12,0,0
BRDA:328,12,1,582
BRDA:337,13,0,14
BRDA:337,13,1,568
BRDA:337,14,0,582
BRDA:337,14,1,14
BRDA:352,15,0,26
BRDA:352,15,1,542
BRDA:359,16,0,568
BRDA:359,16,1,0
BRF:34
BRH:23
end_of_record
TN:
SF:src/gpap-lib/Button_Collection.js
FN:8,(anonymous_0)
FN:19,(anonymous_1)
FN:29,(anonymous_2)
FN:39,(anonymous_3)
FN:50,(anonymous_4)
FNF:5
FNH:3
FNDA:0,(anonymous_0)
FNDA:253,(anonymous_1)
FNDA:226,(anonymous_2)
FNDA:0,(anonymous_3)
FNDA:316,(anonymous_4)
DA:8,317
DA:19,317
DA:29,317
DA:39,317
DA:50,317
LF:5
LH:5
BRF:0
BRH:0
end_of_record
TN:
SF:src/gpap-lib/GPAP_Breadcrumb.js
FN:12,(anonymous_0)
FN:25,handleClick
FN:33,GPAP_Breadcrumb
FNF:3
FNH:2
FNDA:316,(anonymous_0)
FNDA:0,handleClick
FNDA:862,GPAP_Breadcrumb
DA:12,316
DA:26,0
DA:34,862
DA:37,862
DA:40,862
LF:5
LH:4
BRDA:37,0,0,862
BRDA:37,0,1,805
BRDA:58,1,0,289
BRDA:58,1,1,573
BRF:4
BRH:4
end_of_record
TN:
SF:src/gpap-lib/getPath.js
FN:10,getPath
FN:11,(anonymous_1)
FN:15,(anonymous_2)
FNF:3
FNH:3
FNDA:862,getPath
FNDA:4666,(anonymous_1)
FNDA:4032,(anonymous_2)
DA:1,316
DA:11,4666
DA:12,862
DA:13,190
DA:15,4032
DA:16,672
DA:17,0
DA:19,672
LF:8
LH:7
BRDA:12,0,0,190
BRDA:12,0,1,672
BRDA:16,1,0,0
BRDA:16,1,1,672
BRF:4
BRH:3
end_of_record
TN:
SF:src/gpap-lib/StartCard/StartCard.js
FN:56,getImage
FN:82,StartCard
FN:88,(anonymous_2)
FNF:3
FNH:3
FNDA:1445,getImage
FNDA:1035,StartCard
FNDA:17,(anonymous_2)
DA:24,321
DA:59,1441
DA:61,654
DA:63,656
DA:65,64
DA:67,62
DA:71,11
DA:84,1033
DA:86,727
DA:88,725
DA:90,17
DA:93,725
LF:12
LH:12
BRDA:59,0,0,654
BRDA:59,0,1,654
BRDA:59,0,2,64
BRDA:59,0,3,64
BRDA:59,0,4,9
BRDA:99,1,0,718
BRDA:99,1,1,9
BRF:7
BRH:7
end_of_record
TN:
SF:src/gpap-lib/StartCard/card_config.js
FNF:0
FNH:0
DA:2,317
DA:17,317
LF:2
LH:2
BRF:0
BRH:0
end_of_record
