<?xml version="1.0" encoding="utf-8"?><testsuites><testsuite name="pytest" errors="10" failures="92" skipped="0" tests="201" time="23.394" timestamp="2024-12-12T19:55:42.997765" hostname="pop-os"><testcase classname="test_auth.TestAuthClass" name="test_token" time="0.347" /><testcase classname="test_dataset.TestDatasetSubmissionValidation" name="test_dataset_get_submission_cols" time="0.488"><failure message="ValueError: list.remove(x): x not in list">self = &lt;tests.test_dataset.TestDatasetSubmissionValidation object at 0x7a599733f970&gt;, client = &lt;FlaskClient &lt;Flask 'server.app'&gt;&gt;
header_admin = {'Authorization': 'eyJhbGciOiJSUzI1NiIsInR5cCIgOiAiSldUIiwia2lkIiA6ICJRUGRBRE9LdzlFVk1hTFFLOGwydFZWcW1WYmhSd1l0WFhhZ19...gI9z54c8y7csBFk3Nvo0eqyjxkFDOYKMCjzEym83yB9FzcUXPKxy4L9q8p1A', 'Content-Type': 'application/json', 'groups': ['admin']}
header = {'Authorization': 'eyJhbGciOiJSUzI1NiIsInR5cCIgOiAiSldUIiwia2lkIiA6ICJRUGRBRE9LdzlFVk1hTFFLOGwydFZWcW1WYmhSd1l0WFhhZ19...cUXtOjOrFzbxAa5Efszm_LIr0fd-WLKaS3admK2MHWqSn5YQ9KGYgwEEmSsi6Q', 'Content-Type': 'application/json', 'groups': ['3tr']}
project_fields = [('id', 'str'), ('name', 'str'), ('description', 'str'), ('owners', 'list(str)'), ('datasetVisibilityDefault', 'str'), ('datasetVisibilityChangeable', 'bool'), ...]

    def test_dataset_get_submission_cols(
        self, client, header_admin, header, project_fields
    ):
    
        project_id = str(uuid.uuid4())
    
&gt;       add_project(
            client,
            header_admin,
            project_id,
            project_fields,
            projects_create_url_suffix,
        )

tests/test_dataset.py:77: 
_ _ _ _ _ _ _ _ _ _ _ _ _ _ _ _ _ _ _ _ _ _ _ _ _ _ _ _ _ _ _ _ _ _ _ _ _ _ _ _ _ _ _ _ _ _ _ _ _ _ _ _ _ _ _ _ _ _ _ _ _ _ _ _ _ _ _ _ _ _ _ _ _ _ _ _ _ _ _
tests/helpers/utils.py:203: in add_project
    res = req_post(client, header, projects_create_url_suffix, [project])
tests/helpers/utils.py:30: in inner_function
    res = func(*args, **kwargs)
tests/helpers/utils.py:46: in req_post
    return client.post(
venv/lib/python3.10/site-packages/werkzeug/test.py:1165: in post
    return self.open(*args, **kw)
venv/lib/python3.10/site-packages/flask/testing.py:235: in open
    response = super().open(
venv/lib/python3.10/site-packages/werkzeug/test.py:1114: in open
    response = self.run_wsgi_app(request.environ, buffered=buffered)
venv/lib/python3.10/site-packages/werkzeug/test.py:986: in run_wsgi_app
    rv = run_wsgi_app(self.application, environ, buffered=buffered)
venv/lib/python3.10/site-packages/werkzeug/test.py:1262: in run_wsgi_app
    app_rv = app(environ, start_response)
venv/lib/python3.10/site-packages/flask/app.py:1488: in __call__
    return self.wsgi_app(environ, start_response)
venv/lib/python3.10/site-packages/flask/app.py:1466: in wsgi_app
    response = self.handle_exception(e)
venv/lib/python3.10/site-packages/flask_cors/extension.py:165: in wrapped_function
    return cors_after_request(app.make_response(f(*args, **kwargs)))
venv/lib/python3.10/site-packages/flask_restx/api.py:671: in error_router
    return original_handler(f)
venv/lib/python3.10/site-packages/flask_restx/api.py:669: in error_router
    return self.handle_error(e)
venv/lib/python3.10/site-packages/flask/app.py:1463: in wsgi_app
    response = self.full_dispatch_request()
venv/lib/python3.10/site-packages/flask/app.py:872: in full_dispatch_request
    rv = self.handle_user_exception(e)
venv/lib/python3.10/site-packages/flask_cors/extension.py:165: in wrapped_function
    return cors_after_request(app.make_response(f(*args, **kwargs)))
venv/lib/python3.10/site-packages/flask_restx/api.py:671: in error_router
    return original_handler(f)
venv/lib/python3.10/site-packages/flask_restx/api.py:669: in error_router
    return self.handle_error(e)
venv/lib/python3.10/site-packages/flask/app.py:870: in full_dispatch_request
    rv = self.dispatch_request()
venv/lib/python3.10/site-packages/flask/app.py:855: in dispatch_request
    return self.ensure_sync(self.view_functions[rule.endpoint])(**view_args)  # type: ignore[no-any-return]
venv/lib/python3.10/site-packages/flask_cors/decorator.py:128: in wrapped_function
    resp = make_response(f(*args, **kwargs))
venv/lib/python3.10/site-packages/flask_restx/api.py:402: in wrapper
    resp = resource(*args, **kwargs)
venv/lib/python3.10/site-packages/flask/views.py:110: in view
    return current_app.ensure_sync(self.dispatch_request)(**kwargs)  # type: ignore[no-any-return]
venv/lib/python3.10/site-packages/flask_restx/resource.py:41: in dispatch_request
    resp = meth(*args, **kwargs)
server/security.py:49: in decorated_function
    return func(token=token, *args, **kwargs)
server/security.py:115: in decorated_function
    return func(userid=userid, groups=groups, *args, **kwargs)
server/apis/project.py:181: in post
    response, status_code = react_create_builder(
server/factories/create_factory.py:413: in react_create_builder
    success = create_project(
server/factories/create_factory.py:127: in create_project
    if is_valid_kc_group(group_name, token) is False:
server/utils/permissions.py:56: in is_valid_kc_group
    groups = get_all_kc_groups(token)
_ _ _ _ _ _ _ _ _ _ _ _ _ _ _ _ _ _ _ _ _ _ _ _ _ _ _ _ _ _ _ _ _ _ _ _ _ _ _ _ _ _ _ _ _ _ _ _ _ _ _ _ _ _ _ _ _ _ _ _ _ _ _ _ _ _ _ _ _ _ _ _ _ _ _ _ _ _ _

token = 'eyJhbGciOiJSUzI1NiIsInR5cCIgOiAiSldUIiwia2lkIiA6ICJRUGRBRE9LdzlFVk1hTFFLOGwydFZWcW1WYmhSd1l0WFhhZ19UNWhXOHlJIn0.eyJle...8nWkVznEcwKm3vK7VfR4weLLT-ssTnKVnKWgyRjEiQmk8p_qQc4tq0bqWbgI9z54c8y7csBFk3Nvo0eqyjxkFDOYKMCjzEym83yB9FzcUXPKxy4L9q8p1A'

    def get_all_kc_groups(token):
        """
        Get all groups from keycloak
        and check if the group is in the list
        """
        url = f"{cfg['AUTH_BASE_URL']}/admin/realms/{cfg['AUTH_REALM']}/groups"
        headers = {"Authorization": f"Bearer {token}"}
    
        try:
            response = requests.get(  # nosec (for now, should be changed)
                url, headers=headers, verify=False, timeout=10
            )
        except Timeout:
            print("Timeout has been raised.")
    
        # TODO
        # return the error message that the user is not configured
        # correctly. Please contact the keycloak adminstrators to resolve this
    
        # if response.status_code == 403:
        #     raise ServiceUnavailable("Service unavailable")
    
        if response.status_code != 200:
            print("url", url)
            print("headers", headers)
            raise ServiceUnavailable(
                "Keycloak",
                response.text,
                response.reason,
                status_code=response.status_code,
            )
    
        # * if it returns unknown error the admin user is not configured correctly
        # asign the following role to the admin user
        # realm-management -&gt; query-groups
    
        groups = [res["name"] for res in response.json()]
&gt;       groups.remove("admin")
E       ValueError: list.remove(x): x not in list

server/utils/permissions.py:47: ValueError</failure></testcase><testcase classname="test_dataset.TestDatasetSubmissionValidation" name="test_dataset_submission_validation_success" time="0.013"><failure message="ValueError: list.remove(x): x not in list">self = &lt;tests.test_dataset.TestDatasetSubmissionValidation object at 0x7a59963abc40&gt;, client = &lt;FlaskClient &lt;Flask 'server.app'&gt;&gt;
header_admin = {'Authorization': 'eyJhbGciOiJSUzI1NiIsInR5cCIgOiAiSldUIiwia2lkIiA6ICJRUGRBRE9LdzlFVk1hTFFLOGwydFZWcW1WYmhSd1l0WFhhZ19...gI9z54c8y7csBFk3Nvo0eqyjxkFDOYKMCjzEym83yB9FzcUXPKxy4L9q8p1A', 'Content-Type': 'application/json', 'groups': ['admin']}
header = {'Authorization': 'eyJhbGciOiJSUzI1NiIsInR5cCIgOiAiSldUIiwia2lkIiA6ICJRUGRBRE9LdzlFVk1hTFFLOGwydFZWcW1WYmhSd1l0WFhhZ19...cUXtOjOrFzbxAa5Efszm_LIr0fd-WLKaS3admK2MHWqSn5YQ9KGYgwEEmSsi6Q', 'Content-Type': 'application/json', 'groups': ['3tr']}
dataset_fields = ['id', 'project_id', 'name', 'disease', 'treatment', 'molecularInfo', ...]
project_fields = [('id', 'str'), ('name', 'str'), ('description', 'str'), ('owners', 'list(str)'), ('datasetVisibilityDefault', 'str'), ('datasetVisibilityChangeable', 'bool'), ...]

    def test_dataset_submission_validation_success(
        self, client, header_admin, header, dataset_fields, project_fields
    ):
    
        # Validate the submission of multiple datasets
        # Make sure that in all the to be to the db added datasets
        # the dataset_id not already exists
    
&gt;       add_dataset(
            client,
            header_admin,
            header,
            project_fields,
            dataset_fields,
            add_to_db=False,
        )

tests/test_dataset.py:116: 
_ _ _ _ _ _ _ _ _ _ _ _ _ _ _ _ _ _ _ _ _ _ _ _ _ _ _ _ _ _ _ _ _ _ _ _ _ _ _ _ _ _ _ _ _ _ _ _ _ _ _ _ _ _ _ _ _ _ _ _ _ _ _ _ _ _ _ _ _ _ _ _ _ _ _ _ _ _ _
tests/helpers/utils.py:406: in add_dataset
    add_project(
tests/helpers/utils.py:203: in add_project
    res = req_post(client, header, projects_create_url_suffix, [project])
tests/helpers/utils.py:30: in inner_function
    res = func(*args, **kwargs)
tests/helpers/utils.py:46: in req_post
    return client.post(
venv/lib/python3.10/site-packages/werkzeug/test.py:1165: in post
    return self.open(*args, **kw)
venv/lib/python3.10/site-packages/flask/testing.py:235: in open
    response = super().open(
venv/lib/python3.10/site-packages/werkzeug/test.py:1114: in open
    response = self.run_wsgi_app(request.environ, buffered=buffered)
venv/lib/python3.10/site-packages/werkzeug/test.py:986: in run_wsgi_app
    rv = run_wsgi_app(self.application, environ, buffered=buffered)
venv/lib/python3.10/site-packages/werkzeug/test.py:1262: in run_wsgi_app
    app_rv = app(environ, start_response)
venv/lib/python3.10/site-packages/flask/app.py:1488: in __call__
    return self.wsgi_app(environ, start_response)
venv/lib/python3.10/site-packages/flask/app.py:1466: in wsgi_app
    response = self.handle_exception(e)
venv/lib/python3.10/site-packages/flask_cors/extension.py:165: in wrapped_function
    return cors_after_request(app.make_response(f(*args, **kwargs)))
venv/lib/python3.10/site-packages/flask_restx/api.py:671: in error_router
    return original_handler(f)
venv/lib/python3.10/site-packages/flask_restx/api.py:669: in error_router
    return self.handle_error(e)
venv/lib/python3.10/site-packages/flask/app.py:1463: in wsgi_app
    response = self.full_dispatch_request()
venv/lib/python3.10/site-packages/flask/app.py:872: in full_dispatch_request
    rv = self.handle_user_exception(e)
venv/lib/python3.10/site-packages/flask_cors/extension.py:165: in wrapped_function
    return cors_after_request(app.make_response(f(*args, **kwargs)))
venv/lib/python3.10/site-packages/flask_restx/api.py:671: in error_router
    return original_handler(f)
venv/lib/python3.10/site-packages/flask_restx/api.py:669: in error_router
    return self.handle_error(e)
venv/lib/python3.10/site-packages/flask/app.py:870: in full_dispatch_request
    rv = self.dispatch_request()
venv/lib/python3.10/site-packages/flask/app.py:855: in dispatch_request
    return self.ensure_sync(self.view_functions[rule.endpoint])(**view_args)  # type: ignore[no-any-return]
venv/lib/python3.10/site-packages/flask_cors/decorator.py:128: in wrapped_function
    resp = make_response(f(*args, **kwargs))
venv/lib/python3.10/site-packages/flask_restx/api.py:402: in wrapper
    resp = resource(*args, **kwargs)
venv/lib/python3.10/site-packages/flask/views.py:110: in view
    return current_app.ensure_sync(self.dispatch_request)(**kwargs)  # type: ignore[no-any-return]
venv/lib/python3.10/site-packages/flask_restx/resource.py:41: in dispatch_request
    resp = meth(*args, **kwargs)
server/security.py:49: in decorated_function
    return func(token=token, *args, **kwargs)
server/security.py:115: in decorated_function
    return func(userid=userid, groups=groups, *args, **kwargs)
server/apis/project.py:181: in post
    response, status_code = react_create_builder(
server/factories/create_factory.py:413: in react_create_builder
    success = create_project(
server/factories/create_factory.py:127: in create_project
    if is_valid_kc_group(group_name, token) is False:
server/utils/permissions.py:56: in is_valid_kc_group
    groups = get_all_kc_groups(token)
_ _ _ _ _ _ _ _ _ _ _ _ _ _ _ _ _ _ _ _ _ _ _ _ _ _ _ _ _ _ _ _ _ _ _ _ _ _ _ _ _ _ _ _ _ _ _ _ _ _ _ _ _ _ _ _ _ _ _ _ _ _ _ _ _ _ _ _ _ _ _ _ _ _ _ _ _ _ _

token = 'eyJhbGciOiJSUzI1NiIsInR5cCIgOiAiSldUIiwia2lkIiA6ICJRUGRBRE9LdzlFVk1hTFFLOGwydFZWcW1WYmhSd1l0WFhhZ19UNWhXOHlJIn0.eyJle...8nWkVznEcwKm3vK7VfR4weLLT-ssTnKVnKWgyRjEiQmk8p_qQc4tq0bqWbgI9z54c8y7csBFk3Nvo0eqyjxkFDOYKMCjzEym83yB9FzcUXPKxy4L9q8p1A'

    def get_all_kc_groups(token):
        """
        Get all groups from keycloak
        and check if the group is in the list
        """
        url = f"{cfg['AUTH_BASE_URL']}/admin/realms/{cfg['AUTH_REALM']}/groups"
        headers = {"Authorization": f"Bearer {token}"}
    
        try:
            response = requests.get(  # nosec (for now, should be changed)
                url, headers=headers, verify=False, timeout=10
            )
        except Timeout:
            print("Timeout has been raised.")
    
        # TODO
        # return the error message that the user is not configured
        # correctly. Please contact the keycloak adminstrators to resolve this
    
        # if response.status_code == 403:
        #     raise ServiceUnavailable("Service unavailable")
    
        if response.status_code != 200:
            print("url", url)
            print("headers", headers)
            raise ServiceUnavailable(
                "Keycloak",
                response.text,
                response.reason,
                status_code=response.status_code,
            )
    
        # * if it returns unknown error the admin user is not configured correctly
        # asign the following role to the admin user
        # realm-management -&gt; query-groups
    
        groups = [res["name"] for res in response.json()]
&gt;       groups.remove("admin")
E       ValueError: list.remove(x): x not in list

server/utils/permissions.py:47: ValueError</failure></testcase><testcase classname="test_dataset.TestDatasetSubmissionValidation" name="test_dataset_submission_validation_id_already_exists" time="0.014"><failure message="ValueError: list.remove(x): x not in list">self = &lt;tests.test_dataset.TestDatasetSubmissionValidation object at 0x7a59965ebc40&gt;, client = &lt;FlaskClient &lt;Flask 'server.app'&gt;&gt;
header_admin = {'Authorization': 'eyJhbGciOiJSUzI1NiIsInR5cCIgOiAiSldUIiwia2lkIiA6ICJRUGRBRE9LdzlFVk1hTFFLOGwydFZWcW1WYmhSd1l0WFhhZ19...gI9z54c8y7csBFk3Nvo0eqyjxkFDOYKMCjzEym83yB9FzcUXPKxy4L9q8p1A', 'Content-Type': 'application/json', 'groups': ['admin']}
header = {'Authorization': 'eyJhbGciOiJSUzI1NiIsInR5cCIgOiAiSldUIiwia2lkIiA6ICJRUGRBRE9LdzlFVk1hTFFLOGwydFZWcW1WYmhSd1l0WFhhZ19...cUXtOjOrFzbxAa5Efszm_LIr0fd-WLKaS3admK2MHWqSn5YQ9KGYgwEEmSsi6Q', 'Content-Type': 'application/json', 'groups': ['3tr']}
dataset_fields = ['id', 'project_id', 'name', 'disease', 'treatment', 'molecularInfo', ...]
project_fields = [('id', 'str'), ('name', 'str'), ('description', 'str'), ('owners', 'list(str)'), ('datasetVisibilityDefault', 'str'), ('datasetVisibilityChangeable', 'bool'), ...]

    def test_dataset_submission_validation_id_already_exists(
        self, client, header_admin, header, dataset_fields, project_fields
    ):
    
        # scenario:
        # make sure that it is impossible
        # to create a dataset with a duplicate id
        # (= because the dataset_id already exists for that group)
        # =&gt; meaning the combination of group_id and dataset_id must be unique
    
        dataset_id = str(uuid.uuid4())
    
        for error, add_to_db_bool in [
            (None, True),
            (f"{dataset_id} already exists", False),
        ]:
&gt;           add_dataset(
                client,
                header_admin,
                header,
                project_fields,
                dataset_fields,
                dataset_id=dataset_id,
                expected_error=error,
                add_to_db=add_to_db_bool,
            )

tests/test_dataset.py:141: 
_ _ _ _ _ _ _ _ _ _ _ _ _ _ _ _ _ _ _ _ _ _ _ _ _ _ _ _ _ _ _ _ _ _ _ _ _ _ _ _ _ _ _ _ _ _ _ _ _ _ _ _ _ _ _ _ _ _ _ _ _ _ _ _ _ _ _ _ _ _ _ _ _ _ _ _ _ _ _
tests/helpers/utils.py:406: in add_dataset
    add_project(
tests/helpers/utils.py:203: in add_project
    res = req_post(client, header, projects_create_url_suffix, [project])
tests/helpers/utils.py:30: in inner_function
    res = func(*args, **kwargs)
tests/helpers/utils.py:46: in req_post
    return client.post(
venv/lib/python3.10/site-packages/werkzeug/test.py:1165: in post
    return self.open(*args, **kw)
venv/lib/python3.10/site-packages/flask/testing.py:235: in open
    response = super().open(
venv/lib/python3.10/site-packages/werkzeug/test.py:1114: in open
    response = self.run_wsgi_app(request.environ, buffered=buffered)
venv/lib/python3.10/site-packages/werkzeug/test.py:986: in run_wsgi_app
    rv = run_wsgi_app(self.application, environ, buffered=buffered)
venv/lib/python3.10/site-packages/werkzeug/test.py:1262: in run_wsgi_app
    app_rv = app(environ, start_response)
venv/lib/python3.10/site-packages/flask/app.py:1488: in __call__
    return self.wsgi_app(environ, start_response)
venv/lib/python3.10/site-packages/flask/app.py:1466: in wsgi_app
    response = self.handle_exception(e)
venv/lib/python3.10/site-packages/flask_cors/extension.py:165: in wrapped_function
    return cors_after_request(app.make_response(f(*args, **kwargs)))
venv/lib/python3.10/site-packages/flask_restx/api.py:671: in error_router
    return original_handler(f)
venv/lib/python3.10/site-packages/flask_restx/api.py:669: in error_router
    return self.handle_error(e)
venv/lib/python3.10/site-packages/flask/app.py:1463: in wsgi_app
    response = self.full_dispatch_request()
venv/lib/python3.10/site-packages/flask/app.py:872: in full_dispatch_request
    rv = self.handle_user_exception(e)
venv/lib/python3.10/site-packages/flask_cors/extension.py:165: in wrapped_function
    return cors_after_request(app.make_response(f(*args, **kwargs)))
venv/lib/python3.10/site-packages/flask_restx/api.py:671: in error_router
    return original_handler(f)
venv/lib/python3.10/site-packages/flask_restx/api.py:669: in error_router
    return self.handle_error(e)
venv/lib/python3.10/site-packages/flask/app.py:870: in full_dispatch_request
    rv = self.dispatch_request()
venv/lib/python3.10/site-packages/flask/app.py:855: in dispatch_request
    return self.ensure_sync(self.view_functions[rule.endpoint])(**view_args)  # type: ignore[no-any-return]
venv/lib/python3.10/site-packages/flask_cors/decorator.py:128: in wrapped_function
    resp = make_response(f(*args, **kwargs))
venv/lib/python3.10/site-packages/flask_restx/api.py:402: in wrapper
    resp = resource(*args, **kwargs)
venv/lib/python3.10/site-packages/flask/views.py:110: in view
    return current_app.ensure_sync(self.dispatch_request)(**kwargs)  # type: ignore[no-any-return]
venv/lib/python3.10/site-packages/flask_restx/resource.py:41: in dispatch_request
    resp = meth(*args, **kwargs)
server/security.py:49: in decorated_function
    return func(token=token, *args, **kwargs)
server/security.py:115: in decorated_function
    return func(userid=userid, groups=groups, *args, **kwargs)
server/apis/project.py:181: in post
    response, status_code = react_create_builder(
server/factories/create_factory.py:413: in react_create_builder
    success = create_project(
server/factories/create_factory.py:127: in create_project
    if is_valid_kc_group(group_name, token) is False:
server/utils/permissions.py:56: in is_valid_kc_group
    groups = get_all_kc_groups(token)
_ _ _ _ _ _ _ _ _ _ _ _ _ _ _ _ _ _ _ _ _ _ _ _ _ _ _ _ _ _ _ _ _ _ _ _ _ _ _ _ _ _ _ _ _ _ _ _ _ _ _ _ _ _ _ _ _ _ _ _ _ _ _ _ _ _ _ _ _ _ _ _ _ _ _ _ _ _ _

token = 'eyJhbGciOiJSUzI1NiIsInR5cCIgOiAiSldUIiwia2lkIiA6ICJRUGRBRE9LdzlFVk1hTFFLOGwydFZWcW1WYmhSd1l0WFhhZ19UNWhXOHlJIn0.eyJle...8nWkVznEcwKm3vK7VfR4weLLT-ssTnKVnKWgyRjEiQmk8p_qQc4tq0bqWbgI9z54c8y7csBFk3Nvo0eqyjxkFDOYKMCjzEym83yB9FzcUXPKxy4L9q8p1A'

    def get_all_kc_groups(token):
        """
        Get all groups from keycloak
        and check if the group is in the list
        """
        url = f"{cfg['AUTH_BASE_URL']}/admin/realms/{cfg['AUTH_REALM']}/groups"
        headers = {"Authorization": f"Bearer {token}"}
    
        try:
            response = requests.get(  # nosec (for now, should be changed)
                url, headers=headers, verify=False, timeout=10
            )
        except Timeout:
            print("Timeout has been raised.")
    
        # TODO
        # return the error message that the user is not configured
        # correctly. Please contact the keycloak adminstrators to resolve this
    
        # if response.status_code == 403:
        #     raise ServiceUnavailable("Service unavailable")
    
        if response.status_code != 200:
            print("url", url)
            print("headers", headers)
            raise ServiceUnavailable(
                "Keycloak",
                response.text,
                response.reason,
                status_code=response.status_code,
            )
    
        # * if it returns unknown error the admin user is not configured correctly
        # asign the following role to the admin user
        # realm-management -&gt; query-groups
    
        groups = [res["name"] for res in response.json()]
&gt;       groups.remove("admin")
E       ValueError: list.remove(x): x not in list

server/utils/permissions.py:47: ValueError</failure></testcase><testcase classname="test_dataset.TestDatasetSubmission" name="test_get_dataset_submission_cols_options_for_diseases" time="0.012"><failure message="ValueError: list.remove(x): x not in list">self = &lt;tests.test_dataset.TestDatasetSubmission object at 0x7a5996507730&gt;, client = &lt;FlaskClient &lt;Flask 'server.app'&gt;&gt;
header_admin = {'Authorization': 'eyJhbGciOiJSUzI1NiIsInR5cCIgOiAiSldUIiwia2lkIiA6ICJRUGRBRE9LdzlFVk1hTFFLOGwydFZWcW1WYmhSd1l0WFhhZ19...gI9z54c8y7csBFk3Nvo0eqyjxkFDOYKMCjzEym83yB9FzcUXPKxy4L9q8p1A', 'Content-Type': 'application/json', 'groups': ['admin']}
header = {'Authorization': 'eyJhbGciOiJSUzI1NiIsInR5cCIgOiAiSldUIiwia2lkIiA6ICJRUGRBRE9LdzlFVk1hTFFLOGwydFZWcW1WYmhSd1l0WFhhZ19...cUXtOjOrFzbxAa5Efszm_LIr0fd-WLKaS3admK2MHWqSn5YQ9KGYgwEEmSsi6Q', 'Content-Type': 'application/json', 'groups': ['3tr']}
project_fields = [('id', 'str'), ('name', 'str'), ('description', 'str'), ('owners', 'list(str)'), ('datasetVisibilityDefault', 'str'), ('datasetVisibilityChangeable', 'bool'), ...]

    def test_get_dataset_submission_cols_options_for_diseases(
        self,
        client,
        header_admin,
        header,
        project_fields,
    ):
    
        project_id = str(uuid.uuid4())
    
&gt;       add_project(
            client,
            header_admin,
            project_id,
            project_fields,
            projects_create_url_suffix,
        )

tests/test_dataset.py:164: 
_ _ _ _ _ _ _ _ _ _ _ _ _ _ _ _ _ _ _ _ _ _ _ _ _ _ _ _ _ _ _ _ _ _ _ _ _ _ _ _ _ _ _ _ _ _ _ _ _ _ _ _ _ _ _ _ _ _ _ _ _ _ _ _ _ _ _ _ _ _ _ _ _ _ _ _ _ _ _
tests/helpers/utils.py:203: in add_project
    res = req_post(client, header, projects_create_url_suffix, [project])
tests/helpers/utils.py:30: in inner_function
    res = func(*args, **kwargs)
tests/helpers/utils.py:46: in req_post
    return client.post(
venv/lib/python3.10/site-packages/werkzeug/test.py:1165: in post
    return self.open(*args, **kw)
venv/lib/python3.10/site-packages/flask/testing.py:235: in open
    response = super().open(
venv/lib/python3.10/site-packages/werkzeug/test.py:1114: in open
    response = self.run_wsgi_app(request.environ, buffered=buffered)
venv/lib/python3.10/site-packages/werkzeug/test.py:986: in run_wsgi_app
    rv = run_wsgi_app(self.application, environ, buffered=buffered)
venv/lib/python3.10/site-packages/werkzeug/test.py:1262: in run_wsgi_app
    app_rv = app(environ, start_response)
venv/lib/python3.10/site-packages/flask/app.py:1488: in __call__
    return self.wsgi_app(environ, start_response)
venv/lib/python3.10/site-packages/flask/app.py:1466: in wsgi_app
    response = self.handle_exception(e)
venv/lib/python3.10/site-packages/flask_cors/extension.py:165: in wrapped_function
    return cors_after_request(app.make_response(f(*args, **kwargs)))
venv/lib/python3.10/site-packages/flask_restx/api.py:671: in error_router
    return original_handler(f)
venv/lib/python3.10/site-packages/flask_restx/api.py:669: in error_router
    return self.handle_error(e)
venv/lib/python3.10/site-packages/flask/app.py:1463: in wsgi_app
    response = self.full_dispatch_request()
venv/lib/python3.10/site-packages/flask/app.py:872: in full_dispatch_request
    rv = self.handle_user_exception(e)
venv/lib/python3.10/site-packages/flask_cors/extension.py:165: in wrapped_function
    return cors_after_request(app.make_response(f(*args, **kwargs)))
venv/lib/python3.10/site-packages/flask_restx/api.py:671: in error_router
    return original_handler(f)
venv/lib/python3.10/site-packages/flask_restx/api.py:669: in error_router
    return self.handle_error(e)
venv/lib/python3.10/site-packages/flask/app.py:870: in full_dispatch_request
    rv = self.dispatch_request()
venv/lib/python3.10/site-packages/flask/app.py:855: in dispatch_request
    return self.ensure_sync(self.view_functions[rule.endpoint])(**view_args)  # type: ignore[no-any-return]
venv/lib/python3.10/site-packages/flask_cors/decorator.py:128: in wrapped_function
    resp = make_response(f(*args, **kwargs))
venv/lib/python3.10/site-packages/flask_restx/api.py:402: in wrapper
    resp = resource(*args, **kwargs)
venv/lib/python3.10/site-packages/flask/views.py:110: in view
    return current_app.ensure_sync(self.dispatch_request)(**kwargs)  # type: ignore[no-any-return]
venv/lib/python3.10/site-packages/flask_restx/resource.py:41: in dispatch_request
    resp = meth(*args, **kwargs)
server/security.py:49: in decorated_function
    return func(token=token, *args, **kwargs)
server/security.py:115: in decorated_function
    return func(userid=userid, groups=groups, *args, **kwargs)
server/apis/project.py:181: in post
    response, status_code = react_create_builder(
server/factories/create_factory.py:413: in react_create_builder
    success = create_project(
server/factories/create_factory.py:127: in create_project
    if is_valid_kc_group(group_name, token) is False:
server/utils/permissions.py:56: in is_valid_kc_group
    groups = get_all_kc_groups(token)
_ _ _ _ _ _ _ _ _ _ _ _ _ _ _ _ _ _ _ _ _ _ _ _ _ _ _ _ _ _ _ _ _ _ _ _ _ _ _ _ _ _ _ _ _ _ _ _ _ _ _ _ _ _ _ _ _ _ _ _ _ _ _ _ _ _ _ _ _ _ _ _ _ _ _ _ _ _ _

token = 'eyJhbGciOiJSUzI1NiIsInR5cCIgOiAiSldUIiwia2lkIiA6ICJRUGRBRE9LdzlFVk1hTFFLOGwydFZWcW1WYmhSd1l0WFhhZ19UNWhXOHlJIn0.eyJle...8nWkVznEcwKm3vK7VfR4weLLT-ssTnKVnKWgyRjEiQmk8p_qQc4tq0bqWbgI9z54c8y7csBFk3Nvo0eqyjxkFDOYKMCjzEym83yB9FzcUXPKxy4L9q8p1A'

    def get_all_kc_groups(token):
        """
        Get all groups from keycloak
        and check if the group is in the list
        """
        url = f"{cfg['AUTH_BASE_URL']}/admin/realms/{cfg['AUTH_REALM']}/groups"
        headers = {"Authorization": f"Bearer {token}"}
    
        try:
            response = requests.get(  # nosec (for now, should be changed)
                url, headers=headers, verify=False, timeout=10
            )
        except Timeout:
            print("Timeout has been raised.")
    
        # TODO
        # return the error message that the user is not configured
        # correctly. Please contact the keycloak adminstrators to resolve this
    
        # if response.status_code == 403:
        #     raise ServiceUnavailable("Service unavailable")
    
        if response.status_code != 200:
            print("url", url)
            print("headers", headers)
            raise ServiceUnavailable(
                "Keycloak",
                response.text,
                response.reason,
                status_code=response.status_code,
            )
    
        # * if it returns unknown error the admin user is not configured correctly
        # asign the following role to the admin user
        # realm-management -&gt; query-groups
    
        groups = [res["name"] for res in response.json()]
&gt;       groups.remove("admin")
E       ValueError: list.remove(x): x not in list

server/utils/permissions.py:47: ValueError</failure></testcase><testcase classname="test_dataset.TestDatasetSubmission" name="test_get_dataset_submission_cols_options_for_visibility" time="0.013"><failure message="ValueError: list.remove(x): x not in list">self = &lt;tests.test_dataset.TestDatasetSubmission object at 0x7a599675c850&gt;, client = &lt;FlaskClient &lt;Flask 'server.app'&gt;&gt;
header_admin = {'Authorization': 'eyJhbGciOiJSUzI1NiIsInR5cCIgOiAiSldUIiwia2lkIiA6ICJRUGRBRE9LdzlFVk1hTFFLOGwydFZWcW1WYmhSd1l0WFhhZ19...gI9z54c8y7csBFk3Nvo0eqyjxkFDOYKMCjzEym83yB9FzcUXPKxy4L9q8p1A', 'Content-Type': 'application/json', 'groups': ['admin']}
header = {'Authorization': 'eyJhbGciOiJSUzI1NiIsInR5cCIgOiAiSldUIiwia2lkIiA6ICJRUGRBRE9LdzlFVk1hTFFLOGwydFZWcW1WYmhSd1l0WFhhZ19...cUXtOjOrFzbxAa5Efszm_LIr0fd-WLKaS3admK2MHWqSn5YQ9KGYgwEEmSsi6Q', 'Content-Type': 'application/json', 'groups': ['3tr']}
project_fields = [('id', 'str'), ('name', 'str'), ('description', 'str'), ('owners', 'list(str)'), ('datasetVisibilityDefault', 'str'), ('datasetVisibilityChangeable', 'bool'), ...]

    def test_get_dataset_submission_cols_options_for_visibility(
        self, client, header_admin, header, project_fields
    ):
    
        project_id = str(uuid.uuid4())
    
&gt;       add_project(
            client,
            header_admin,
            project_id,
            project_fields,
            projects_create_url_suffix,
        )

tests/test_dataset.py:200: 
_ _ _ _ _ _ _ _ _ _ _ _ _ _ _ _ _ _ _ _ _ _ _ _ _ _ _ _ _ _ _ _ _ _ _ _ _ _ _ _ _ _ _ _ _ _ _ _ _ _ _ _ _ _ _ _ _ _ _ _ _ _ _ _ _ _ _ _ _ _ _ _ _ _ _ _ _ _ _
tests/helpers/utils.py:203: in add_project
    res = req_post(client, header, projects_create_url_suffix, [project])
tests/helpers/utils.py:30: in inner_function
    res = func(*args, **kwargs)
tests/helpers/utils.py:46: in req_post
    return client.post(
venv/lib/python3.10/site-packages/werkzeug/test.py:1165: in post
    return self.open(*args, **kw)
venv/lib/python3.10/site-packages/flask/testing.py:235: in open
    response = super().open(
venv/lib/python3.10/site-packages/werkzeug/test.py:1114: in open
    response = self.run_wsgi_app(request.environ, buffered=buffered)
venv/lib/python3.10/site-packages/werkzeug/test.py:986: in run_wsgi_app
    rv = run_wsgi_app(self.application, environ, buffered=buffered)
venv/lib/python3.10/site-packages/werkzeug/test.py:1262: in run_wsgi_app
    app_rv = app(environ, start_response)
venv/lib/python3.10/site-packages/flask/app.py:1488: in __call__
    return self.wsgi_app(environ, start_response)
venv/lib/python3.10/site-packages/flask/app.py:1466: in wsgi_app
    response = self.handle_exception(e)
venv/lib/python3.10/site-packages/flask_cors/extension.py:165: in wrapped_function
    return cors_after_request(app.make_response(f(*args, **kwargs)))
venv/lib/python3.10/site-packages/flask_restx/api.py:671: in error_router
    return original_handler(f)
venv/lib/python3.10/site-packages/flask_restx/api.py:669: in error_router
    return self.handle_error(e)
venv/lib/python3.10/site-packages/flask/app.py:1463: in wsgi_app
    response = self.full_dispatch_request()
venv/lib/python3.10/site-packages/flask/app.py:872: in full_dispatch_request
    rv = self.handle_user_exception(e)
venv/lib/python3.10/site-packages/flask_cors/extension.py:165: in wrapped_function
    return cors_after_request(app.make_response(f(*args, **kwargs)))
venv/lib/python3.10/site-packages/flask_restx/api.py:671: in error_router
    return original_handler(f)
venv/lib/python3.10/site-packages/flask_restx/api.py:669: in error_router
    return self.handle_error(e)
venv/lib/python3.10/site-packages/flask/app.py:870: in full_dispatch_request
    rv = self.dispatch_request()
venv/lib/python3.10/site-packages/flask/app.py:855: in dispatch_request
    return self.ensure_sync(self.view_functions[rule.endpoint])(**view_args)  # type: ignore[no-any-return]
venv/lib/python3.10/site-packages/flask_cors/decorator.py:128: in wrapped_function
    resp = make_response(f(*args, **kwargs))
venv/lib/python3.10/site-packages/flask_restx/api.py:402: in wrapper
    resp = resource(*args, **kwargs)
venv/lib/python3.10/site-packages/flask/views.py:110: in view
    return current_app.ensure_sync(self.dispatch_request)(**kwargs)  # type: ignore[no-any-return]
venv/lib/python3.10/site-packages/flask_restx/resource.py:41: in dispatch_request
    resp = meth(*args, **kwargs)
server/security.py:49: in decorated_function
    return func(token=token, *args, **kwargs)
server/security.py:115: in decorated_function
    return func(userid=userid, groups=groups, *args, **kwargs)
server/apis/project.py:181: in post
    response, status_code = react_create_builder(
server/factories/create_factory.py:413: in react_create_builder
    success = create_project(
server/factories/create_factory.py:127: in create_project
    if is_valid_kc_group(group_name, token) is False:
server/utils/permissions.py:56: in is_valid_kc_group
    groups = get_all_kc_groups(token)
_ _ _ _ _ _ _ _ _ _ _ _ _ _ _ _ _ _ _ _ _ _ _ _ _ _ _ _ _ _ _ _ _ _ _ _ _ _ _ _ _ _ _ _ _ _ _ _ _ _ _ _ _ _ _ _ _ _ _ _ _ _ _ _ _ _ _ _ _ _ _ _ _ _ _ _ _ _ _

token = 'eyJhbGciOiJSUzI1NiIsInR5cCIgOiAiSldUIiwia2lkIiA6ICJRUGRBRE9LdzlFVk1hTFFLOGwydFZWcW1WYmhSd1l0WFhhZ19UNWhXOHlJIn0.eyJle...8nWkVznEcwKm3vK7VfR4weLLT-ssTnKVnKWgyRjEiQmk8p_qQc4tq0bqWbgI9z54c8y7csBFk3Nvo0eqyjxkFDOYKMCjzEym83yB9FzcUXPKxy4L9q8p1A'

    def get_all_kc_groups(token):
        """
        Get all groups from keycloak
        and check if the group is in the list
        """
        url = f"{cfg['AUTH_BASE_URL']}/admin/realms/{cfg['AUTH_REALM']}/groups"
        headers = {"Authorization": f"Bearer {token}"}
    
        try:
            response = requests.get(  # nosec (for now, should be changed)
                url, headers=headers, verify=False, timeout=10
            )
        except Timeout:
            print("Timeout has been raised.")
    
        # TODO
        # return the error message that the user is not configured
        # correctly. Please contact the keycloak adminstrators to resolve this
    
        # if response.status_code == 403:
        #     raise ServiceUnavailable("Service unavailable")
    
        if response.status_code != 200:
            print("url", url)
            print("headers", headers)
            raise ServiceUnavailable(
                "Keycloak",
                response.text,
                response.reason,
                status_code=response.status_code,
            )
    
        # * if it returns unknown error the admin user is not configured correctly
        # asign the following role to the admin user
        # realm-management -&gt; query-groups
    
        groups = [res["name"] for res in response.json()]
&gt;       groups.remove("admin")
E       ValueError: list.remove(x): x not in list

server/utils/permissions.py:47: ValueError</failure></testcase><testcase classname="test_dataset.TestDatasetSubmission" name="test_get_dataset_submission_cols_options_no_access_to_that_project" time="0.224"><failure message="AttributeError: 'dict' object has no attribute 'data'">self = &lt;tests.test_dataset.TestDatasetSubmission object at 0x7a59965c4b80&gt;, client = &lt;FlaskClient &lt;Flask 'server.app'&gt;&gt;
header_4 = {'Authorization': 'eyJhbGciOiJSUzI1NiIsInR5cCIgOiAiSldUIiwia2lkIiA6ICJRUGRBRE9LdzlFVk1hTFFLOGwydFZWcW1WYmhSd1l0WFhhZ19...JJCcjHAuxiWDa78r8zT7-h7l-EBApX2vSDdX-fIca7_XKnGLxCvR1Mtbp12bBw', 'Content-Type': 'application/json', 'groups': ['3tr']}

    def test_get_dataset_submission_cols_options_no_access_to_that_project(
        self, client, header_4
    ):
    
        query = {"project_id": "test", "col_id": "visibility"}
    
        res = req_post(
            client, header_4, dataset_submission_cols_url_suffix, query
        )
    
&gt;       response = json.loads(res.data.decode("utf8"))
E       AttributeError: 'dict' object has no attribute 'data'

tests/test_dataset.py:230: AttributeError</failure></testcase><testcase classname="test_dataset.TestDatasetSubmission" name="test_get_dataset_submission_cols_options_for_visibility_changeable_T" time="0.014"><failure message="ValueError: list.remove(x): x not in list">self = &lt;tests.test_dataset.TestDatasetSubmission object at 0x7a59966d6800&gt;, client = &lt;FlaskClient &lt;Flask 'server.app'&gt;&gt;
header_admin = {'Authorization': 'eyJhbGciOiJSUzI1NiIsInR5cCIgOiAiSldUIiwia2lkIiA6ICJRUGRBRE9LdzlFVk1hTFFLOGwydFZWcW1WYmhSd1l0WFhhZ19...gI9z54c8y7csBFk3Nvo0eqyjxkFDOYKMCjzEym83yB9FzcUXPKxy4L9q8p1A', 'Content-Type': 'application/json', 'groups': ['admin']}
header_4 = {'Authorization': 'eyJhbGciOiJSUzI1NiIsInR5cCIgOiAiSldUIiwia2lkIiA6ICJRUGRBRE9LdzlFVk1hTFFLOGwydFZWcW1WYmhSd1l0WFhhZ19...JJCcjHAuxiWDa78r8zT7-h7l-EBApX2vSDdX-fIca7_XKnGLxCvR1Mtbp12bBw', 'Content-Type': 'application/json', 'groups': ['3tr']}
project_fields = [('id', 'str'), ('name', 'str'), ('description', 'str'), ('owners', 'list(str)'), ('datasetVisibilityDefault', 'str'), ('datasetVisibilityChangeable', 'bool'), ...]

    def test_get_dataset_submission_cols_options_for_visibility_changeable_T(
        self, client, header_admin, header_4, project_fields
    ):
    
        # scenario:
        # get the visibility options for a dataset submission
        # when on the the project level the visibility changeable
    
        # create a project
        proj_id = str(uuid.uuid4())
    
        data = add_project(
            client,
            header_admin,
            proj_id,
            project_fields,
            projects_create_url_suffix,
            submit=False,
        )
    
        data["owners"] = "granada"
        data["datasetVisibilityChangeable"] = True
        data["datasetVisibilityDefault"] = "visible to all"
    
&gt;       res = req_post(
            client, header_admin, projects_create_url_suffix, [data]
        )

tests/test_dataset.py:257: 
_ _ _ _ _ _ _ _ _ _ _ _ _ _ _ _ _ _ _ _ _ _ _ _ _ _ _ _ _ _ _ _ _ _ _ _ _ _ _ _ _ _ _ _ _ _ _ _ _ _ _ _ _ _ _ _ _ _ _ _ _ _ _ _ _ _ _ _ _ _ _ _ _ _ _ _ _ _ _
tests/helpers/utils.py:30: in inner_function
    res = func(*args, **kwargs)
tests/helpers/utils.py:46: in req_post
    return client.post(
venv/lib/python3.10/site-packages/werkzeug/test.py:1165: in post
    return self.open(*args, **kw)
venv/lib/python3.10/site-packages/flask/testing.py:235: in open
    response = super().open(
venv/lib/python3.10/site-packages/werkzeug/test.py:1114: in open
    response = self.run_wsgi_app(request.environ, buffered=buffered)
venv/lib/python3.10/site-packages/werkzeug/test.py:986: in run_wsgi_app
    rv = run_wsgi_app(self.application, environ, buffered=buffered)
venv/lib/python3.10/site-packages/werkzeug/test.py:1262: in run_wsgi_app
    app_rv = app(environ, start_response)
venv/lib/python3.10/site-packages/flask/app.py:1488: in __call__
    return self.wsgi_app(environ, start_response)
venv/lib/python3.10/site-packages/flask/app.py:1466: in wsgi_app
    response = self.handle_exception(e)
venv/lib/python3.10/site-packages/flask_cors/extension.py:165: in wrapped_function
    return cors_after_request(app.make_response(f(*args, **kwargs)))
venv/lib/python3.10/site-packages/flask_restx/api.py:671: in error_router
    return original_handler(f)
venv/lib/python3.10/site-packages/flask_restx/api.py:669: in error_router
    return self.handle_error(e)
venv/lib/python3.10/site-packages/flask/app.py:1463: in wsgi_app
    response = self.full_dispatch_request()
venv/lib/python3.10/site-packages/flask/app.py:872: in full_dispatch_request
    rv = self.handle_user_exception(e)
venv/lib/python3.10/site-packages/flask_cors/extension.py:165: in wrapped_function
    return cors_after_request(app.make_response(f(*args, **kwargs)))
venv/lib/python3.10/site-packages/flask_restx/api.py:671: in error_router
    return original_handler(f)
venv/lib/python3.10/site-packages/flask_restx/api.py:669: in error_router
    return self.handle_error(e)
venv/lib/python3.10/site-packages/flask/app.py:870: in full_dispatch_request
    rv = self.dispatch_request()
venv/lib/python3.10/site-packages/flask/app.py:855: in dispatch_request
    return self.ensure_sync(self.view_functions[rule.endpoint])(**view_args)  # type: ignore[no-any-return]
venv/lib/python3.10/site-packages/flask_cors/decorator.py:128: in wrapped_function
    resp = make_response(f(*args, **kwargs))
venv/lib/python3.10/site-packages/flask_restx/api.py:402: in wrapper
    resp = resource(*args, **kwargs)
venv/lib/python3.10/site-packages/flask/views.py:110: in view
    return current_app.ensure_sync(self.dispatch_request)(**kwargs)  # type: ignore[no-any-return]
venv/lib/python3.10/site-packages/flask_restx/resource.py:41: in dispatch_request
    resp = meth(*args, **kwargs)
server/security.py:49: in decorated_function
    return func(token=token, *args, **kwargs)
server/security.py:115: in decorated_function
    return func(userid=userid, groups=groups, *args, **kwargs)
server/apis/project.py:181: in post
    response, status_code = react_create_builder(
server/factories/create_factory.py:413: in react_create_builder
    success = create_project(
server/factories/create_factory.py:127: in create_project
    if is_valid_kc_group(group_name, token) is False:
server/utils/permissions.py:56: in is_valid_kc_group
    groups = get_all_kc_groups(token)
_ _ _ _ _ _ _ _ _ _ _ _ _ _ _ _ _ _ _ _ _ _ _ _ _ _ _ _ _ _ _ _ _ _ _ _ _ _ _ _ _ _ _ _ _ _ _ _ _ _ _ _ _ _ _ _ _ _ _ _ _ _ _ _ _ _ _ _ _ _ _ _ _ _ _ _ _ _ _

token = 'eyJhbGciOiJSUzI1NiIsInR5cCIgOiAiSldUIiwia2lkIiA6ICJRUGRBRE9LdzlFVk1hTFFLOGwydFZWcW1WYmhSd1l0WFhhZ19UNWhXOHlJIn0.eyJle...8nWkVznEcwKm3vK7VfR4weLLT-ssTnKVnKWgyRjEiQmk8p_qQc4tq0bqWbgI9z54c8y7csBFk3Nvo0eqyjxkFDOYKMCjzEym83yB9FzcUXPKxy4L9q8p1A'

    def get_all_kc_groups(token):
        """
        Get all groups from keycloak
        and check if the group is in the list
        """
        url = f"{cfg['AUTH_BASE_URL']}/admin/realms/{cfg['AUTH_REALM']}/groups"
        headers = {"Authorization": f"Bearer {token}"}
    
        try:
            response = requests.get(  # nosec (for now, should be changed)
                url, headers=headers, verify=False, timeout=10
            )
        except Timeout:
            print("Timeout has been raised.")
    
        # TODO
        # return the error message that the user is not configured
        # correctly. Please contact the keycloak adminstrators to resolve this
    
        # if response.status_code == 403:
        #     raise ServiceUnavailable("Service unavailable")
    
        if response.status_code != 200:
            print("url", url)
            print("headers", headers)
            raise ServiceUnavailable(
                "Keycloak",
                response.text,
                response.reason,
                status_code=response.status_code,
            )
    
        # * if it returns unknown error the admin user is not configured correctly
        # asign the following role to the admin user
        # realm-management -&gt; query-groups
    
        groups = [res["name"] for res in response.json()]
&gt;       groups.remove("admin")
E       ValueError: list.remove(x): x not in list

server/utils/permissions.py:47: ValueError</failure></testcase><testcase classname="test_dataset.TestDatasetSubmission" name="test_get_dataset_submission_cols_options_for_visibility_changeable_F" time="0.013"><failure message="ValueError: list.remove(x): x not in list">self = &lt;tests.test_dataset.TestDatasetSubmission object at 0x7a5996269090&gt;, client = &lt;FlaskClient &lt;Flask 'server.app'&gt;&gt;
header_admin = {'Authorization': 'eyJhbGciOiJSUzI1NiIsInR5cCIgOiAiSldUIiwia2lkIiA6ICJRUGRBRE9LdzlFVk1hTFFLOGwydFZWcW1WYmhSd1l0WFhhZ19...gI9z54c8y7csBFk3Nvo0eqyjxkFDOYKMCjzEym83yB9FzcUXPKxy4L9q8p1A', 'Content-Type': 'application/json', 'groups': ['admin']}
header_4 = {'Authorization': 'eyJhbGciOiJSUzI1NiIsInR5cCIgOiAiSldUIiwia2lkIiA6ICJRUGRBRE9LdzlFVk1hTFFLOGwydFZWcW1WYmhSd1l0WFhhZ19...JJCcjHAuxiWDa78r8zT7-h7l-EBApX2vSDdX-fIca7_XKnGLxCvR1Mtbp12bBw', 'Content-Type': 'application/json', 'groups': ['3tr']}
project_fields = [('id', 'str'), ('name', 'str'), ('description', 'str'), ('owners', 'list(str)'), ('datasetVisibilityDefault', 'str'), ('datasetVisibilityChangeable', 'bool'), ...]

    def test_get_dataset_submission_cols_options_for_visibility_changeable_F(
        self, client, header_admin, header_4, project_fields
    ):
    
        # scenario:
        # get the visibility options for a dataset submission
        # when on the the project level the visibility changeable
    
        # create a project
        proj_id = str(uuid.uuid4())
    
        data = add_project(
            client,
            header_admin,
            proj_id,
            project_fields,
            projects_create_url_suffix,
            submit=False,
        )
    
        data["owners"] = "granada"
        data["datasetVisibilityChangeable"] = False
        data["datasetVisibilityDefault"] = "visible to all"
    
&gt;       res = req_post(
            client, header_admin, projects_create_url_suffix, [data]
        )

tests/test_dataset.py:302: 
_ _ _ _ _ _ _ _ _ _ _ _ _ _ _ _ _ _ _ _ _ _ _ _ _ _ _ _ _ _ _ _ _ _ _ _ _ _ _ _ _ _ _ _ _ _ _ _ _ _ _ _ _ _ _ _ _ _ _ _ _ _ _ _ _ _ _ _ _ _ _ _ _ _ _ _ _ _ _
tests/helpers/utils.py:30: in inner_function
    res = func(*args, **kwargs)
tests/helpers/utils.py:46: in req_post
    return client.post(
venv/lib/python3.10/site-packages/werkzeug/test.py:1165: in post
    return self.open(*args, **kw)
venv/lib/python3.10/site-packages/flask/testing.py:235: in open
    response = super().open(
venv/lib/python3.10/site-packages/werkzeug/test.py:1114: in open
    response = self.run_wsgi_app(request.environ, buffered=buffered)
venv/lib/python3.10/site-packages/werkzeug/test.py:986: in run_wsgi_app
    rv = run_wsgi_app(self.application, environ, buffered=buffered)
venv/lib/python3.10/site-packages/werkzeug/test.py:1262: in run_wsgi_app
    app_rv = app(environ, start_response)
venv/lib/python3.10/site-packages/flask/app.py:1488: in __call__
    return self.wsgi_app(environ, start_response)
venv/lib/python3.10/site-packages/flask/app.py:1466: in wsgi_app
    response = self.handle_exception(e)
venv/lib/python3.10/site-packages/flask_cors/extension.py:165: in wrapped_function
    return cors_after_request(app.make_response(f(*args, **kwargs)))
venv/lib/python3.10/site-packages/flask_restx/api.py:671: in error_router
    return original_handler(f)
venv/lib/python3.10/site-packages/flask_restx/api.py:669: in error_router
    return self.handle_error(e)
venv/lib/python3.10/site-packages/flask/app.py:1463: in wsgi_app
    response = self.full_dispatch_request()
venv/lib/python3.10/site-packages/flask/app.py:872: in full_dispatch_request
    rv = self.handle_user_exception(e)
venv/lib/python3.10/site-packages/flask_cors/extension.py:165: in wrapped_function
    return cors_after_request(app.make_response(f(*args, **kwargs)))
venv/lib/python3.10/site-packages/flask_restx/api.py:671: in error_router
    return original_handler(f)
venv/lib/python3.10/site-packages/flask_restx/api.py:669: in error_router
    return self.handle_error(e)
venv/lib/python3.10/site-packages/flask/app.py:870: in full_dispatch_request
    rv = self.dispatch_request()
venv/lib/python3.10/site-packages/flask/app.py:855: in dispatch_request
    return self.ensure_sync(self.view_functions[rule.endpoint])(**view_args)  # type: ignore[no-any-return]
venv/lib/python3.10/site-packages/flask_cors/decorator.py:128: in wrapped_function
    resp = make_response(f(*args, **kwargs))
venv/lib/python3.10/site-packages/flask_restx/api.py:402: in wrapper
    resp = resource(*args, **kwargs)
venv/lib/python3.10/site-packages/flask/views.py:110: in view
    return current_app.ensure_sync(self.dispatch_request)(**kwargs)  # type: ignore[no-any-return]
venv/lib/python3.10/site-packages/flask_restx/resource.py:41: in dispatch_request
    resp = meth(*args, **kwargs)
server/security.py:49: in decorated_function
    return func(token=token, *args, **kwargs)
server/security.py:115: in decorated_function
    return func(userid=userid, groups=groups, *args, **kwargs)
server/apis/project.py:181: in post
    response, status_code = react_create_builder(
server/factories/create_factory.py:413: in react_create_builder
    success = create_project(
server/factories/create_factory.py:127: in create_project
    if is_valid_kc_group(group_name, token) is False:
server/utils/permissions.py:56: in is_valid_kc_group
    groups = get_all_kc_groups(token)
_ _ _ _ _ _ _ _ _ _ _ _ _ _ _ _ _ _ _ _ _ _ _ _ _ _ _ _ _ _ _ _ _ _ _ _ _ _ _ _ _ _ _ _ _ _ _ _ _ _ _ _ _ _ _ _ _ _ _ _ _ _ _ _ _ _ _ _ _ _ _ _ _ _ _ _ _ _ _

token = 'eyJhbGciOiJSUzI1NiIsInR5cCIgOiAiSldUIiwia2lkIiA6ICJRUGRBRE9LdzlFVk1hTFFLOGwydFZWcW1WYmhSd1l0WFhhZ19UNWhXOHlJIn0.eyJle...8nWkVznEcwKm3vK7VfR4weLLT-ssTnKVnKWgyRjEiQmk8p_qQc4tq0bqWbgI9z54c8y7csBFk3Nvo0eqyjxkFDOYKMCjzEym83yB9FzcUXPKxy4L9q8p1A'

    def get_all_kc_groups(token):
        """
        Get all groups from keycloak
        and check if the group is in the list
        """
        url = f"{cfg['AUTH_BASE_URL']}/admin/realms/{cfg['AUTH_REALM']}/groups"
        headers = {"Authorization": f"Bearer {token}"}
    
        try:
            response = requests.get(  # nosec (for now, should be changed)
                url, headers=headers, verify=False, timeout=10
            )
        except Timeout:
            print("Timeout has been raised.")
    
        # TODO
        # return the error message that the user is not configured
        # correctly. Please contact the keycloak adminstrators to resolve this
    
        # if response.status_code == 403:
        #     raise ServiceUnavailable("Service unavailable")
    
        if response.status_code != 200:
            print("url", url)
            print("headers", headers)
            raise ServiceUnavailable(
                "Keycloak",
                response.text,
                response.reason,
                status_code=response.status_code,
            )
    
        # * if it returns unknown error the admin user is not configured correctly
        # asign the following role to the admin user
        # realm-management -&gt; query-groups
    
        groups = [res["name"] for res in response.json()]
&gt;       groups.remove("admin")
E       ValueError: list.remove(x): x not in list

server/utils/permissions.py:47: ValueError</failure></testcase><testcase classname="test_dataset.TestDatasetSubmission" name="test_datasets_create" time="0.282" /><testcase classname="test_dataset.TestDatasetSubmission" name="tests_datasets_create_w_data_policy_file" time="0.038"><failure message="json.decoder.JSONDecodeError: Expecting value: line 1 column 1 (char 0)">self = &lt;tests.test_dataset.TestDatasetSubmission object at 0x7a5996912860&gt;, client = &lt;FlaskClient &lt;Flask 'server.app'&gt;&gt;
header_admin = {'Authorization': 'eyJhbGciOiJSUzI1NiIsInR5cCIgOiAiSldUIiwia2lkIiA6ICJRUGRBRE9LdzlFVk1hTFFLOGwydFZWcW1WYmhSd1l0WFhhZ19...gI9z54c8y7csBFk3Nvo0eqyjxkFDOYKMCjzEym83yB9FzcUXPKxy4L9q8p1A', 'Content-Type': 'application/json', 'groups': ['admin']}
header = {'Authorization': 'eyJhbGciOiJSUzI1NiIsInR5cCIgOiAiSldUIiwia2lkIiA6ICJRUGRBRE9LdzlFVk1hTFFLOGwydFZWcW1WYmhSd1l0WFhhZ19...cUXtOjOrFzbxAa5Efszm_LIr0fd-WLKaS3admK2MHWqSn5YQ9KGYgwEEmSsi6Q', 'Content-Type': 'application/json', 'groups': ['3tr']}
dataset_fields = ['id', 'project_id', 'name', 'disease', 'treatment', 'molecularInfo', ...]
project_fields = [('id', 'str'), ('name', 'str'), ('description', 'str'), ('owners', 'list(str)'), ('datasetVisibilityDefault', 'str'), ('datasetVisibilityChangeable', 'bool'), ...]

    def tests_datasets_create_w_data_policy_file(
        self, client, header_admin, header, dataset_fields, project_fields
    ):
    
&gt;       upload_data_policy_file(
            client, header_admin, header, project_fields, dataset_fields
        )

tests/test_dataset.py:360: 
_ _ _ _ _ _ _ _ _ _ _ _ _ _ _ _ _ _ _ _ _ _ _ _ _ _ _ _ _ _ _ _ _ _ _ _ _ _ _ _ _ _ _ _ _ _ _ _ _ _ _ _ _ _ _ _ _ _ _ _ _ _ _ _ _ _ _ _ _ _ _ _ _ _ _ _ _ _ _
tests/helpers/utils.py:669: in upload_data_policy_file
    sign_url(
tests/helpers/utils.py:541: in sign_url
    res = req_get(client, header, url)
tests/helpers/utils.py:34: in inner_function
    return json.loads(res.data.decode("utf8"))
/usr/lib/python3.10/json/__init__.py:346: in loads
    return _default_decoder.decode(s)
/usr/lib/python3.10/json/decoder.py:337: in decode
    obj, end = self.raw_decode(s, idx=_w(s, 0).end())
_ _ _ _ _ _ _ _ _ _ _ _ _ _ _ _ _ _ _ _ _ _ _ _ _ _ _ _ _ _ _ _ _ _ _ _ _ _ _ _ _ _ _ _ _ _ _ _ _ _ _ _ _ _ _ _ _ _ _ _ _ _ _ _ _ _ _ _ _ _ _ _ _ _ _ _ _ _ _

self = &lt;json.decoder.JSONDecoder object at 0x7a599d7681c0&gt;
s = '&lt;!doctype html&gt;\n&lt;html lang=en&gt;\n&lt;title&gt;Redirecting...&lt;/title&gt;\n&lt;h1&gt;Redirecting...&lt;/h1&gt;\n&lt;p&gt;You should be redirected ...l/3tr/fe0982e4-f26d-4099-b5fd-e5c8b43608fa/dataPolicy.pdf_uploadedVersion_1.tsv?uploads&lt;/a&gt;. If not, click the link.\n'
idx = 0

    def raw_decode(self, s, idx=0):
        """Decode a JSON document from ``s`` (a ``str`` beginning with
        a JSON document) and return a 2-tuple of the Python
        representation and the index in ``s`` where the document ended.
    
        This can be used to decode a JSON document from a string that may
        have extraneous data at the end.
    
        """
        try:
            obj, end = self.scan_once(s, idx)
        except StopIteration as err:
&gt;           raise JSONDecodeError("Expecting value", s, err.value) from None
E           json.decoder.JSONDecodeError: Expecting value: line 1 column 1 (char 0)

/usr/lib/python3.10/json/decoder.py:355: JSONDecodeError</failure></testcase><testcase classname="test_dataset.TestDatasetSubmission" name="tests_datasets_create_w_data_policy_file_wrong_file_ext" time="0.030" /><testcase classname="test_dataset.TestDatasetSubmission" name="tests_datasets_create_w_multiple_data_policy_files" time="0.031" /><testcase classname="test_dataset.TestDatasetSubmission" name="test_datasets_create_w_data_policy_file_finish_upload_group_not_exist" time="0.005"><error message="failed on setup with &quot;KeyError: 'access_token'&quot;">@pytest.fixture(scope="module")
    def header_5():
&gt;       return get_header("test5", DevelopmentConfig)

tests/conftest.py:42: 
_ _ _ _ _ _ _ _ _ _ _ _ _ _ _ _ _ _ _ _ _ _ _ _ _ _ _ _ _ _ _ _ _ _ _ _ _ _ _ _ _ _ _ _ _ _ _ _ _ _ _ _ _ _ _ _ _ _ _ _ _ _ _ _ _ _ _ _ _ _ _ _ _ _ _ _ _ _ _
tests/helpers/utils.py:141: in get_header
    token = get_token(user, cfg)
_ _ _ _ _ _ _ _ _ _ _ _ _ _ _ _ _ _ _ _ _ _ _ _ _ _ _ _ _ _ _ _ _ _ _ _ _ _ _ _ _ _ _ _ _ _ _ _ _ _ _ _ _ _ _ _ _ _ _ _ _ _ _ _ _ _ _ _ _ _ _ _ _ _ _ _ _ _ _

user = 'test5', cfg = &lt;class 'server.config.config_test.DevelopmentConfig'&gt;

    def get_token(user, cfg):
        payload = (
            f"client_id={cfg.CLIENT}&amp;grant_type=password&amp;"
            f"username={user}&amp;password={cfg.PASSWORD}"
        )
        headers = {"Content-Type": "application/x-www-form-urlencoded"}
        response = requests.post(  # nosec (don't need to verify on localhost)
            cfg.TOKEN_URL, data=payload, headers=headers, verify=False
        )
&gt;       return response.json()["access_token"]
E       KeyError: 'access_token'

tests/helpers/utils.py:116: KeyError</error></testcase><testcase classname="test_dataset.TestDatasetSubmission" name="test_datasets_create_w_data_policy_file_finish_upload_wrong_group_name" time="0.036"><failure message="json.decoder.JSONDecodeError: Expecting value: line 1 column 1 (char 0)">self = &lt;tests.test_dataset.TestDatasetSubmission object at 0x7a599678e8c0&gt;, client = &lt;FlaskClient &lt;Flask 'server.app'&gt;&gt;
header = {'Authorization': 'eyJhbGciOiJSUzI1NiIsInR5cCIgOiAiSldUIiwia2lkIiA6ICJRUGRBRE9LdzlFVk1hTFFLOGwydFZWcW1WYmhSd1l0WFhhZ19...cUXtOjOrFzbxAa5Efszm_LIr0fd-WLKaS3admK2MHWqSn5YQ9KGYgwEEmSsi6Q', 'Content-Type': 'application/json', 'groups': ['3tr']}
view_query = {'filtered': None, 'page': 1, 'pageSize': 100, 'sorted': None}

    def test_datasets_create_w_data_policy_file_finish_upload_wrong_group_name(
        self, client, header, view_query
    ):
    
        # dummy query to add the user's group to the db
        req_post(client, header, dataset_view_url_suffix, view_query)
    
        # /finishUpload is called
        res2 = req_post(
            client,
            header,
            "datasets/policy/uploadfinish",
            {"aws_key": "cnag/test/dataPolicy/dataPolicy.txt"},
        )
    
&gt;       response2 = json.loads(res2.data.decode("utf8"))

tests/test_dataset.py:436: 
_ _ _ _ _ _ _ _ _ _ _ _ _ _ _ _ _ _ _ _ _ _ _ _ _ _ _ _ _ _ _ _ _ _ _ _ _ _ _ _ _ _ _ _ _ _ _ _ _ _ _ _ _ _ _ _ _ _ _ _ _ _ _ _ _ _ _ _ _ _ _ _ _ _ _ _ _ _ _
/usr/lib/python3.10/json/__init__.py:346: in loads
    return _default_decoder.decode(s)
/usr/lib/python3.10/json/decoder.py:337: in decode
    obj, end = self.raw_decode(s, idx=_w(s, 0).end())
_ _ _ _ _ _ _ _ _ _ _ _ _ _ _ _ _ _ _ _ _ _ _ _ _ _ _ _ _ _ _ _ _ _ _ _ _ _ _ _ _ _ _ _ _ _ _ _ _ _ _ _ _ _ _ _ _ _ _ _ _ _ _ _ _ _ _ _ _ _ _ _ _ _ _ _ _ _ _

self = &lt;json.decoder.JSONDecoder object at 0x7a599d7681c0&gt;
s = '&lt;!doctype html&gt;\n&lt;html lang=en&gt;\n&lt;title&gt;404 Not Found&lt;/title&gt;\n&lt;h1&gt;Not Found&lt;/h1&gt;\n&lt;p&gt;The requested URL was not found on the server. If you entered the URL manually please check your spelling and try again.&lt;/p&gt;\n'
idx = 0

    def raw_decode(self, s, idx=0):
        """Decode a JSON document from ``s`` (a ``str`` beginning with
        a JSON document) and return a 2-tuple of the Python
        representation and the index in ``s`` where the document ended.
    
        This can be used to decode a JSON document from a string that may
        have extraneous data at the end.
    
        """
        try:
            obj, end = self.scan_once(s, idx)
        except StopIteration as err:
&gt;           raise JSONDecodeError("Expecting value", s, err.value) from None
E           json.decoder.JSONDecodeError: Expecting value: line 1 column 1 (char 0)

/usr/lib/python3.10/json/decoder.py:355: JSONDecodeError</failure></testcase><testcase classname="test_dataset.TestDatasetSubmission" name="test_datasets_create_w_data_policy_file_finish_upload_ds_not_exist" time="0.022"><failure message="json.decoder.JSONDecodeError: Expecting value: line 1 column 1 (char 0)">self = &lt;tests.test_dataset.TestDatasetSubmission object at 0x7a5996169f00&gt;, client = &lt;FlaskClient &lt;Flask 'server.app'&gt;&gt;
header = {'Authorization': 'eyJhbGciOiJSUzI1NiIsInR5cCIgOiAiSldUIiwia2lkIiA6ICJRUGRBRE9LdzlFVk1hTFFLOGwydFZWcW1WYmhSd1l0WFhhZ19...cUXtOjOrFzbxAa5Efszm_LIr0fd-WLKaS3admK2MHWqSn5YQ9KGYgwEEmSsi6Q', 'Content-Type': 'application/json', 'groups': ['3tr']}
view_query = {'filtered': None, 'page': 1, 'pageSize': 100, 'sorted': None}

    def test_datasets_create_w_data_policy_file_finish_upload_ds_not_exist(
        self, client, header, view_query
    ):
    
        # dummy query to add the user's group to the db
        req_post(client, header, dataset_view_url_suffix, view_query)
    
        # /finishUpload is called
        res2 = req_post(
            client,
            header,
            "datasets/policy/uploadfinish",
            {"aws_key": "3tr/test/dataPolicy/dataPolicy.txt"},
        )
    
&gt;       response2 = json.loads(res2.data.decode("utf8"))

tests/test_dataset.py:454: 
_ _ _ _ _ _ _ _ _ _ _ _ _ _ _ _ _ _ _ _ _ _ _ _ _ _ _ _ _ _ _ _ _ _ _ _ _ _ _ _ _ _ _ _ _ _ _ _ _ _ _ _ _ _ _ _ _ _ _ _ _ _ _ _ _ _ _ _ _ _ _ _ _ _ _ _ _ _ _
/usr/lib/python3.10/json/__init__.py:346: in loads
    return _default_decoder.decode(s)
/usr/lib/python3.10/json/decoder.py:337: in decode
    obj, end = self.raw_decode(s, idx=_w(s, 0).end())
_ _ _ _ _ _ _ _ _ _ _ _ _ _ _ _ _ _ _ _ _ _ _ _ _ _ _ _ _ _ _ _ _ _ _ _ _ _ _ _ _ _ _ _ _ _ _ _ _ _ _ _ _ _ _ _ _ _ _ _ _ _ _ _ _ _ _ _ _ _ _ _ _ _ _ _ _ _ _

self = &lt;json.decoder.JSONDecoder object at 0x7a599d7681c0&gt;
s = '&lt;!doctype html&gt;\n&lt;html lang=en&gt;\n&lt;title&gt;404 Not Found&lt;/title&gt;\n&lt;h1&gt;Not Found&lt;/h1&gt;\n&lt;p&gt;The requested URL was not found on the server. If you entered the URL manually please check your spelling and try again.&lt;/p&gt;\n'
idx = 0

    def raw_decode(self, s, idx=0):
        """Decode a JSON document from ``s`` (a ``str`` beginning with
        a JSON document) and return a 2-tuple of the Python
        representation and the index in ``s`` where the document ended.
    
        This can be used to decode a JSON document from a string that may
        have extraneous data at the end.
    
        """
        try:
            obj, end = self.scan_once(s, idx)
        except StopIteration as err:
&gt;           raise JSONDecodeError("Expecting value", s, err.value) from None
E           json.decoder.JSONDecodeError: Expecting value: line 1 column 1 (char 0)

/usr/lib/python3.10/json/decoder.py:355: JSONDecodeError</failure></testcase><testcase classname="test_dataset.TestDatasetSubmission" name="test_create_dataset_w_clinical_data" time="0.038"><failure message="json.decoder.JSONDecodeError: Expecting value: line 1 column 1 (char 0)">self = &lt;tests.test_dataset.TestDatasetSubmission object at 0x7a599678dde0&gt;, client = &lt;FlaskClient &lt;Flask 'server.app'&gt;&gt;
header_admin = {'Authorization': 'eyJhbGciOiJSUzI1NiIsInR5cCIgOiAiSldUIiwia2lkIiA6ICJRUGRBRE9LdzlFVk1hTFFLOGwydFZWcW1WYmhSd1l0WFhhZ19...gI9z54c8y7csBFk3Nvo0eqyjxkFDOYKMCjzEym83yB9FzcUXPKxy4L9q8p1A', 'Content-Type': 'application/json', 'groups': ['admin']}
header = {'Authorization': 'eyJhbGciOiJSUzI1NiIsInR5cCIgOiAiSldUIiwia2lkIiA6ICJRUGRBRE9LdzlFVk1hTFFLOGwydFZWcW1WYmhSd1l0WFhhZ19...cUXtOjOrFzbxAa5Efszm_LIr0fd-WLKaS3admK2MHWqSn5YQ9KGYgwEEmSsi6Q', 'Content-Type': 'application/json', 'groups': ['3tr']}
dataset_fields = ['id', 'project_id', 'name', 'disease', 'treatment', 'molecularInfo', ...]
project_fields = [('id', 'str'), ('name', 'str'), ('description', 'str'), ('owners', 'list(str)'), ('datasetVisibilityDefault', 'str'), ('datasetVisibilityChangeable', 'bool'), ...]

    def test_create_dataset_w_clinical_data(
        self, client, header_admin, header, dataset_fields, project_fields
    ):
    
        # TODO
        # the clinical data tests are the same as the data policy tests
        # so it would be good to refactor them into a single function (class?)
    
&gt;       upload_clinical_data_file(
            client, header_admin, header, project_fields, dataset_fields
        )

tests/test_dataset.py:465: 
_ _ _ _ _ _ _ _ _ _ _ _ _ _ _ _ _ _ _ _ _ _ _ _ _ _ _ _ _ _ _ _ _ _ _ _ _ _ _ _ _ _ _ _ _ _ _ _ _ _ _ _ _ _ _ _ _ _ _ _ _ _ _ _ _ _ _ _ _ _ _ _ _ _ _ _ _ _ _
tests/helpers/utils.py:714: in upload_clinical_data_file
    sign_url(
tests/helpers/utils.py:541: in sign_url
    res = req_get(client, header, url)
tests/helpers/utils.py:34: in inner_function
    return json.loads(res.data.decode("utf8"))
/usr/lib/python3.10/json/__init__.py:346: in loads
    return _default_decoder.decode(s)
/usr/lib/python3.10/json/decoder.py:337: in decode
    obj, end = self.raw_decode(s, idx=_w(s, 0).end())
_ _ _ _ _ _ _ _ _ _ _ _ _ _ _ _ _ _ _ _ _ _ _ _ _ _ _ _ _ _ _ _ _ _ _ _ _ _ _ _ _ _ _ _ _ _ _ _ _ _ _ _ _ _ _ _ _ _ _ _ _ _ _ _ _ _ _ _ _ _ _ _ _ _ _ _ _ _ _

self = &lt;json.decoder.JSONDecoder object at 0x7a599d7681c0&gt;
s = '&lt;!doctype html&gt;\n&lt;html lang=en&gt;\n&lt;title&gt;Redirecting...&lt;/title&gt;\n&lt;h1&gt;Redirecting...&lt;/h1&gt;\n&lt;p&gt;You should be redirected ...devel3tropal/3tr/6721a8bb-7a7f-4b35-b3de-2ce0e2d69337/clinical/clinicalData.csv?uploads&lt;/a&gt;. If not, click the link.\n'
idx = 0

    def raw_decode(self, s, idx=0):
        """Decode a JSON document from ``s`` (a ``str`` beginning with
        a JSON document) and return a 2-tuple of the Python
        representation and the index in ``s`` where the document ended.
    
        This can be used to decode a JSON document from a string that may
        have extraneous data at the end.
    
        """
        try:
            obj, end = self.scan_once(s, idx)
        except StopIteration as err:
&gt;           raise JSONDecodeError("Expecting value", s, err.value) from None
E           json.decoder.JSONDecodeError: Expecting value: line 1 column 1 (char 0)

/usr/lib/python3.10/json/decoder.py:355: JSONDecodeError</failure></testcase><testcase classname="test_dataset.TestDatasetSubmission" name="tests_datasets_create_w_clinical_data_file_wrong_file_ext" time="0.030"><failure message="AssertionError: The clinical file must be .csv or .json">client = &lt;FlaskClient &lt;Flask 'server.app'&gt;&gt;
header_admin = {'Authorization': 'eyJhbGciOiJSUzI1NiIsInR5cCIgOiAiSldUIiwia2lkIiA6ICJRUGRBRE9LdzlFVk1hTFFLOGwydFZWcW1WYmhSd1l0WFhhZ19...gI9z54c8y7csBFk3Nvo0eqyjxkFDOYKMCjzEym83yB9FzcUXPKxy4L9q8p1A', 'Content-Type': 'application/json', 'groups': ['admin']}
header = {'Authorization': 'eyJhbGciOiJSUzI1NiIsInR5cCIgOiAiSldUIiwia2lkIiA6ICJRUGRBRE9LdzlFVk1hTFFLOGwydFZWcW1WYmhSd1l0WFhhZ19...cUXtOjOrFzbxAa5Efszm_LIr0fd-WLKaS3admK2MHWqSn5YQ9KGYgwEEmSsi6Q', 'Content-Type': 'application/json', 'groups': ['3tr']}
proj_fields = [('id', 'str'), ('name', 'str'), ('description', 'str'), ('owners', 'list(str)'), ('datasetVisibilityDefault', 'str'), ('datasetVisibilityChangeable', 'bool'), ...]
ds_fields = ['id', 'project_id', 'name', 'disease', 'treatment', 'molecularInfo', ...], dataset_id = '10012d0a-97b3-4f34-bb1e-e01673d07931'
project_id = '1ceab892-3646-4af4-9432-5e7b23d7428b', private = True, submit = True, overwrite_fields = {'file2': ['test.pdf']}, create_project = True
proj_overwrite_fields = None, expected_error = 'The clinical data file must be in .csv format', add_to_db = True, field_to_be_deleted = None

    def add_dataset(
        client,
        header_admin,
        header,
        proj_fields,
        ds_fields,
        dataset_id=None,
        project_id=None,
        private=True,
        submit=True,
        overwrite_fields=None,
        create_project=True,
        proj_overwrite_fields=None,
        expected_error=None,
        add_to_db=True,
        field_to_be_deleted=None,
    ):
        """
        Before being able to create a dataset
        a project has to be created
        """
    
        if project_id is None:
            project_id = str(uuid.uuid4())
    
        # TODO
        # pass owner information to add_project
    
        if create_project:
            add_project(
                client,
                header_admin,
                project_id,
                proj_fields,
                "projects/create",
                submit=True,
                overwrite_fields=proj_overwrite_fields,
            )
    
        if dataset_id is None:
            dataset_id = str(uuid.uuid4())
    
        d = {"disease": "CD", "visibility": "private"}
    
        row = {k: d.get(k, "test") for k in ds_fields}
        row.update(
            {
                "project_id": project_id,
                "id": dataset_id,
                "samplesCount": "1",
                "featuresCount": "1",
                # TODO
                # fix wrong spelling
                "healthyControllsIncluded": True,
                "visibility": "private" if private else "visible to all",
                "file": [],
                "file2": [],
            }
        )
    
        if field_to_be_deleted is not None:
            del row[field_to_be_deleted]
    
        if overwrite_fields:
            row.update(overwrite_fields)
    
        if not submit:
            return row
    
        url = "datasets/create"
    
        if add_to_db is False:
            url = "datasets/validate"
            row = [row]
    
        # TODO
        # in a function
        # because it is the same logic for
        # add_project and add_file
        res = req_post(
            client,
            header,
            url,
            row,
        )
    
        if expected_error:
            try:
                res = json.loads(res.data.decode("utf8"))
            except Exception:
                pass
    
            try:
&gt;               assert expected_error in res["message"]
E               AssertionError

tests/helpers/utils.py:470: AssertionError

During handling of the above exception, another exception occurred:

self = &lt;tests.test_dataset.TestDatasetSubmission object at 0x7a5996028be0&gt;, client = &lt;FlaskClient &lt;Flask 'server.app'&gt;&gt;
header_admin = {'Authorization': 'eyJhbGciOiJSUzI1NiIsInR5cCIgOiAiSldUIiwia2lkIiA6ICJRUGRBRE9LdzlFVk1hTFFLOGwydFZWcW1WYmhSd1l0WFhhZ19...gI9z54c8y7csBFk3Nvo0eqyjxkFDOYKMCjzEym83yB9FzcUXPKxy4L9q8p1A', 'Content-Type': 'application/json', 'groups': ['admin']}
header = {'Authorization': 'eyJhbGciOiJSUzI1NiIsInR5cCIgOiAiSldUIiwia2lkIiA6ICJRUGRBRE9LdzlFVk1hTFFLOGwydFZWcW1WYmhSd1l0WFhhZ19...cUXtOjOrFzbxAa5Efszm_LIr0fd-WLKaS3admK2MHWqSn5YQ9KGYgwEEmSsi6Q', 'Content-Type': 'application/json', 'groups': ['3tr']}
dataset_fields = ['id', 'project_id', 'name', 'disease', 'treatment', 'molecularInfo', ...]
project_fields = [('id', 'str'), ('name', 'str'), ('description', 'str'), ('owners', 'list(str)'), ('datasetVisibilityDefault', 'str'), ('datasetVisibilityChangeable', 'bool'), ...]

    def tests_datasets_create_w_clinical_data_file_wrong_file_ext(
        self, client, header_admin, header, dataset_fields, project_fields
    ):
    
        dataset_id = str(uuid.uuid4())
        project_id = str(uuid.uuid4())
    
&gt;       add_dataset(
            client,
            header_admin,
            header,
            project_fields,
            dataset_fields,
            dataset_id=dataset_id,
            project_id=project_id,
            overwrite_fields={"file2": ["test.pdf"]},
            expected_error=("The clinical data file must be in .csv format"),
        )

tests/test_dataset.py:476: 
_ _ _ _ _ _ _ _ _ _ _ _ _ _ _ _ _ _ _ _ _ _ _ _ _ _ _ _ _ _ _ _ _ _ _ _ _ _ _ _ _ _ _ _ _ _ _ _ _ _ _ _ _ _ _ _ _ _ _ _ _ _ _ _ _ _ _ _ _ _ _ _ _ _ _ _ _ _ _

client = &lt;FlaskClient &lt;Flask 'server.app'&gt;&gt;
header_admin = {'Authorization': 'eyJhbGciOiJSUzI1NiIsInR5cCIgOiAiSldUIiwia2lkIiA6ICJRUGRBRE9LdzlFVk1hTFFLOGwydFZWcW1WYmhSd1l0WFhhZ19...gI9z54c8y7csBFk3Nvo0eqyjxkFDOYKMCjzEym83yB9FzcUXPKxy4L9q8p1A', 'Content-Type': 'application/json', 'groups': ['admin']}
header = {'Authorization': 'eyJhbGciOiJSUzI1NiIsInR5cCIgOiAiSldUIiwia2lkIiA6ICJRUGRBRE9LdzlFVk1hTFFLOGwydFZWcW1WYmhSd1l0WFhhZ19...cUXtOjOrFzbxAa5Efszm_LIr0fd-WLKaS3admK2MHWqSn5YQ9KGYgwEEmSsi6Q', 'Content-Type': 'application/json', 'groups': ['3tr']}
proj_fields = [('id', 'str'), ('name', 'str'), ('description', 'str'), ('owners', 'list(str)'), ('datasetVisibilityDefault', 'str'), ('datasetVisibilityChangeable', 'bool'), ...]
ds_fields = ['id', 'project_id', 'name', 'disease', 'treatment', 'molecularInfo', ...], dataset_id = '10012d0a-97b3-4f34-bb1e-e01673d07931'
project_id = '1ceab892-3646-4af4-9432-5e7b23d7428b', private = True, submit = True, overwrite_fields = {'file2': ['test.pdf']}, create_project = True
proj_overwrite_fields = None, expected_error = 'The clinical data file must be in .csv format', add_to_db = True, field_to_be_deleted = None

    def add_dataset(
        client,
        header_admin,
        header,
        proj_fields,
        ds_fields,
        dataset_id=None,
        project_id=None,
        private=True,
        submit=True,
        overwrite_fields=None,
        create_project=True,
        proj_overwrite_fields=None,
        expected_error=None,
        add_to_db=True,
        field_to_be_deleted=None,
    ):
        """
        Before being able to create a dataset
        a project has to be created
        """
    
        if project_id is None:
            project_id = str(uuid.uuid4())
    
        # TODO
        # pass owner information to add_project
    
        if create_project:
            add_project(
                client,
                header_admin,
                project_id,
                proj_fields,
                "projects/create",
                submit=True,
                overwrite_fields=proj_overwrite_fields,
            )
    
        if dataset_id is None:
            dataset_id = str(uuid.uuid4())
    
        d = {"disease": "CD", "visibility": "private"}
    
        row = {k: d.get(k, "test") for k in ds_fields}
        row.update(
            {
                "project_id": project_id,
                "id": dataset_id,
                "samplesCount": "1",
                "featuresCount": "1",
                # TODO
                # fix wrong spelling
                "healthyControllsIncluded": True,
                "visibility": "private" if private else "visible to all",
                "file": [],
                "file2": [],
            }
        )
    
        if field_to_be_deleted is not None:
            del row[field_to_be_deleted]
    
        if overwrite_fields:
            row.update(overwrite_fields)
    
        if not submit:
            return row
    
        url = "datasets/create"
    
        if add_to_db is False:
            url = "datasets/validate"
            row = [row]
    
        # TODO
        # in a function
        # because it is the same logic for
        # add_project and add_file
        res = req_post(
            client,
            header,
            url,
            row,
        )
    
        if expected_error:
            try:
                res = json.loads(res.data.decode("utf8"))
            except Exception:
                pass
    
            try:
                assert expected_error in res["message"]
                return
            except AssertionError:
&gt;               raise AssertionError(res["message"])
E               AssertionError: The clinical file must be .csv or .json

tests/helpers/utils.py:473: AssertionError</failure></testcase><testcase classname="test_dataset.TestDatasetSubmission" name="tests_datasets_w_multiple_clinical_data_files" time="0.030" /><testcase classname="test_dataset.TestDatasetSubmission" name="test_datasets_create_w_clinical_data_finish_upload_group_not_exist" time="0.000"><error message="failed on setup with &quot;KeyError: 'access_token'&quot;">@pytest.fixture(scope="module")
    def header_5():
&gt;       return get_header("test5", DevelopmentConfig)

tests/conftest.py:42: 
_ _ _ _ _ _ _ _ _ _ _ _ _ _ _ _ _ _ _ _ _ _ _ _ _ _ _ _ _ _ _ _ _ _ _ _ _ _ _ _ _ _ _ _ _ _ _ _ _ _ _ _ _ _ _ _ _ _ _ _ _ _ _ _ _ _ _ _ _ _ _ _ _ _ _ _ _ _ _
tests/helpers/utils.py:141: in get_header
    token = get_token(user, cfg)
_ _ _ _ _ _ _ _ _ _ _ _ _ _ _ _ _ _ _ _ _ _ _ _ _ _ _ _ _ _ _ _ _ _ _ _ _ _ _ _ _ _ _ _ _ _ _ _ _ _ _ _ _ _ _ _ _ _ _ _ _ _ _ _ _ _ _ _ _ _ _ _ _ _ _ _ _ _ _

user = 'test5', cfg = &lt;class 'server.config.config_test.DevelopmentConfig'&gt;

    def get_token(user, cfg):
        payload = (
            f"client_id={cfg.CLIENT}&amp;grant_type=password&amp;"
            f"username={user}&amp;password={cfg.PASSWORD}"
        )
        headers = {"Content-Type": "application/x-www-form-urlencoded"}
        response = requests.post(  # nosec (don't need to verify on localhost)
            cfg.TOKEN_URL, data=payload, headers=headers, verify=False
        )
&gt;       return response.json()["access_token"]
E       KeyError: 'access_token'

tests/helpers/utils.py:116: KeyError</error></testcase><testcase classname="test_dataset.TestDatasetSubmission" name="test_datasets_create_w_clinical_data_finish_upload_wrong_group_name" time="0.025"><failure message="json.decoder.JSONDecodeError: Expecting value: line 1 column 1 (char 0)">self = &lt;tests.test_dataset.TestDatasetSubmission object at 0x7a59966d6f80&gt;, client = &lt;FlaskClient &lt;Flask 'server.app'&gt;&gt;
header = {'Authorization': 'eyJhbGciOiJSUzI1NiIsInR5cCIgOiAiSldUIiwia2lkIiA6ICJRUGRBRE9LdzlFVk1hTFFLOGwydFZWcW1WYmhSd1l0WFhhZ19...cUXtOjOrFzbxAa5Efszm_LIr0fd-WLKaS3admK2MHWqSn5YQ9KGYgwEEmSsi6Q', 'Content-Type': 'application/json', 'groups': ['3tr']}
view_query = {'filtered': None, 'page': 1, 'pageSize': 100, 'sorted': None}

    def test_datasets_create_w_clinical_data_finish_upload_wrong_group_name(
        self, client, header, view_query
    ):
    
        # dummy query to add the user's group to the db
        req_post(client, header, dataset_view_url_suffix, view_query)
    
        # /finishUpload is called
        res2 = req_post(
            client,
            header,
            "datasets/clinical/uploadfinish",
            {"aws_key": "cnag/test/dataPolicy/clinical.csv"},
        )
    
&gt;       response2 = json.loads(res2.data.decode("utf8"))

tests/test_dataset.py:539: 
_ _ _ _ _ _ _ _ _ _ _ _ _ _ _ _ _ _ _ _ _ _ _ _ _ _ _ _ _ _ _ _ _ _ _ _ _ _ _ _ _ _ _ _ _ _ _ _ _ _ _ _ _ _ _ _ _ _ _ _ _ _ _ _ _ _ _ _ _ _ _ _ _ _ _ _ _ _ _
/usr/lib/python3.10/json/__init__.py:346: in loads
    return _default_decoder.decode(s)
/usr/lib/python3.10/json/decoder.py:337: in decode
    obj, end = self.raw_decode(s, idx=_w(s, 0).end())
_ _ _ _ _ _ _ _ _ _ _ _ _ _ _ _ _ _ _ _ _ _ _ _ _ _ _ _ _ _ _ _ _ _ _ _ _ _ _ _ _ _ _ _ _ _ _ _ _ _ _ _ _ _ _ _ _ _ _ _ _ _ _ _ _ _ _ _ _ _ _ _ _ _ _ _ _ _ _

self = &lt;json.decoder.JSONDecoder object at 0x7a599d7681c0&gt;
s = '&lt;!doctype html&gt;\n&lt;html lang=en&gt;\n&lt;title&gt;404 Not Found&lt;/title&gt;\n&lt;h1&gt;Not Found&lt;/h1&gt;\n&lt;p&gt;The requested URL was not found on the server. If you entered the URL manually please check your spelling and try again.&lt;/p&gt;\n'
idx = 0

    def raw_decode(self, s, idx=0):
        """Decode a JSON document from ``s`` (a ``str`` beginning with
        a JSON document) and return a 2-tuple of the Python
        representation and the index in ``s`` where the document ended.
    
        This can be used to decode a JSON document from a string that may
        have extraneous data at the end.
    
        """
        try:
            obj, end = self.scan_once(s, idx)
        except StopIteration as err:
&gt;           raise JSONDecodeError("Expecting value", s, err.value) from None
E           json.decoder.JSONDecodeError: Expecting value: line 1 column 1 (char 0)

/usr/lib/python3.10/json/decoder.py:355: JSONDecodeError</failure></testcase><testcase classname="test_dataset.TestDatasetSubmission" name="test_datasets_create_w_clinical_data_file_finish_upload_ds_not_exist" time="0.026"><failure message="json.decoder.JSONDecodeError: Expecting value: line 1 column 1 (char 0)">self = &lt;tests.test_dataset.TestDatasetSubmission object at 0x7a5996535c00&gt;, client = &lt;FlaskClient &lt;Flask 'server.app'&gt;&gt;
header = {'Authorization': 'eyJhbGciOiJSUzI1NiIsInR5cCIgOiAiSldUIiwia2lkIiA6ICJRUGRBRE9LdzlFVk1hTFFLOGwydFZWcW1WYmhSd1l0WFhhZ19...cUXtOjOrFzbxAa5Efszm_LIr0fd-WLKaS3admK2MHWqSn5YQ9KGYgwEEmSsi6Q', 'Content-Type': 'application/json', 'groups': ['3tr']}
view_query = {'filtered': None, 'page': 1, 'pageSize': 100, 'sorted': None}

    def test_datasets_create_w_clinical_data_file_finish_upload_ds_not_exist(
        self, client, header, view_query
    ):
    
        # dummy query to add the user's group to the db
[...]
    return self.ensure_sync(self.view_functions[rule.endpoint])(**view_args)  # type: ignore[no-any-return]
venv/lib/python3.10/site-packages/flask_cors/decorator.py:128: in wrapped_function
    resp = make_response(f(*args, **kwargs))
venv/lib/python3.10/site-packages/flask_restx/api.py:402: in wrapper
    resp = resource(*args, **kwargs)
venv/lib/python3.10/site-packages/flask/views.py:110: in view
    return current_app.ensure_sync(self.dispatch_request)(**kwargs)  # type: ignore[no-any-return]
venv/lib/python3.10/site-packages/flask_restx/resource.py:41: in dispatch_request
    resp = meth(*args, **kwargs)
server/security.py:49: in decorated_function
    return func(token=token, *args, **kwargs)
server/security.py:115: in decorated_function
    return func(userid=userid, groups=groups, *args, **kwargs)
server/apis/project.py:181: in post
    response, status_code = react_create_builder(
server/factories/create_factory.py:413: in react_create_builder
    success = create_project(
server/factories/create_factory.py:127: in create_project
    if is_valid_kc_group(group_name, token) is False:
server/utils/permissions.py:56: in is_valid_kc_group
    groups = get_all_kc_groups(token)
_ _ _ _ _ _ _ _ _ _ _ _ _ _ _ _ _ _ _ _ _ _ _ _ _ _ _ _ _ _ _ _ _ _ _ _ _ _ _ _ _ _ _ _ _ _ _ _ _ _ _ _ _ _ _ _ _ _ _ _ _ _ _ _ _ _ _ _ _ _ _ _ _ _ _ _ _ _ _

token = 'eyJhbGciOiJSUzI1NiIsInR5cCIgOiAiSldUIiwia2lkIiA6ICJRUGRBRE9LdzlFVk1hTFFLOGwydFZWcW1WYmhSd1l0WFhhZ19UNWhXOHlJIn0.eyJle...zvd1wo7IxO6ut1v_x0qLc2PBLTuYA2PxYjJSF6KPiWnj-Kvss7L2oYBALcFPE2sJ-SR4GZQDvKueUuDwiRZS_j6rIVIBL8BtKmKD7X6dvhT-jmAUgrmb4Q'

    def get_all_kc_groups(token):
        """
        Get all groups from keycloak
        and check if the group is in the list
        """
        url = f"{cfg['AUTH_BASE_URL']}/admin/realms/{cfg['AUTH_REALM']}/groups"
        headers = {"Authorization": f"Bearer {token}"}
    
        try:
            response = requests.get(  # nosec (for now, should be changed)
                url, headers=headers, verify=False, timeout=10
            )
        except Timeout:
            print("Timeout has been raised.")
    
        # TODO
        # return the error message that the user is not configured
        # correctly. Please contact the keycloak adminstrators to resolve this
    
        # if response.status_code == 403:
        #     raise ServiceUnavailable("Service unavailable")
    
        if response.status_code != 200:
            print("url", url)
            print("headers", headers)
            raise ServiceUnavailable(
                "Keycloak",
                response.text,
                response.reason,
                status_code=response.status_code,
            )
    
        # * if it returns unknown error the admin user is not configured correctly
        # asign the following role to the admin user
        # realm-management -&gt; query-groups
    
        groups = [res["name"] for res in response.json()]
&gt;       groups.remove("admin")
E       ValueError: list.remove(x): x not in list

server/utils/permissions.py:47: ValueError</failure></testcase><testcase classname="test_project.TestProjectAdminMode" name="test_modify_project_dataset_visibility_default" time="0.012"><failure message="ValueError: list.remove(x): x not in list">self = &lt;tests.test_project.TestProjectAdminMode object at 0x7a5995f261d0&gt;, client = &lt;FlaskClient &lt;Flask 'server.app'&gt;&gt;
header_admin = {'Authorization': 'eyJhbGciOiJSUzI1NiIsInR5cCIgOiAiSldUIiwia2lkIiA6ICJRUGRBRE9LdzlFVk1hTFFLOGwydFZWcW1WYmhSd1l0WFhhZ19...FPE2sJ-SR4GZQDvKueUuDwiRZS_j6rIVIBL8BtKmKD7X6dvhT-jmAUgrmb4Q', 'Content-Type': 'application/json', 'groups': ['admin']}
project_fields = [('id', 'str'), ('name', 'str'), ('description', 'str'), ('owners', 'list(str)'), ('datasetVisibilityDefault', 'str'), ('datasetVisibilityChangeable', 'bool'), ...]

    def test_modify_project_dataset_visibility_default(
        self, client, header_admin, project_fields
    ):
    
        field = "dataset_visibility_default"
    
        proj_id = str(uuid.uuid4())
    
&gt;       add_project(
            client,
            header_admin,
            proj_id,
            project_fields,
            projects_create_url_suffix,
        )

tests/test_project.py:1106: 
_ _ _ _ _ _ _ _ _ _ _ _ _ _ _ _ _ _ _ _ _ _ _ _ _ _ _ _ _ _ _ _ _ _ _ _ _ _ _ _ _ _ _ _ _ _ _ _ _ _ _ _ _ _ _ _ _ _ _ _ _ _ _ _ _ _ _ _ _ _ _ _ _ _ _ _ _ _ _
tests/helpers/utils.py:203: in add_project
    res = req_post(client, header, projects_create_url_suffix, [project])
tests/helpers/utils.py:30: in inner_function
    res = func(*args, **kwargs)
tests/helpers/utils.py:46: in req_post
    return client.post(
venv/lib/python3.10/site-packages/werkzeug/test.py:1165: in post
    return self.open(*args, **kw)
venv/lib/python3.10/site-packages/flask/testing.py:235: in open
    response = super().open(
venv/lib/python3.10/site-packages/werkzeug/test.py:1114: in open
    response = self.run_wsgi_app(request.environ, buffered=buffered)
venv/lib/python3.10/site-packages/werkzeug/test.py:986: in run_wsgi_app
    rv = run_wsgi_app(self.application, environ, buffered=buffered)
venv/lib/python3.10/site-packages/werkzeug/test.py:1262: in run_wsgi_app
    app_rv = app(environ, start_response)
venv/lib/python3.10/site-packages/flask/app.py:1488: in __call__
    return self.wsgi_app(environ, start_response)
venv/lib/python3.10/site-packages/flask/app.py:1466: in wsgi_app
    response = self.handle_exception(e)
venv/lib/python3.10/site-packages/flask_cors/extension.py:165: in wrapped_function
    return cors_after_request(app.make_response(f(*args, **kwargs)))
venv/lib/python3.10/site-packages/flask_restx/api.py:671: in error_router
    return original_handler(f)
venv/lib/python3.10/site-packages/flask_restx/api.py:669: in error_router
    return self.handle_error(e)
venv/lib/python3.10/site-packages/flask/app.py:1463: in wsgi_app
    response = self.full_dispatch_request()
venv/lib/python3.10/site-packages/flask/app.py:872: in full_dispatch_request
    rv = self.handle_user_exception(e)
venv/lib/python3.10/site-packages/flask_cors/extension.py:165: in wrapped_function
    return cors_after_request(app.make_response(f(*args, **kwargs)))
venv/lib/python3.10/site-packages/flask_restx/api.py:671: in error_router
    return original_handler(f)
venv/lib/python3.10/site-packages/flask_restx/api.py:669: in error_router
    return self.handle_error(e)
venv/lib/python3.10/site-packages/flask/app.py:870: in full_dispatch_request
    rv = self.dispatch_request()
venv/lib/python3.10/site-packages/flask/app.py:855: in dispatch_request
    return self.ensure_sync(self.view_functions[rule.endpoint])(**view_args)  # type: ignore[no-any-return]
venv/lib/python3.10/site-packages/flask_cors/decorator.py:128: in wrapped_function
    resp = make_response(f(*args, **kwargs))
venv/lib/python3.10/site-packages/flask_restx/api.py:402: in wrapper
    resp = resource(*args, **kwargs)
venv/lib/python3.10/site-packages/flask/views.py:110: in view
    return current_app.ensure_sync(self.dispatch_request)(**kwargs)  # type: ignore[no-any-return]
venv/lib/python3.10/site-packages/flask_restx/resource.py:41: in dispatch_request
    resp = meth(*args, **kwargs)
server/security.py:49: in decorated_function
    return func(token=token, *args, **kwargs)
server/security.py:115: in decorated_function
    return func(userid=userid, groups=groups, *args, **kwargs)
server/apis/project.py:181: in post
    response, status_code = react_create_builder(
server/factories/create_factory.py:413: in react_create_builder
    success = create_project(
server/factories/create_factory.py:127: in create_project
    if is_valid_kc_group(group_name, token) is False:
server/utils/permissions.py:56: in is_valid_kc_group
    groups = get_all_kc_groups(token)
_ _ _ _ _ _ _ _ _ _ _ _ _ _ _ _ _ _ _ _ _ _ _ _ _ _ _ _ _ _ _ _ _ _ _ _ _ _ _ _ _ _ _ _ _ _ _ _ _ _ _ _ _ _ _ _ _ _ _ _ _ _ _ _ _ _ _ _ _ _ _ _ _ _ _ _ _ _ _

token = 'eyJhbGciOiJSUzI1NiIsInR5cCIgOiAiSldUIiwia2lkIiA6ICJRUGRBRE9LdzlFVk1hTFFLOGwydFZWcW1WYmhSd1l0WFhhZ19UNWhXOHlJIn0.eyJle...zvd1wo7IxO6ut1v_x0qLc2PBLTuYA2PxYjJSF6KPiWnj-Kvss7L2oYBALcFPE2sJ-SR4GZQDvKueUuDwiRZS_j6rIVIBL8BtKmKD7X6dvhT-jmAUgrmb4Q'

    def get_all_kc_groups(token):
        """
        Get all groups from keycloak
        and check if the group is in the list
        """
        url = f"{cfg['AUTH_BASE_URL']}/admin/realms/{cfg['AUTH_REALM']}/groups"
        headers = {"Authorization": f"Bearer {token}"}
    
        try:
            response = requests.get(  # nosec (for now, should be changed)
                url, headers=headers, verify=False, timeout=10
            )
        except Timeout:
            print("Timeout has been raised.")
    
        # TODO
        # return the error message that the user is not configured
        # correctly. Please contact the keycloak adminstrators to resolve this
    
        # if response.status_code == 403:
        #     raise ServiceUnavailable("Service unavailable")
    
        if response.status_code != 200:
            print("url", url)
            print("headers", headers)
            raise ServiceUnavailable(
                "Keycloak",
                response.text,
                response.reason,
                status_code=response.status_code,
            )
    
        # * if it returns unknown error the admin user is not configured correctly
        # asign the following role to the admin user
        # realm-management -&gt; query-groups
    
        groups = [res["name"] for res in response.json()]
&gt;       groups.remove("admin")
E       ValueError: list.remove(x): x not in list

server/utils/permissions.py:47: ValueError</failure></testcase><testcase classname="test_project.TestProjectAdminMode" name="test_modify_project_dataset_visibility_default_wrong_enum" time="0.045"><failure message="ValueError: list.remove(x): x not in list">self = &lt;tests.test_project.TestProjectAdminMode object at 0x7a59962a6bc0&gt;, client = &lt;FlaskClient &lt;Flask 'server.app'&gt;&gt;
header_admin = {'Authorization': 'eyJhbGciOiJSUzI1NiIsInR5cCIgOiAiSldUIiwia2lkIiA6ICJRUGRBRE9LdzlFVk1hTFFLOGwydFZWcW1WYmhSd1l0WFhhZ19...FPE2sJ-SR4GZQDvKueUuDwiRZS_j6rIVIBL8BtKmKD7X6dvhT-jmAUgrmb4Q', 'Content-Type': 'application/json', 'groups': ['admin']}
project_fields = [('id', 'str'), ('name', 'str'), ('description', 'str'), ('owners', 'list(str)'), ('datasetVisibilityDefault', 'str'), ('datasetVisibilityChangeable', 'bool'), ...]

    def test_modify_project_dataset_visibility_default_wrong_enum(
        self, client, header_admin, project_fields
    ):
    
        proj_id = str(uuid.uuid4())
    
&gt;       add_project(
            client,
            header_admin,
            proj_id,
            project_fields,
            projects_create_url_suffix,
        )

tests/test_project.py:1155: 
_ _ _ _ _ _ _ _ _ _ _ _ _ _ _ _ _ _ _ _ _ _ _ _ _ _ _ _ _ _ _ _ _ _ _ _ _ _ _ _ _ _ _ _ _ _ _ _ _ _ _ _ _ _ _ _ _ _ _ _ _ _ _ _ _ _ _ _ _ _ _ _ _ _ _ _ _ _ _
tests/helpers/utils.py:203: in add_project
    res = req_post(client, header, projects_create_url_suffix, [project])
tests/helpers/utils.py:30: in inner_function
    res = func(*args, **kwargs)
tests/helpers/utils.py:46: in req_post
    return client.post(
venv/lib/python3.10/site-packages/werkzeug/test.py:1165: in post
    return self.open(*args, **kw)
venv/lib/python3.10/site-packages/flask/testing.py:235: in open
    response = super().open(
venv/lib/python3.10/site-packages/werkzeug/test.py:1114: in open
    response = self.run_wsgi_app(request.environ, buffered=buffered)
venv/lib/python3.10/site-packages/werkzeug/test.py:986: in run_wsgi_app
    rv = run_wsgi_app(self.application, environ, buffered=buffered)
venv/lib/python3.10/site-packages/werkzeug/test.py:1262: in run_wsgi_app
    app_rv = app(environ, start_response)
venv/lib/python3.10/site-packages/flask/app.py:1488: in __call__
    return self.wsgi_app(environ, start_response)
venv/lib/python3.10/site-packages/flask/app.py:1466: in wsgi_app
    response = self.handle_exception(e)
venv/lib/python3.10/site-packages/flask_cors/extension.py:165: in wrapped_function
    return cors_after_request(app.make_response(f(*args, **kwargs)))
venv/lib/python3.10/site-packages/flask_restx/api.py:671: in error_router
    return original_handler(f)
venv/lib/python3.10/site-packages/flask_restx/api.py:669: in error_router
    return self.handle_error(e)
venv/lib/python3.10/site-packages/flask/app.py:1463: in wsgi_app
    response = self.full_dispatch_request()
venv/lib/python3.10/site-packages/flask/app.py:872: in full_dispatch_request
    rv = self.handle_user_exception(e)
venv/lib/python3.10/site-packages/flask_cors/extension.py:165: in wrapped_function
    return cors_after_request(app.make_response(f(*args, **kwargs)))
venv/lib/python3.10/site-packages/flask_restx/api.py:671: in error_router
    return original_handler(f)
venv/lib/python3.10/site-packages/flask_restx/api.py:669: in error_router
    return self.handle_error(e)
venv/lib/python3.10/site-packages/flask/app.py:870: in full_dispatch_request
    rv = self.dispatch_request()
venv/lib/python3.10/site-packages/flask/app.py:855: in dispatch_request
    return self.ensure_sync(self.view_functions[rule.endpoint])(**view_args)  # type: ignore[no-any-return]
venv/lib/python3.10/site-packages/flask_cors/decorator.py:128: in wrapped_function
    resp = make_response(f(*args, **kwargs))
venv/lib/python3.10/site-packages/flask_restx/api.py:402: in wrapper
    resp = resource(*args, **kwargs)
venv/lib/python3.10/site-packages/flask/views.py:110: in view
    return current_app.ensure_sync(self.dispatch_request)(**kwargs)  # type: ignore[no-any-return]
venv/lib/python3.10/site-packages/flask_restx/resource.py:41: in dispatch_request
    resp = meth(*args, **kwargs)
server/security.py:49: in decorated_function
    return func(token=token, *args, **kwargs)
server/security.py:115: in decorated_function
    return func(userid=userid, groups=groups, *args, **kwargs)
server/apis/project.py:181: in post
    response, status_code = react_create_builder(
server/factories/create_factory.py:413: in react_create_builder
    success = create_project(
server/factories/create_factory.py:127: in create_project
    if is_valid_kc_group(group_name, token) is False:
server/utils/permissions.py:56: in is_valid_kc_group
    groups = get_all_kc_groups(token)
_ _ _ _ _ _ _ _ _ _ _ _ _ _ _ _ _ _ _ _ _ _ _ _ _ _ _ _ _ _ _ _ _ _ _ _ _ _ _ _ _ _ _ _ _ _ _ _ _ _ _ _ _ _ _ _ _ _ _ _ _ _ _ _ _ _ _ _ _ _ _ _ _ _ _ _ _ _ _

token = 'eyJhbGciOiJSUzI1NiIsInR5cCIgOiAiSldUIiwia2lkIiA6ICJRUGRBRE9LdzlFVk1hTFFLOGwydFZWcW1WYmhSd1l0WFhhZ19UNWhXOHlJIn0.eyJle...zvd1wo7IxO6ut1v_x0qLc2PBLTuYA2PxYjJSF6KPiWnj-Kvss7L2oYBALcFPE2sJ-SR4GZQDvKueUuDwiRZS_j6rIVIBL8BtKmKD7X6dvhT-jmAUgrmb4Q'

    def get_all_kc_groups(token):
        """
        Get all groups from keycloak
        and check if the group is in the list
        """
        url = f"{cfg['AUTH_BASE_URL']}/admin/realms/{cfg['AUTH_REALM']}/groups"
        headers = {"Authorization": f"Bearer {token}"}
    
        try:
            response = requests.get(  # nosec (for now, should be changed)
                url, headers=headers, verify=False, timeout=10
            )
        except Timeout:
            print("Timeout has been raised.")
    
        # TODO
        # return the error message that the user is not configured
        # correctly. Please contact the keycloak adminstrators to resolve this
    
        # if response.status_code == 403:
        #     raise ServiceUnavailable("Service unavailable")
    
        if response.status_code != 200:
            print("url", url)
            print("headers", headers)
            raise ServiceUnavailable(
                "Keycloak",
                response.text,
                response.reason,
                status_code=response.status_code,
            )
    
        # * if it returns unknown error the admin user is not configured correctly
        # asign the following role to the admin user
        # realm-management -&gt; query-groups
    
        groups = [res["name"] for res in response.json()]
&gt;       groups.remove("admin")
E       ValueError: list.remove(x): x not in list

server/utils/permissions.py:47: ValueError</failure></testcase><testcase classname="test_template.TestTemplateClass" name="test_template_project" time="0.272" /><testcase classname="test_template.TestTemplateClass" name="test_template_project_not_admin" time="0.218" /><testcase classname="test_template.TestTemplateClass" name="test_template_dataset" time="0.005" /><testcase classname="test_template.TestTemplateClass" name="test_template_file" time="0.006" /><testcase classname="test_template.TestTemplateClass" name="test_template_arg_not_allowed" time="0.006" /><testcase classname="test_template.TestTemplateClass" name="test_template_post_not_allowed" time="0.005"><failure message="assert 405 == 404&#10; +  where 404 = &lt;WrapperTestResponse streamed [404 NOT FOUND]&gt;.status_code">self = &lt;tests.test_template.TestTemplateClass object at 0x7a59964ea020&gt;, client = &lt;FlaskClient &lt;Flask 'server.app'&gt;&gt;
header = {'Authorization': 'eyJhbGciOiJSUzI1NiIsInR5cCIgOiAiSldUIiwia2lkIiA6ICJRUGRBRE9LdzlFVk1hTFFLOGwydFZWcW1WYmhSd1l0WFhhZ19...Rz4Tsk_S5znGrvp6_034SPSPfATzhqyQBrCQgIpGdrDUDO41OHJblz06bVqguA', 'Content-Type': 'application/json', 'groups': ['3tr']}

    def test_template_post_not_allowed(self, client, header):
    
        res = req_post(
            client,
            header,
            "template",
            {"id": "test"},
        )
&gt;       assert 405 == res.status_code
E       assert 405 == 404
E        +  where 404 = &lt;WrapperTestResponse streamed [404 NOT FOUND]&gt;.status_code

tests/test_template.py:102: AssertionError</failure></testcase><testcase classname="test_template.TestTemplateClass" name="test_template_put_not_allowed" time="0.006"><failure message="assert 405 == 404&#10; +  where 404 = &lt;WrapperTestResponse streamed [404 NOT FOUND]&gt;.status_code">self = &lt;tests.test_template.TestTemplateClass object at 0x7a5996359930&gt;, client = &lt;FlaskClient &lt;Flask 'server.app'&gt;&gt;
header = {'Authorization': 'eyJhbGciOiJSUzI1NiIsInR5cCIgOiAiSldUIiwia2lkIiA6ICJRUGRBRE9LdzlFVk1hTFFLOGwydFZWcW1WYmhSd1l0WFhhZ19...Rz4Tsk_S5znGrvp6_034SPSPfATzhqyQBrCQgIpGdrDUDO41OHJblz06bVqguA', 'Content-Type': 'application/json', 'groups': ['3tr']}

    def test_template_put_not_allowed(self, client, header):
    
        res = req_put(
            client,
            header,
            "template?arg",
            ["dataset=test", "group=test"],
        )
    
&gt;       assert 405 == res.status_code
E       assert 405 == 404
E        +  where 404 = &lt;WrapperTestResponse streamed [404 NOT FOUND]&gt;.status_code

tests/test_template.py:114: AssertionError</failure></testcase><testcase classname="test_template.TestTemplateClass" name="test_template_del_not_allowed" time="0.032"><failure message="assert 405 == 404&#10; +  where 404 = &lt;WrapperTestResponse streamed [404 NOT FOUND]&gt;.status_code">self = &lt;tests.test_template.TestTemplateClass object at 0x7a59964ea590&gt;, client = &lt;FlaskClient &lt;Flask 'server.app'&gt;&gt;
header = {'Authorization': 'eyJhbGciOiJSUzI1NiIsInR5cCIgOiAiSldUIiwia2lkIiA6ICJRUGRBRE9LdzlFVk1hTFFLOGwydFZWcW1WYmhSd1l0WFhhZ19...Rz4Tsk_S5znGrvp6_034SPSPfATzhqyQBrCQgIpGdrDUDO41OHJblz06bVqguA', 'Content-Type': 'application/json', 'groups': ['3tr']}

    def test_template_del_not_allowed(self, client, header):
    
        res = req_del(
            client,
            header,
            "template",
            {"id": "test"},
        )
&gt;       assert 405 == res.status_code
E       assert 405 == 404
E        +  where 404 = &lt;WrapperTestResponse streamed [404 NOT FOUND]&gt;.status_code

tests/test_template.py:125: AssertionError</failure></testcase></testsuite></testsuites>