<?xml version="1.0" encoding="UTF-8"?>
<coverage generated="1623918014536" clover="3.2.0">
  <project timestamp="1623918014536" name="All files">
    <metrics statements="22" coveredstatements="20" conditionals="7" coveredconditionals="3" methods="10" coveredmethods="5" elements="39" coveredelements="28" complexity="0" loc="22" ncloc="22" packages="4" files="6" classes="6"/>
    <package name="__mocks__">
      <metrics statements="1" coveredstatements="1" conditionals="0" coveredconditionals="0" methods="0" coveredmethods="0"/>
      <file name="fileMock.js" path="/home/ivo/projects/bioinfo/cnag/repos/3TR-client/src/__mocks__/fileMock.js">
        <metrics statements="1" coveredstatements="1" conditionals="0" coveredconditionals="0" methods="0" coveredmethods="0"/>
        <line num="1" count="1" type="stmt"/>
      </file>
    </package>
    <package name="code">
      <metrics statements="2" coveredstatements="2" conditionals="0" coveredconditionals="0" methods="2" coveredmethods="2"/>
      <file name="Management.js" path="/home/ivo/projects/bioinfo/cnag/repos/3TR-client/src/code/Management.js">
        <metrics statements="1" coveredstatements="1" conditionals="0" coveredconditionals="0" methods="1" coveredmethods="1"/>
        <line num="10" count="2" type="stmt"/>
      </file>
      <file name="Submission.js" path="/home/ivo/projects/bioinfo/cnag/repos/3TR-client/src/code/Submission.js">
        <metrics statements="1" coveredstatements="1" conditionals="0" coveredconditionals="0" methods="1" coveredmethods="1"/>
        <line num="9" count="2" type="stmt"/>
      </file>
    </package>
    <package name="gpap-lib">
      <metrics statements="5" coveredstatements="5" conditionals="0" coveredconditionals="0" methods="5" coveredmethods="1"/>
      <file name="Button_Collection.js" path="/home/ivo/projects/bioinfo/cnag/repos/3TR-client/src/gpap-lib/Button_Collection.js">
        <metrics statements="5" coveredstatements="5" conditionals="0" coveredconditionals="0" methods="5" coveredmethods="1"/>
        <line num="8" count="1" type="stmt"/>
        <line num="19" count="1" type="stmt"/>
        <line num="29" count="1" type="stmt"/>
        <line num="39" count="1" type="stmt"/>
        <line num="50" count="1" type="stmt"/>
      </file>
    </package>
    <package name="gpap-lib.StartCard">
      <metrics statements="14" coveredstatements="12" conditionals="7" coveredconditionals="3" methods="3" coveredmethods="2"/>
      <file name="StartCard.js" path="/home/ivo/projects/bioinfo/cnag/repos/3TR-client/src/gpap-lib/StartCard/StartCard.js">
        <metrics statements="12" coveredstatements="10" conditionals="7" coveredconditionals="3" methods="3" coveredmethods="2"/>
        <line num="24" count="5" type="stmt"/>
        <line num="59" count="4" type="cond" truecount="2" falsecount="3"/>
        <line num="61" count="0" type="stmt"/>
        <line num="63" count="2" type="stmt"/>
        <line num="65" count="4" type="stmt"/>
        <line num="67" count="2" type="stmt"/>
        <line num="71" count="2" type="stmt"/>
        <line num="84" count="2" type="stmt"/>
        <line num="86" count="4" type="stmt"/>
        <line num="88" count="2" type="stmt"/>
        <line num="90" count="0" type="stmt"/>
        <line num="93" count="2" type="stmt"/>
      </file>
      <file name="card_config.js" path="/home/ivo/projects/bioinfo/cnag/repos/3TR-client/src/gpap-lib/StartCard/card_config.js">
        <metrics statements="2" coveredstatements="2" conditionals="0" coveredconditionals="0" methods="0" coveredmethods="0"/>
        <line num="2" count="1" type="stmt"/>
        <line num="17" count="1" type="stmt"/>
      </file>
    </package>
  </project>
</coverage>
