TN:
SF:src/__mocks__/fileMock.js
FNF:0
FNH:0
DA:1,1
LF:1
LH:1
BRF:0
BRH:0
end_of_record
TN:
SF:src/code/Management.js
FN:9,(anonymous_0)
FNF:1
FNH:1
FNDA:2,(anonymous_0)
DA:10,2
LF:1
LH:1
BRF:0
BRH:0
end_of_record
TN:
SF:src/code/Submission.js
FN:8,(anonymous_0)
FNF:1
FNH:1
FNDA:2,(anonymous_0)
DA:9,2
LF:1
LH:1
BRF:0
BRH:0
end_of_record
TN:
SF:src/gpap-lib/Button_Collection.js
FN:8,(anonymous_0)
FN:19,(anonymous_1)
FN:29,(anonymous_2)
FN:39,(anonymous_3)
FN:50,(anonymous_4)
FNF:5
FNH:1
FNDA:0,(anonymous_0)
FNDA:2,(anonymous_1)
FNDA:0,(anonymous_2)
FNDA:0,(anonymous_3)
FNDA:0,(anonymous_4)
DA:8,1
DA:19,1
DA:29,1
DA:39,1
DA:50,1
LF:5
LH:5
BRF:0
BRH:0
end_of_record
TN:
SF:src/gpap-lib/StartCard/StartCard.js
FN:56,getImage
FN:82,StartCard
FN:88,(anonymous_2)
FNF:3
FNH:2
FNDA:8,getImage
FNDA:4,StartCard
FNDA:0,(anonymous_2)
DA:24,5
DA:59,4
DA:61,0
DA:63,2
DA:65,4
DA:67,2
DA:71,2
DA:84,2
DA:86,4
DA:88,2
DA:90,0
DA:93,2
LF:12
LH:10
BRDA:59,0,0,0
BRDA:59,0,1,0
BRDA:59,0,2,4
BRDA:59,0,3,4
BRDA:59,0,4,0
BRDA:99,1,0,4
BRDA:99,1,1,0
BRF:7
BRH:3
end_of_record
TN:
SF:src/gpap-lib/StartCard/card_config.js
FNF:0
FNH:0
DA:2,1
DA:17,1
LF:2
LH:2
BRF:0
BRH:0
end_of_record
