{"/home/ivo/projects/bioinfo/cnag/repos/3TR-client/src/__mocks__/fileMock.js": {"path":"/home/ivo/projects/bioinfo/cnag/repos/3TR-client/src/__mocks__/fileMock.js","statementMap":{"0":{"start":{"line":1,"column":0},"end":{"line":1,"column":34}}},"fnMap":{},"branchMap":{},"s":{"0":1},"f":{},"b":{},"_coverageSchema":"1a1c01bbd47fc00a2c39e90264f33305004495a9","hash":"de21b86b9f25bb75d8e501ae06378b82cc2414da"}
,"/home/ivo/projects/bioinfo/cnag/repos/3TR-client/src/code/Management.js": {"path":"/home/ivo/projects/bioinfo/cnag/repos/3TR-client/src/code/Management.js","statementMap":{"0":{"start":{"line":10,"column":4},"end":{"line":88,"column":6}}},"fnMap":{"0":{"name":"(anonymous_0)","decl":{"start":{"line":9,"column":2},"end":{"line":9,"column":3}},"loc":{"start":{"line":9,"column":11},"end":{"line":89,"column":3}},"line":9}},"branchMap":{},"s":{"0":2},"f":{"0":2},"b":{},"_coverageSchema":"1a1c01bbd47fc00a2c39e90264f33305004495a9","hash":"724c183d4902f8f52d0f04956a86e69239b70689"}
,"/home/ivo/projects/bioinfo/cnag/repos/3TR-client/src/code/Submission.js": {"path":"/home/ivo/projects/bioinfo/cnag/repos/3TR-client/src/code/Submission.js","statementMap":{"0":{"start":{"line":9,"column":4},"end":{"line":25,"column":6}}},"fnMap":{"0":{"name":"(anonymous_0)","decl":{"start":{"line":8,"column":2},"end":{"line":8,"column":3}},"loc":{"start":{"line":8,"column":11},"end":{"line":26,"column":3}},"line":8}},"branchMap":{},"s":{"0":2},"f":{"0":2},"b":{},"_coverageSchema":"1a1c01bbd47fc00a2c39e90264f33305004495a9","hash":"2c3acfe858c32a477341f56a3ce99ffc8cd98111"}
,"/home/ivo/projects/bioinfo/cnag/repos/3TR-client/src/gpap-lib/Button_Collection.js": {"path":"/home/ivo/projects/bioinfo/cnag/repos/3TR-client/src/gpap-lib/Button_Collection.js","statementMap":{"0":{"start":{"line":8,"column":21},"end":{"line":16,"column":11}},"1":{"start":{"line":8,"column":44},"end":{"line":16,"column":1}},"2":{"start":{"line":19,"column":21},"end":{"line":27,"column":11}},"3":{"start":{"line":19,"column":44},"end":{"line":27,"column":1}},"4":{"start":{"line":29,"column":27},"end":{"line":37,"column":11}},"5":{"start":{"line":29,"column":50},"end":{"line":37,"column":1}},"6":{"start":{"line":39,"column":28},"end":{"line":48,"column":11}},"7":{"start":{"line":39,"column":51},"end":{"line":48,"column":1}},"8":{"start":{"line":50,"column":25},"end":{"line":54,"column":11}},"9":{"start":{"line":50,"column":48},"end":{"line":54,"column":1}}},"fnMap":{"0":{"name":"(anonymous_0)","decl":{"start":{"line":8,"column":32},"end":{"line":8,"column":33}},"loc":{"start":{"line":8,"column":44},"end":{"line":16,"column":1}},"line":8},"1":{"name":"(anonymous_1)","decl":{"start":{"line":19,"column":32},"end":{"line":19,"column":33}},"loc":{"start":{"line":19,"column":44},"end":{"line":27,"column":1}},"line":19},"2":{"name":"(anonymous_2)","decl":{"start":{"line":29,"column":38},"end":{"line":29,"column":39}},"loc":{"start":{"line":29,"column":50},"end":{"line":37,"column":1}},"line":29},"3":{"name":"(anonymous_3)","decl":{"start":{"line":39,"column":39},"end":{"line":39,"column":40}},"loc":{"start":{"line":39,"column":51},"end":{"line":48,"column":1}},"line":39},"4":{"name":"(anonymous_4)","decl":{"start":{"line":50,"column":36},"end":{"line":50,"column":37}},"loc":{"start":{"line":50,"column":48},"end":{"line":54,"column":1}},"line":50}},"branchMap":{},"s":{"0":1,"1":1,"2":1,"3":1,"4":1,"5":0,"6":1,"7":0,"8":1,"9":0},"f":{"0":0,"1":2,"2":0,"3":0,"4":0},"b":{},"_coverageSchema":"1a1c01bbd47fc00a2c39e90264f33305004495a9","hash":"aa6ffa762a969fbd859343d36af8c3e229b44883"}
,"/home/ivo/projects/bioinfo/cnag/repos/3TR-client/src/gpap-lib/StartCard/StartCard.js": {"path":"/home/ivo/projects/bioinfo/cnag/repos/3TR-client/src/gpap-lib/StartCard/StartCard.js","statementMap":{"0":{"start":{"line":24,"column":18},"end":{"line":36,"column":2}},"1":{"start":{"line":59,"column":4},"end":{"line":73,"column":5}},"2":{"start":{"line":61,"column":12},"end":{"line":61,"column":34}},"3":{"start":{"line":63,"column":12},"end":{"line":63,"column":34}},"4":{"start":{"line":65,"column":12},"end":{"line":65,"column":34}},"5":{"start":{"line":67,"column":12},"end":{"line":67,"column":29}},"6":{"start":{"line":71,"column":12},"end":{"line":71,"column":23}},"7":{"start":{"line":84,"column":20},"end":{"line":84,"column":31}},"8":{"start":{"line":86,"column":38},"end":{"line":86,"column":48}},"9":{"start":{"line":88,"column":24},"end":{"line":91,"column":5}},"10":{"start":{"line":90,"column":8},"end":{"line":90,"column":36}},"11":{"start":{"line":93,"column":4},"end":{"line":122,"column":6}}},"fnMap":{"0":{"name":"getImage","decl":{"start":{"line":56,"column":9},"end":{"line":56,"column":17}},"loc":{"start":{"line":56,"column":24},"end":{"line":76,"column":1}},"line":56},"1":{"name":"StartCard","decl":{"start":{"line":82,"column":24},"end":{"line":82,"column":33}},"loc":{"start":{"line":82,"column":41},"end":{"line":123,"column":1}},"line":82},"2":{"name":"(anonymous_2)","decl":{"start":{"line":88,"column":24},"end":{"line":88,"column":25}},"loc":{"start":{"line":89,"column":4},"end":{"line":91,"column":5}},"line":89}},"branchMap":{"0":{"loc":{"start":{"line":59,"column":4},"end":{"line":73,"column":5}},"type":"switch","locations":[{"start":{"line":60,"column":8},"end":{"line":61,"column":34}},{"start":{"line":62,"column":8},"end":{"line":63,"column":34}},{"start":{"line":64,"column":8},"end":{"line":65,"column":34}},{"start":{"line":66,"column":8},"end":{"line":67,"column":29}},{"start":{"line":70,"column":8},"end":{"line":71,"column":23}}],"line":59},"1":{"loc":{"start":{"line":99,"column":17},"end":{"line":108,"column":22}},"type":"cond-expr","locations":[{"start":{"line":100,"column":16},"end":{"line":107,"column":18}},{"start":{"line":108,"column":18},"end":{"line":108,"column":22}}],"line":99}},"s":{"0":5,"1":4,"2":0,"3":2,"4":4,"5":2,"6":2,"7":2,"8":4,"9":2,"10":0,"11":2},"f":{"0":8,"1":4,"2":0},"b":{"0":[0,0,4,4,0],"1":[4,0]},"_coverageSchema":"1a1c01bbd47fc00a2c39e90264f33305004495a9","hash":"654c77d21fc3b103afb8b7061778292df75b86d6"}
,"/home/ivo/projects/bioinfo/cnag/repos/3TR-client/src/gpap-lib/StartCard/card_config.js": {"path":"/home/ivo/projects/bioinfo/cnag/repos/3TR-client/src/gpap-lib/StartCard/card_config.js","statementMap":{"0":{"start":{"line":2,"column":18},"end":{"line":13,"column":5}},"1":{"start":{"line":17,"column":32},"end":{"line":28,"column":1}}},"fnMap":{},"branchMap":{},"s":{"0":1,"1":1},"f":{},"b":{},"_coverageSchema":"1a1c01bbd47fc00a2c39e90264f33305004495a9","hash":"8f2c0fa475a24993a02a8153652a93df3bcf3a52"}
}
